2024-11-14 00:17:55,902 [ERROR] LogOutputStream:75 - [STDERR_REDIRECT] 
2024-11-14 00:23:46,677 [INFO] Activator:176 - 


2024-11-14 00:23:46,678 [INFO] Activator:177 - !SESSION log4j initialized
2024-11-14 00:23:51,043 [INFO] LogOutputStream:77 - [STDOUT_REDIRECT] 
2024-11-14 00:23:51,840 [INFO] ApplicationProperties:184 - Using Application install path: C:\ST\STM32CubeIDE_1.16.1\STM32CubeIDE\plugins\com.st.stm32cube.common.mx_6.12.1.202409122256
2024-11-14 00:23:51,854 [INFO] DbMcusXml:78 - Set database path to: C:\ST\STM32CubeIDE_1.16.1\STM32CubeIDE\plugins\com.st.stm32cube.common.mx_6.12.1.202409122256\\db\/mcu/
2024-11-14 00:23:51,854 [INFO] ApiDb:274 - Set plugin database path to: C:\ST\STM32CubeIDE_1.16.1\STM32CubeIDE\plugins\com.st.stm32cube.common.mx_6.12.1.202409122256\\db\/plugins/boardmanager/
2024-11-14 00:23:51,855 [WARN] ApiDb:259 - Overriding images path with different value:  => C:\ST\STM32CubeIDE_1.16.1\STM32CubeIDE\plugins\com.st.stm32cube.common.mx_6.12.1.202409122256\\db\/plugins/mcufinder/images/
2024-11-14 00:23:51,859 [INFO] ApiDb:250 - Set database path to: C:\Users\adina\.stmcufinder\plugins\mcufinder//mcu/
2024-11-14 00:23:51,860 [INFO] DbMcusAds:125 - Set database path to: C:\Users\adina\.stmcufinder\plugins\mcufinder//mcu/
2024-11-14 00:23:51,862 [INFO] CrossReferenceDbSqlite:203 - Set database path to: C:\Users\adina\.stmcufinder\plugins\mcufinder//mcu/cs/
2024-11-14 00:23:51,943 [INFO] RulesReader:64 - Compatibility file has been processed (297 Rules)
2024-11-14 00:23:52,005 [INFO] DbMcusXml:78 - Set database path to: C:\ST\STM32CubeIDE_1.16.1\STM32CubeIDE\plugins\com.st.stm32cube.common.mx_6.12.1.202409122256\\db\/mcu/
2024-11-14 00:23:52,005 [INFO] ApiDb:274 - Set plugin database path to: C:\ST\STM32CubeIDE_1.16.1\STM32CubeIDE\plugins\com.st.stm32cube.common.mx_6.12.1.202409122256\\db\/plugins/boardmanager/
2024-11-14 00:23:52,005 [INFO] ApiDb:261 - Set plugin images path to: C:\ST\STM32CubeIDE_1.16.1\STM32CubeIDE\plugins\com.st.stm32cube.common.mx_6.12.1.202409122256\\db\/plugins/mcufinder/images/
2024-11-14 00:23:52,005 [WARN] DbFile:41 - Overriding database path with different value: C:\Users\adina\.stmcufinder\plugins\mcufinder/ => C:\Users\adina\.stmcufinder\plugins\mcufinder
2024-11-14 00:23:52,005 [INFO] ApiDb:250 - Set database path to: C:\Users\adina\.stmcufinder\plugins\mcufinder//mcu/
2024-11-14 00:23:52,005 [WARN] DbFile:41 - Overriding database path with different value: C:\Users\adina\.stmcufinder\plugins\mcufinder/ => C:\Users\adina\.stmcufinder\plugins\mcufinder
2024-11-14 00:23:52,005 [INFO] DbMcusAds:125 - Set database path to: C:\Users\adina\.stmcufinder\plugins\mcufinder//mcu/
2024-11-14 00:23:52,006 [WARN] DbFile:41 - Overriding database path with different value: C:\Users\adina\.stmcufinder\plugins\mcufinder/ => C:\Users\adina\.stmcufinder\plugins\mcufinder
2024-11-14 00:23:52,006 [WARN] DbFile:41 - Overriding database path with different value: C:\Users\adina\.stmcufinder\plugins\mcufinder/ => C:\Users\adina\.stmcufinder\plugins\mcufinder
2024-11-14 00:23:52,006 [INFO] CrossReferenceDbSqlite:203 - Set database path to: C:\Users\adina\.stmcufinder\plugins\mcufinder//mcu/cs/
2024-11-14 00:23:52,078 [INFO] MainPanel:268 - HeapMemory: 268435456
2024-11-14 00:23:52,173 [INFO] DbMcusXml:78 - Set database path to: C:\ST\STM32CubeIDE_1.16.1\STM32CubeIDE\plugins\com.st.stm32cube.common.mx_6.12.1.202409122256\\db\/mcu/
2024-11-14 00:23:52,173 [INFO] ApiDb:274 - Set plugin database path to: C:\ST\STM32CubeIDE_1.16.1\STM32CubeIDE\plugins\com.st.stm32cube.common.mx_6.12.1.202409122256\\db\/plugins/boardmanager/
2024-11-14 00:23:52,173 [INFO] ApiDb:261 - Set plugin images path to: C:\ST\STM32CubeIDE_1.16.1\STM32CubeIDE\plugins\com.st.stm32cube.common.mx_6.12.1.202409122256\\db\/plugins/mcufinder/images/
2024-11-14 00:23:52,173 [WARN] DbFile:41 - Overriding database path with different value: C:\Users\adina\.stmcufinder\plugins\mcufinder/ => C:\Users\adina\.stmcufinder\plugins\mcufinder
2024-11-14 00:23:52,173 [INFO] ApiDb:250 - Set database path to: C:\Users\adina\.stmcufinder\plugins\mcufinder//mcu/
2024-11-14 00:23:52,173 [WARN] DbFile:41 - Overriding database path with different value: C:\Users\adina\.stmcufinder\plugins\mcufinder/ => C:\Users\adina\.stmcufinder\plugins\mcufinder
2024-11-14 00:23:52,173 [INFO] DbMcusAds:125 - Set database path to: C:\Users\adina\.stmcufinder\plugins\mcufinder//mcu/
2024-11-14 00:23:52,173 [WARN] DbFile:41 - Overriding database path with different value: C:\Users\adina\.stmcufinder\plugins\mcufinder/ => C:\Users\adina\.stmcufinder\plugins\mcufinder
2024-11-14 00:23:52,173 [WARN] DbFile:41 - Overriding database path with different value: C:\Users\adina\.stmcufinder\plugins\mcufinder/ => C:\Users\adina\.stmcufinder\plugins\mcufinder
2024-11-14 00:23:52,174 [INFO] CrossReferenceDbSqlite:203 - Set database path to: C:\Users\adina\.stmcufinder\plugins\mcufinder//mcu/cs/
2024-11-14 00:23:52,189 [INFO] ApplicationProperties:184 - Using Application install path: C:\ST\STM32CubeIDE_1.16.1\STM32CubeIDE\plugins\com.st.stm32cube.common.mx_6.12.1.202409122256
2024-11-14 00:23:52,191 [INFO] PluginManage:196 - Search for loadable plugins [exclusion list=, ]
2024-11-14 00:23:52,191 [INFO] PluginManage:310 - Check plugin analytics
2024-11-14 00:23:52,352 [INFO] AnalyticsPlugin:253 - Accepted Software Licenses: 
2024-11-14 00:23:52,352 [INFO] AnalyticsPlugin:255 - Accepted CMSIS Pack Licenses: 
2024-11-14 00:23:52,352 [INFO] AnalyticsPlugin:257 - Accepted Firmware Licenses: FW.F4.1.28.0
2024-11-14 00:23:52,354 [INFO] PluginManage:359 - Loaded plugin analytics (category:tool,tabindex:-1)
2024-11-14 00:23:52,354 [INFO] PluginManage:310 - Check plugin cadmodel
2024-11-14 00:23:52,357 [INFO] CADModel:105 - Init CAD model plugin
2024-11-14 00:23:52,357 [INFO] PluginManage:359 - Loaded plugin cadmodel (category:power,tabindex:5)
2024-11-14 00:23:52,358 [INFO] PluginManage:310 - Check plugin clock
2024-11-14 00:23:52,365 [INFO] PluginManage:359 - Loaded plugin clock (category:base,tabindex:2)
2024-11-14 00:23:52,365 [INFO] PluginManage:310 - Check plugin ddr
2024-11-14 00:23:52,379 [INFO] PluginManage:359 - Loaded plugin ddr (category:tool,tabindex:6)
2024-11-14 00:23:52,379 [INFO] PluginManage:310 - Check plugin filemanager
2024-11-14 00:23:52,507 [INFO] PluginManage:359 - Loaded plugin filemanager (category:base,tabindex:10)
2024-11-14 00:23:52,508 [INFO] PluginManage:310 - Check plugin ipmanager
2024-11-14 00:23:52,513 [INFO] PluginManage:359 - Loaded plugin ipmanager (category:base,tabindex:5)
2024-11-14 00:23:52,513 [INFO] PluginManage:310 - Check plugin lpbam
2024-11-14 00:23:52,519 [INFO] PluginManage:359 - Loaded plugin lpbam (category:base,tabindex:0)
2024-11-14 00:23:52,519 [INFO] PluginManage:310 - Check plugin memorymap
2024-11-14 00:23:52,532 [INFO] PluginManage:359 - Loaded plugin memorymap (category:base,tabindex:4)
2024-11-14 00:23:52,532 [INFO] PluginManage:310 - Check plugin pinoutandconfiguration
2024-11-14 00:23:52,538 [INFO] PluginManage:359 - Loaded plugin pinoutandconfiguration (category:base,tabindex:1)
2024-11-14 00:23:52,538 [INFO] PluginManage:310 - Check plugin pinoutconfig
2024-11-14 00:23:52,606 [WARN] SupportedApi:132 - Cannot load RTOS API schema: s4s-elt-must-match.1: The content of 'definitions' must match (annotation?, (simpleType | complexType)?, (unique | key | keyref)*)). A problem was found starting at: attribute.
2024-11-14 00:23:52,717 [INFO] PluginManage:359 - Loaded plugin pinoutconfig (category:base,tabindex:0)
2024-11-14 00:23:52,717 [INFO] PluginManage:310 - Check plugin power
2024-11-14 00:23:52,725 [INFO] PluginManage:359 - Loaded plugin power (category:power,tabindex:4)
2024-11-14 00:23:52,725 [INFO] PluginManage:310 - Check plugin projectmanager
2024-11-14 00:23:52,738 [INFO] PluginManage:359 - Loaded plugin projectmanager (category:projectmanager,tabindex:4)
2024-11-14 00:23:52,738 [INFO] PluginManage:310 - Check plugin rif
2024-11-14 00:23:52,743 [INFO] PluginManage:359 - Loaded plugin rif (category:base,tabindex:3)
2024-11-14 00:23:52,743 [INFO] PluginManage:310 - Check plugin thirdparty
2024-11-14 00:23:52,836 [INFO] PluginManage:359 - Loaded plugin thirdparty (category:base,tabindex:-1)
2024-11-14 00:23:52,836 [WARN] IntegrityCheckThread:84 - waiting for thirdparty lock release [integrity check]
2024-11-14 00:23:52,837 [INFO] PluginManage:310 - Check plugin tools
2024-11-14 00:23:52,837 [INFO] IntegrityCheckThread:86 - entering critical section [integrity check]
2024-11-14 00:23:52,837 [INFO] ThirdPartyUpdaterWithRetryManager:70 - Updater plugin not ready yet. [1/15]
2024-11-14 00:23:52,839 [INFO] PluginManage:359 - Loaded plugin tools (category:base,tabindex:7)
2024-11-14 00:23:52,839 [INFO] PluginManage:310 - Check plugin tutovideos
2024-11-14 00:23:52,999 [INFO] PluginManage:359 - Loaded plugin tutovideos (category:base,tabindex:-1)
2024-11-14 00:23:52,999 [INFO] PluginManage:310 - Check plugin updater
2024-11-14 00:23:53,013 [INFO] PluginManage:359 - Loaded plugin updater (category:base,tabindex:12)
2024-11-14 00:23:53,014 [INFO] PluginManage:310 - Check plugin userauth
2024-11-14 00:23:53,017 [INFO] UserAuth:113 - Init User Auth plugin
2024-11-14 00:23:53,017 [INFO] PluginManage:359 - Loaded plugin userauth (category:base,tabindex:14)
2024-11-14 00:23:53,018 [INFO] PluginManage:283 - PluginManage : Loaded plugins [18]
2024-11-14 00:23:53,183 [INFO] PinOutPanel:1561 - setPackage(No Configuration,No Configuration)
2024-11-14 00:23:53,249 [INFO] CADModel:165 - CPN selected for project level
2024-11-14 00:23:53,249 [INFO] CADModel:114 - Register for checkConnection events
2024-11-14 00:23:53,261 [INFO] IPUIPlugin:80 - create IPUIPlugin
2024-11-14 00:23:53,261 [INFO] PluginManager:220 - loadIPPluginJar : add adc
2024-11-14 00:23:53,263 [INFO] IPUIPlugin:80 - create IPUIPlugin
2024-11-14 00:23:53,263 [INFO] PluginManager:220 - loadIPPluginJar : add aes
2024-11-14 00:23:53,265 [INFO] IPUIPlugin:80 - create IPUIPlugin
2024-11-14 00:23:53,265 [INFO] PluginManager:220 - loadIPPluginJar : add can
2024-11-14 00:23:53,266 [INFO] IPUIPlugin:80 - create IPUIPlugin
2024-11-14 00:23:53,266 [INFO] PluginManager:220 - loadIPPluginJar : add comp
2024-11-14 00:23:53,267 [INFO] IPUIPlugin:80 - create IPUIPlugin
2024-11-14 00:23:53,267 [INFO] PluginManager:220 - loadIPPluginJar : add cryp
2024-11-14 00:23:53,270 [INFO] IPUIPlugin:80 - create IPUIPlugin
2024-11-14 00:23:53,270 [INFO] PluginManager:220 - loadIPPluginJar : add ddr_ctrl_phy
2024-11-14 00:23:53,271 [INFO] IPUIPlugin:80 - create IPUIPlugin
2024-11-14 00:23:53,272 [INFO] PluginManager:220 - loadIPPluginJar : add dfsdm
2024-11-14 00:23:53,276 [INFO] IPUIPlugin:80 - create IPUIPlugin
2024-11-14 00:23:53,276 [INFO] PluginManager:220 - loadIPPluginJar : add dma
2024-11-14 00:23:53,278 [INFO] IPUIPlugin:80 - create IPUIPlugin
2024-11-14 00:23:53,279 [INFO] PluginManager:220 - loadIPPluginJar : add dma3
2024-11-14 00:23:53,281 [INFO] IPUIPlugin:80 - create IPUIPlugin
2024-11-14 00:23:53,281 [INFO] PluginManager:220 - loadIPPluginJar : add extmemmanager
2024-11-14 00:23:53,282 [INFO] IPUIPlugin:80 - create IPUIPlugin
2024-11-14 00:23:53,282 [INFO] PluginManager:220 - loadIPPluginJar : add fatfs
2024-11-14 00:23:53,286 [INFO] IPUIPlugin:80 - create IPUIPlugin
2024-11-14 00:23:53,286 [INFO] PluginManager:220 - loadIPPluginJar : add fmc
2024-11-14 00:23:53,292 [INFO] IPUIPlugin:80 - create IPUIPlugin
2024-11-14 00:23:53,292 [INFO] PluginManager:220 - loadIPPluginJar : add freertos
2024-11-14 00:23:53,293 [INFO] IPUIPlugin:80 - create IPUIPlugin
2024-11-14 00:23:53,293 [INFO] PluginManager:220 - loadIPPluginJar : add genericplugin
2024-11-14 00:23:53,295 [INFO] IPUIPlugin:80 - create IPUIPlugin
2024-11-14 00:23:53,295 [INFO] PluginManager:220 - loadIPPluginJar : add gfxmmu
2024-11-14 00:23:53,299 [INFO] IPUIPlugin:80 - create IPUIPlugin
2024-11-14 00:23:53,299 [INFO] PluginManager:220 - loadIPPluginJar : add gic
2024-11-14 00:23:53,303 [INFO] IPUIPlugin:80 - create IPUIPlugin
2024-11-14 00:23:53,303 [INFO] PluginManager:220 - loadIPPluginJar : add gpio
2024-11-14 00:23:53,305 [INFO] IPUIPlugin:80 - create IPUIPlugin
2024-11-14 00:23:53,305 [INFO] PluginManager:220 - loadIPPluginJar : add gtzc
2024-11-14 00:23:53,307 [INFO] IPUIPlugin:80 - create IPUIPlugin
2024-11-14 00:23:53,307 [INFO] PluginManager:220 - loadIPPluginJar : add hash
2024-11-14 00:23:53,309 [INFO] IPUIPlugin:80 - create IPUIPlugin
2024-11-14 00:23:53,309 [INFO] PluginManager:220 - loadIPPluginJar : add i2c
2024-11-14 00:23:53,310 [INFO] IPUIPlugin:80 - create IPUIPlugin
2024-11-14 00:23:53,310 [INFO] PluginManager:220 - loadIPPluginJar : add i2s
2024-11-14 00:23:53,312 [INFO] IPUIPlugin:80 - create IPUIPlugin
2024-11-14 00:23:53,312 [INFO] PluginManager:220 - loadIPPluginJar : add i3c
2024-11-14 00:23:53,315 [INFO] IPUIPlugin:80 - create IPUIPlugin
2024-11-14 00:23:53,316 [INFO] PluginManager:220 - loadIPPluginJar : add ipddr
2024-11-14 00:23:53,320 [INFO] IPUIPlugin:80 - create IPUIPlugin
2024-11-14 00:23:53,320 [INFO] PluginManager:220 - loadIPPluginJar : add linkedlist
2024-11-14 00:23:53,322 [INFO] IPUIPlugin:80 - create IPUIPlugin
2024-11-14 00:23:53,322 [INFO] PluginManager:220 - loadIPPluginJar : add lorawan
2024-11-14 00:23:53,323 [INFO] IPUIPlugin:80 - create IPUIPlugin
2024-11-14 00:23:53,323 [INFO] PluginManager:220 - loadIPPluginJar : add ltdc
2024-11-14 00:23:53,327 [INFO] IPUIPlugin:80 - create IPUIPlugin
2024-11-14 00:23:53,327 [INFO] PluginManager:220 - loadIPPluginJar : add mdma
2024-11-14 00:23:53,329 [INFO] IPUIPlugin:80 - create IPUIPlugin
2024-11-14 00:23:53,329 [INFO] PluginManager:220 - loadIPPluginJar : add nvic
2024-11-14 00:23:53,330 [INFO] IPUIPlugin:80 - create IPUIPlugin
2024-11-14 00:23:53,330 [INFO] PluginManager:220 - loadIPPluginJar : add opamp
2024-11-14 00:23:53,332 [INFO] IPUIPlugin:80 - create IPUIPlugin
2024-11-14 00:23:53,332 [INFO] PluginManager:220 - loadIPPluginJar : add openamp
2024-11-14 00:23:53,333 [INFO] IPUIPlugin:80 - create IPUIPlugin
2024-11-14 00:23:53,334 [INFO] PluginManager:220 - loadIPPluginJar : add pdm2pcm
2024-11-14 00:23:53,337 [INFO] IPUIPlugin:80 - create IPUIPlugin
2024-11-14 00:23:53,339 [INFO] PluginManager:220 - loadIPPluginJar : add plateformsettings
2024-11-14 00:23:53,340 [INFO] IPUIPlugin:80 - create IPUIPlugin
2024-11-14 00:23:53,340 [INFO] PluginManager:220 - loadIPPluginJar : add quadspi
2024-11-14 00:23:53,341 [INFO] IPUIPlugin:80 - create IPUIPlugin
2024-11-14 00:23:53,341 [INFO] PluginManager:220 - loadIPPluginJar : add radio
2024-11-14 00:23:53,343 [INFO] IPUIPlugin:80 - create IPUIPlugin
2024-11-14 00:23:53,343 [INFO] PluginManager:220 - loadIPPluginJar : add resmgrutility
2024-11-14 00:23:53,345 [INFO] IPUIPlugin:80 - create IPUIPlugin
2024-11-14 00:23:53,345 [INFO] PluginManager:220 - loadIPPluginJar : add sai
2024-11-14 00:23:53,347 [INFO] IPUIPlugin:80 - create IPUIPlugin
2024-11-14 00:23:53,347 [INFO] PluginManager:220 - loadIPPluginJar : add spi
2024-11-14 00:23:53,351 [INFO] IPUIPlugin:80 - create IPUIPlugin
2024-11-14 00:23:53,351 [INFO] PluginManager:220 - loadIPPluginJar : add stm32_wpan
2024-11-14 00:23:53,352 [INFO] IPUIPlugin:80 - create IPUIPlugin
2024-11-14 00:23:53,352 [INFO] PluginManager:220 - loadIPPluginJar : add tim
2024-11-14 00:23:53,354 [INFO] IPUIPlugin:80 - create IPUIPlugin
2024-11-14 00:23:53,354 [INFO] PluginManager:220 - loadIPPluginJar : add touchsensing
2024-11-14 00:23:53,355 [INFO] IPUIPlugin:80 - create IPUIPlugin
2024-11-14 00:23:53,356 [INFO] PluginManager:220 - loadIPPluginJar : add tracer_emb
2024-11-14 00:23:53,357 [INFO] IPUIPlugin:80 - create IPUIPlugin
2024-11-14 00:23:53,357 [INFO] PluginManager:220 - loadIPPluginJar : add ts
2024-11-14 00:23:53,358 [INFO] IPUIPlugin:80 - create IPUIPlugin
2024-11-14 00:23:53,358 [INFO] PluginManager:220 - loadIPPluginJar : add tsc
2024-11-14 00:23:53,359 [INFO] IPUIPlugin:80 - create IPUIPlugin
2024-11-14 00:23:53,359 [INFO] PluginManager:220 - loadIPPluginJar : add ucpd
2024-11-14 00:23:53,360 [INFO] IPUIPlugin:80 - create IPUIPlugin
2024-11-14 00:23:53,360 [INFO] PluginManager:220 - loadIPPluginJar : add usart
2024-11-14 00:23:53,362 [INFO] IPUIPlugin:80 - create IPUIPlugin
2024-11-14 00:23:53,362 [INFO] PluginManager:220 - loadIPPluginJar : add usbx
2024-11-14 00:23:53,480 [INFO] CADModel:165 - CPN selected for project level
2024-11-14 00:23:53,480 [INFO] CADModel:114 - Register for checkConnection events
2024-11-14 00:23:53,480 [FATAL] Updater:334 - Updater called before beeing initialized
2024-11-14 00:23:53,480 [ERROR] CADModel:125 - Updater not yet initialized, retry later 
2024-11-14 00:23:53,593 [INFO] CADModel:165 - CPN selected for project level
2024-11-14 00:23:53,593 [INFO] CADModel:114 - Register for checkConnection events
2024-11-14 00:23:53,593 [FATAL] Updater:334 - Updater called before beeing initialized
2024-11-14 00:23:53,593 [ERROR] CADModel:125 - Updater not yet initialized, retry later 
2024-11-14 00:23:53,595 [FATAL] Updater:334 - Updater called before beeing initialized
2024-11-14 00:23:53,672 [FATAL] Updater:334 - Updater called before beeing initialized
2024-11-14 00:23:53,675 [INFO] DbMcusAds:53 - JSON generation date=Fri Sep 20 09:04:38 EDT 2024 (1726837478367)
2024-11-14 00:23:53,675 [FATAL] Updater:334 - Updater called before beeing initialized
2024-11-14 00:23:53,711 [WARN] DetailPanel:346 - Failed to get advertising image, set to default
2024-11-14 00:23:53,779 [FATAL] Updater:334 - Updater called before beeing initialized
2024-11-14 00:23:53,780 [FATAL] Updater:334 - Updater called before beeing initialized
2024-11-14 00:23:53,780 [FATAL] Updater:334 - Updater called before beeing initialized
2024-11-14 00:23:53,780 [WARN] DetailPanel:346 - Failed to get advertising image, set to default
2024-11-14 00:23:53,780 [FATAL] Updater:334 - Updater called before beeing initialized
2024-11-14 00:23:53,813 [ERROR] Updater:1164 - MainUpdater not yet initialized. External WinMGr cannot be set.
2024-11-14 00:23:53,815 [INFO] Updater:1100 - Updater Version found : 6.12.1
2024-11-14 00:23:53,833 [INFO] ApplicationProperties:184 - Using Application install path: C:\ST\STM32CubeIDE_1.16.1\STM32CubeIDE\plugins\com.st.stm32cube.common.mx_6.12.1.202409122256
2024-11-14 00:23:55,401 [ERROR] LogOutputStream:75 - [STDERR_REDIRECT] Nov 14, 2024 12:23:55 AM java.util.prefs.WindowsPreferences <init>
2024-11-14 00:23:55,402 [ERROR] LogOutputStream:75 - [STDERR_REDIRECT] WARNING: Could not open/create prefs root node Software\JavaSoft\Prefs at root 0xffffffff80000002. Windows RegCreateKeyEx(...) returned error code 5.
2024-11-14 00:23:55,402 [ERROR] LogOutputStream:75 - [STDERR_REDIRECT] 
2024-11-14 00:23:55,618 [INFO] MainUpdater:2873 - connection check result : 10
2024-11-14 00:23:55,619 [INFO] MainUpdater:290 - Updater Check For Update Now.
2024-11-14 00:23:55,619 [INFO] MicroXplorer:498 - Change Database Version : DB.6.0.121
2024-11-14 00:23:55,624 [INFO] McuFinderGlobals:63 - Set McuFinder mode to 2 (CubeIDE integrated)
2024-11-14 00:23:55,625 [INFO] UserAuth:417 - Internet connection configuration mode: 1
2024-11-14 00:23:55,639 [INFO] JxBrowserEngine:152 - Initiate JxBrowser Engine with user profile folder
2024-11-14 00:23:55,778 [INFO] CheckServerUpdateThread:120 - End of CheckServer Thread
2024-11-14 00:23:55,980 [WARN] PackLoader:240 - Cannot read IP mode file for STMicroelectronics.FP-SNS-MOTENVWB1.1.4.0
2024-11-14 00:23:55,987 [WARN] PackLoader:240 - Cannot read IP mode file for STMicroelectronics.FP-ATR-ASTRA1.2.0.1
2024-11-14 00:23:55,998 [WARN] PackLoader:240 - Cannot read IP mode file for STMicroelectronics.X-CUBE-SMBUS.2.1.0
2024-11-14 00:23:56,005 [WARN] PackLoader:240 - Cannot read IP mode file for STMicroelectronics.X-CUBE-WB05N.1.1.0
2024-11-14 00:23:56,027 [WARN] PackLoader:240 - Cannot read IP mode file for STMicroelectronics.X-CUBE-AZRTOS-F7.1.1.0
2024-11-14 00:23:56,070 [WARN] PackLoader:240 - Cannot read IP mode file for STMicroelectronics.X-CUBE-MEMS1.11.0.0
2024-11-14 00:23:56,226 [WARN] PackLoader:240 - Cannot read IP mode file for STMicroelectronics.FP-SNS-FLIGHT1.5.0.2
2024-11-14 00:23:56,232 [WARN] PackLoader:240 - Cannot read IP mode file for STMicroelectronics.X-CUBE-DISPLAY.3.0.0
2024-11-14 00:23:56,240 [WARN] PackLoader:240 - Cannot read IP mode file for STMicroelectronics.X-CUBE-BLE1.7.0.0
2024-11-14 00:23:56,245 [WARN] PackLoader:240 - Cannot read IP mode file for STMicroelectronics.X-CUBE-NFC10.1.0.0
2024-11-14 00:23:56,251 [WARN] PackLoader:240 - Cannot read IP mode file for emotas.I-CUBE-CANOPEN.1.3.0
2024-11-14 00:23:56,258 [WARN] PackLoader:240 - Cannot read IP mode file for STMicroelectronics.X-CUBE-BLEMGR.3.1.0
2024-11-14 00:23:56,263 [WARN] PackLoader:240 - Cannot read IP mode file for STMicroelectronics.FP-SNS-SMARTAG2.1.2.0
2024-11-14 00:23:56,269 [INFO] LogOutputStream:77 - [STDOUT_REDIRECT] 1 : Invalid condition id : UX_CORESTACK_Condition cause : null
2024-11-14 00:23:56,270 [INFO] LogOutputStream:77 - [STDOUT_REDIRECT] 1 : Invalid condition id : UX_CORESTACK_Condition cause : null
2024-11-14 00:23:56,271 [INFO] LogOutputStream:77 - [STDOUT_REDIRECT] 1 : Invalid condition id : UX_CORESTACK_Condition cause : null
2024-11-14 00:23:56,273 [INFO] LogOutputStream:77 - [STDOUT_REDIRECT] 1 : Invalid condition id : UX_CORESTACK_Condition cause : null
2024-11-14 00:23:56,274 [INFO] LogOutputStream:77 - [STDOUT_REDIRECT] 1 : Invalid condition id : UX_CORESTACK_Condition cause : null
2024-11-14 00:23:56,276 [WARN] PackLoader:240 - Cannot read IP mode file for STMicroelectronics.X-CUBE-AZRTOS-WL.2.0.0
2024-11-14 00:23:56,279 [WARN] PackLoader:240 - Cannot read IP mode file for STMicroelectronics.FP-SNS-MOTENV1.5.0.0
2024-11-14 00:23:56,284 [WARN] PackLoader:240 - Cannot read IP mode file for wolfSSL.I-CUBE-wolfMQTT.1.19.0
2024-11-14 00:23:56,291 [WARN] PackLoader:240 - Cannot read IP mode file for WES.I-CUBE-Cesium.1.3.0
2024-11-14 00:23:56,298 [WARN] PackLoader:240 - Cannot read IP mode file for STMicroelectronics.X-CUBE-BLE2.3.3.0
2024-11-14 00:23:56,304 [WARN] PackLoader:240 - Cannot read IP mode file for STMicroelectronics.X-CUBE-NFC9.1.0.0
2024-11-14 00:23:56,308 [WARN] PackLoader:240 - Cannot read IP mode file for STMicroelectronics.X-CUBE-TCPP.4.1.0
2024-11-14 00:23:56,324 [WARN] PackLoader:240 - Cannot read IP mode file for STMicroelectronics.X-CUBE-AZRTOS-G0.1.1.0
2024-11-14 00:23:56,332 [WARN] PackLoader:240 - Cannot read IP mode file for STMicroelectronics.X-CUBE-SAFEA1.1.2.2
2024-11-14 00:23:56,337 [INFO] WebApp:167 - Instantiating new browser for Auth
2024-11-14 00:23:56,337 [WARN] PackLoader:240 - Cannot read IP mode file for STMicroelectronics.X-CUBE-NFC4.3.0.0
2024-11-14 00:23:56,346 [WARN] PackLoader:240 - Cannot read IP mode file for EmbeddedOffice.I-CUBE-FS-RTOS.1.0.1
2024-11-14 00:23:56,346 [ERROR] ConditionMgr:805 - Attr not supported : Dmpu
2024-11-14 00:23:56,347 [ERROR] ConditionMgr:805 - Attr not supported : Dmpu
2024-11-14 00:23:56,347 [ERROR] ConditionMgr:805 - Attr not supported : Dmpu
2024-11-14 00:23:56,347 [ERROR] ConditionMgr:805 - Attr not supported : Dmpu
2024-11-14 00:23:56,347 [ERROR] ConditionMgr:805 - Attr not supported : Dmpu
2024-11-14 00:23:56,347 [ERROR] ConditionMgr:805 - Attr not supported : Dmpu
2024-11-14 00:23:56,347 [ERROR] ConditionMgr:805 - Attr not supported : Dmpu
2024-11-14 00:23:56,347 [ERROR] ConditionMgr:805 - Attr not supported : Dmpu
2024-11-14 00:23:56,347 [ERROR] ConditionMgr:805 - Attr not supported : Dmpu
2024-11-14 00:23:56,347 [ERROR] ConditionMgr:805 - Attr not supported : Dmpu
2024-11-14 00:23:56,347 [ERROR] ConditionMgr:805 - Attr not supported : Dmpu
2024-11-14 00:23:56,347 [ERROR] ConditionMgr:805 - Attr not supported : Dmpu
2024-11-14 00:23:56,347 [ERROR] ConditionMgr:805 - Attr not supported : Dmpu
2024-11-14 00:23:56,347 [ERROR] ConditionMgr:805 - Attr not supported : Dmpu
2024-11-14 00:23:56,347 [ERROR] ConditionMgr:805 - Attr not supported : Dmpu
2024-11-14 00:23:56,348 [ERROR] ConditionMgr:805 - Attr not supported : Dmpu
2024-11-14 00:23:56,348 [ERROR] ConditionMgr:805 - Attr not supported : Dmpu
2024-11-14 00:23:56,348 [ERROR] ConditionMgr:805 - Attr not supported : Dmpu
2024-11-14 00:23:56,348 [ERROR] ConditionMgr:805 - Attr not supported : Dmpu
2024-11-14 00:23:56,348 [ERROR] ConditionMgr:805 - Attr not supported : Dmpu
2024-11-14 00:23:56,348 [ERROR] ConditionMgr:805 - Attr not supported : Dmpu
2024-11-14 00:23:56,348 [ERROR] ConditionMgr:805 - Attr not supported : Dmpu
2024-11-14 00:23:56,348 [ERROR] ConditionMgr:805 - Attr not supported : Dmpu
2024-11-14 00:23:56,348 [ERROR] ConditionMgr:805 - Attr not supported : Dmpu
2024-11-14 00:23:56,348 [ERROR] ConditionMgr:805 - Attr not supported : Dmpu
2024-11-14 00:23:56,348 [ERROR] ConditionMgr:805 - Attr not supported : Dmpu
2024-11-14 00:23:56,348 [ERROR] ConditionMgr:805 - Attr not supported : Dmpu
2024-11-14 00:23:56,348 [ERROR] ConditionMgr:805 - Attr not supported : Dmpu
2024-11-14 00:23:56,348 [ERROR] ConditionMgr:805 - Attr not supported : Dmpu
2024-11-14 00:23:56,349 [ERROR] ConditionMgr:805 - Attr not supported : Dmpu
2024-11-14 00:23:56,349 [ERROR] ConditionMgr:805 - Attr not supported : Dmpu
2024-11-14 00:23:56,349 [ERROR] ConditionMgr:805 - Attr not supported : Dmpu
2024-11-14 00:23:56,349 [ERROR] ConditionMgr:805 - Attr not supported : Dmpu
2024-11-14 00:23:56,349 [ERROR] ConditionMgr:805 - Attr not supported : Dmpu
2024-11-14 00:23:56,349 [ERROR] ConditionMgr:805 - Attr not supported : Dmpu
2024-11-14 00:23:56,349 [ERROR] ConditionMgr:805 - Attr not supported : Dmpu
2024-11-14 00:23:56,349 [ERROR] ConditionMgr:805 - Attr not supported : Dmpu
2024-11-14 00:23:56,349 [ERROR] ConditionMgr:805 - Attr not supported : Dmpu
2024-11-14 00:23:56,349 [ERROR] ConditionMgr:805 - Attr not supported : Dmpu
2024-11-14 00:23:56,349 [ERROR] ConditionMgr:805 - Attr not supported : Dmpu
2024-11-14 00:23:56,349 [ERROR] ConditionMgr:805 - Attr not supported : Dmpu
2024-11-14 00:23:56,349 [ERROR] ConditionMgr:805 - Attr not supported : Dmpu
2024-11-14 00:23:56,350 [ERROR] ConditionMgr:805 - Attr not supported : Dmpu
2024-11-14 00:23:56,350 [ERROR] ConditionMgr:805 - Attr not supported : Dmpu
2024-11-14 00:23:56,350 [ERROR] ConditionMgr:805 - Attr not supported : Dmpu
2024-11-14 00:23:56,350 [ERROR] ConditionMgr:805 - Attr not supported : Dmpu
2024-11-14 00:23:56,350 [ERROR] ConditionMgr:805 - Attr not supported : Dmpu
2024-11-14 00:23:56,350 [ERROR] ConditionMgr:805 - Attr not supported : Dmpu
2024-11-14 00:23:56,350 [ERROR] ConditionMgr:805 - Attr not supported : Dmpu
2024-11-14 00:23:56,350 [ERROR] ConditionMgr:805 - Attr not supported : Dmpu
2024-11-14 00:23:56,350 [ERROR] ConditionMgr:805 - Attr not supported : Dmpu
2024-11-14 00:23:56,350 [ERROR] ConditionMgr:805 - Attr not supported : Dmpu
2024-11-14 00:23:56,350 [ERROR] ConditionMgr:805 - Attr not supported : Dmpu
2024-11-14 00:23:56,350 [ERROR] ConditionMgr:805 - Attr not supported : Dmpu
2024-11-14 00:23:56,350 [ERROR] ConditionMgr:805 - Attr not supported : Dmpu
2024-11-14 00:23:56,350 [ERROR] ConditionMgr:805 - Attr not supported : Dmpu
2024-11-14 00:23:56,350 [ERROR] ConditionMgr:805 - Attr not supported : Dmpu
2024-11-14 00:23:56,350 [ERROR] ConditionMgr:805 - Attr not supported : Dmpu
2024-11-14 00:23:56,350 [ERROR] ConditionMgr:805 - Attr not supported : Dmpu
2024-11-14 00:23:56,351 [ERROR] ConditionMgr:805 - Attr not supported : Dmpu
2024-11-14 00:23:56,351 [ERROR] ConditionMgr:805 - Attr not supported : Dmpu
2024-11-14 00:23:56,351 [ERROR] ConditionMgr:805 - Attr not supported : Dmpu
2024-11-14 00:23:56,351 [ERROR] ConditionMgr:805 - Attr not supported : Dmpu
2024-11-14 00:23:56,351 [ERROR] ConditionMgr:805 - Attr not supported : Dmpu
2024-11-14 00:23:56,359 [WARN] PackLoader:240 - Cannot read IP mode file for RealThread.X-CUBE-RT-Thread_Nano.4.1.1
2024-11-14 00:23:56,363 [WARN] PackLoader:240 - Cannot read IP mode file for STMicroelectronics.FP-ATR-SIGFOX1.3.2.0
2024-11-14 00:23:56,370 [WARN] ConditionMgr:438 - getConditionDescription Invalid condition id : Cortex-A Device cause : null
2024-11-14 00:23:56,385 [WARN] ConditionMgr:1039 - genDependencies : Invalid condition id : Cortex-A Device cause : null
2024-11-14 00:23:56,385 [WARN] ConditionMgr:1039 - genDependencies : Invalid condition id : Cortex-A Device cause : null
2024-11-14 00:23:56,385 [WARN] ConditionMgr:1039 - genDependencies : Invalid condition id : Cortex-A Device cause : null
2024-11-14 00:23:56,390 [WARN] PackLoader:240 - Cannot read IP mode file for STMicroelectronics.X-CUBE-EEPRMA1.5.1.0
2024-11-14 00:23:56,400 [WARN] PackLoader:240 - Cannot read IP mode file for wolfSSL.I-CUBE-wolfSSL.5.7.4
2024-11-14 00:23:56,406 [WARN] PackLoader:240 - Cannot read IP mode file for ITTIA_DB.I-CUBE-ITTIADB.8.9.0
2024-11-14 00:23:56,428 [WARN] PackLoader:240 - Cannot read IP mode file for SEGGER.I-CUBE-embOS.1.3.1
2024-11-14 00:23:56,472 [WARN] PackLoader:240 - Cannot read IP mode file for STMicroelectronics.X-CUBE-ALGOBUILD.1.4.0
2024-11-14 00:23:56,476 [WARN] PackLoader:240 - Cannot read IP mode file for STMicroelectronics.X-CUBE-AI.9.1.0
2024-11-14 00:23:56,490 [WARN] PackLoader:240 - Cannot read IP mode file for STMicroelectronics.X-CUBE-AZRTOS-F4.1.1.0
2024-11-14 00:23:56,495 [WARN] PackLoader:240 - Cannot read IP mode file for STMicroelectronics.X-CUBE-ISPU.2.1.0
2024-11-14 00:23:56,501 [WARN] PackLoader:240 - Cannot read IP mode file for STMicroelectronics.X-CUBE-FREERTOS.1.2.0
2024-11-14 00:23:56,516 [WARN] PackLoader:240 - Cannot read IP mode file for STMicroelectronics.X-CUBE-AZRTOS-L5.2.0.0
2024-11-14 00:23:56,524 [WARN] PackLoader:240 - Cannot read IP mode file for STMicroelectronics.X-CUBE-NFC6.3.1.0
2024-11-14 00:23:56,531 [WARN] PackLoader:240 - Cannot read IP mode file for STMicroelectronics.X-CUBE-DPower.1.2.0
2024-11-14 00:23:56,535 [WARN] PackLoader:240 - Cannot read IP mode file for STMicroelectronics.X-CUBE-NFC7.1.0.1
2024-11-14 00:23:56,548 [WARN] ConditionMgr:438 - getConditionDescription Invalid condition id : LAN8742 Phy interface Condition cause : null
2024-11-14 00:23:56,549 [WARN] PackLoader:240 - Cannot read IP mode file for STMicroelectronics.X-CUBE-AZRTOS-L4.2.0.0
2024-11-14 00:23:56,550 [WARN] ConditionMgr:1039 - genDependencies : Invalid condition id : LAN8742 Phy interface Condition cause : null
2024-11-14 00:23:56,550 [WARN] ConditionMgr:1039 - genDependencies : Invalid condition id : LAN8742 Phy interface Condition cause : null
2024-11-14 00:23:56,551 [WARN] ConditionMgr:1039 - genDependencies : Invalid condition id : LAN8742 Phy interface Condition cause : null
2024-11-14 00:23:56,557 [WARN] PackLoader:240 - Cannot read IP mode file for STMicroelectronics.X-CUBE-SFXS2LP1.4.0.0
2024-11-14 00:23:56,572 [WARN] PackLoader:240 - Cannot read IP mode file for STMicroelectronics.X-CUBE-AZRTOS-H7.3.3.0
2024-11-14 00:23:56,581 [WARN] PackLoader:240 - Cannot read IP mode file for STMicroelectronics.X-CUBE-IPS.3.0.0
2024-11-14 00:23:56,593 [WARN] ConditionMgr:438 - getConditionDescription Invalid condition id : UX DEVICE CLASS RTOS Condition cause : null
2024-11-14 00:23:56,593 [WARN] ConditionMgr:438 - getConditionDescription Invalid condition id : UX DEVICE CLASS RTOS Condition cause : null
2024-11-14 00:23:56,596 [WARN] PackLoader:240 - Cannot read IP mode file for STMicroelectronics.X-CUBE-AZRTOS-WB.2.0.0
2024-11-14 00:23:56,596 [WARN] ConditionMgr:1039 - genDependencies : Invalid condition id : UX DEVICE CLASS RTOS Condition cause : null
2024-11-14 00:23:56,596 [WARN] ConditionMgr:1039 - genDependencies : Invalid condition id : UX DEVICE CLASS RTOS Condition cause : null
2024-11-14 00:23:56,596 [WARN] ConditionMgr:1039 - genDependencies : Invalid condition id : UX DEVICE CLASS RTOS Condition cause : null
2024-11-14 00:23:56,596 [WARN] ConditionMgr:1039 - genDependencies : Invalid condition id : UX DEVICE CLASS RTOS Condition cause : null
2024-11-14 00:23:56,596 [WARN] ConditionMgr:1039 - genDependencies : Invalid condition id : UX DEVICE CLASS RTOS Condition cause : null
2024-11-14 00:23:56,600 [WARN] PackLoader:240 - Cannot read IP mode file for STMicroelectronics.X-CUBE-GNSS1.7.0.0
2024-11-14 00:23:56,607 [WARN] PackLoader:240 - Cannot read IP mode file for STMicroelectronics.FP-SNS-STBOX1.2.0.0
2024-11-14 00:23:56,616 [WARN] PackLoader:240 - Cannot read IP mode file for STMicroelectronics.X-CUBE-SUBG2.5.0.0
2024-11-14 00:23:56,622 [WARN] PackLoader:240 - Cannot read IP mode file for Cesanta.I-CUBE-Mongoose.7.13.0
2024-11-14 00:23:56,633 [WARN] PackLoader:240 - Cannot read IP mode file for STMicroelectronics.X-CUBE-AZRTOS-G4.2.0.0
2024-11-14 00:23:56,638 [WARN] PackLoader:240 - Cannot read IP mode file for STMicroelectronics.X-CUBE-ALS.1.0.2
2024-11-14 00:23:56,642 [WARN] PackLoader:240 - Cannot read IP mode file for STMicroelectronics.X-CUBE-TOUCHGFX.4.24.1
2024-11-14 00:23:56,644 [WARN] PackLoader:240 - Cannot read IP mode file for wolfSSL.I-CUBE-wolfTPM.3.4.0
2024-11-14 00:23:56,647 [WARN] PackLoader:240 - Cannot read IP mode file for portGmbH.I-Cube-SoM-uGOAL.1.1.0
2024-11-14 00:23:56,659 [WARN] PackLoader:240 - Cannot read IP mode file for STMicroelectronics.X-CUBE-AZRTOS-H7RS.1.0.0
2024-11-14 00:23:56,668 [WARN] PackLoader:240 - Cannot read IP mode file for STMicroelectronics.X-CUBE-TOF1.3.4.2
2024-11-14 00:23:56,691 [WARN] PackLoader:240 - Cannot read IP mode file for Infineon.AIROC-Wi-Fi-Bluetooth-STM32.1.6.1
2024-11-14 00:23:56,695 [WARN] PackLoader:240 - Cannot read IP mode file for wolfSSL.I-CUBE-wolfSSH.1.4.17
2024-11-14 00:23:56,696 [INFO] ThirdParty:978 - Integrity check success = true
2024-11-14 00:23:56,696 [INFO] IntegrityCheckThread:100 - exiting critical section [integrity check]
2024-11-14 00:23:56,696 [INFO] IntegrityCheckThread:103 - End integrity checks thread
2024-11-14 00:23:57,032 [INFO] WebApp:448 - Apply proxy settings
2024-11-14 00:23:57,033 [INFO] WebApp:533 - Chromium requires no authentication
2024-11-14 00:23:57,039 [INFO] WebApp:476 - Direct internet connection detected
2024-11-14 00:23:57,057 [INFO] WebApp:869 - Register for checkConnection events
2024-11-14 00:23:57,057 [INFO] WebApp:448 - Apply proxy settings
2024-11-14 00:23:57,057 [INFO] WebApp:533 - Chromium requires no authentication
2024-11-14 00:23:57,057 [INFO] WebApp:476 - Direct internet connection detected
2024-11-14 00:23:57,160 [INFO] WebApp:220 - Starting web application
2024-11-14 00:23:57,160 [INFO] WebApp:578 - Web application path used C:\ST\STM32CubeIDE_1.16.1\STM32CubeIDE\plugins\com.st.stm32cube.common.mx_6.12.1.202409122256\db\plugins\mcufinder\reactClient1\index.html
2024-11-14 00:23:57,227 [INFO] UserAuth:417 - Internet connection configuration mode: 1
2024-11-14 00:23:57,281 [INFO] WebApp:186 - Connection restablished
2024-11-14 00:28:42,770 [ERROR] LogOutputStream:75 - [STDERR_REDIRECT] 
2024-11-14 23:05:00,791 [INFO] Activator:176 - 


2024-11-14 23:05:00,795 [INFO] Activator:177 - !SESSION log4j initialized
2024-11-14 23:05:08,650 [INFO] LogOutputStream:77 - [STDOUT_REDIRECT] 
2024-11-14 23:05:10,854 [INFO] ApplicationProperties:184 - Using Application install path: C:\ST\STM32CubeIDE_1.16.1\STM32CubeIDE\plugins\com.st.stm32cube.common.mx_6.12.1.202409122256
2024-11-14 23:05:10,878 [INFO] DbMcusXml:78 - Set database path to: C:\ST\STM32CubeIDE_1.16.1\STM32CubeIDE\plugins\com.st.stm32cube.common.mx_6.12.1.202409122256\\db\/mcu/
2024-11-14 23:05:10,878 [INFO] ApiDb:274 - Set plugin database path to: C:\ST\STM32CubeIDE_1.16.1\STM32CubeIDE\plugins\com.st.stm32cube.common.mx_6.12.1.202409122256\\db\/plugins/boardmanager/
2024-11-14 23:05:10,879 [WARN] ApiDb:259 - Overriding images path with different value:  => C:\ST\STM32CubeIDE_1.16.1\STM32CubeIDE\plugins\com.st.stm32cube.common.mx_6.12.1.202409122256\\db\/plugins/mcufinder/images/
2024-11-14 23:05:10,892 [INFO] ApiDb:250 - Set database path to: C:\Users\adina\.stmcufinder\plugins\mcufinder//mcu/
2024-11-14 23:05:10,894 [INFO] DbMcusAds:125 - Set database path to: C:\Users\adina\.stmcufinder\plugins\mcufinder//mcu/
2024-11-14 23:05:10,897 [INFO] CrossReferenceDbSqlite:203 - Set database path to: C:\Users\adina\.stmcufinder\plugins\mcufinder//mcu/cs/
2024-11-14 23:05:11,035 [INFO] RulesReader:64 - Compatibility file has been processed (297 Rules)
2024-11-14 23:05:11,168 [INFO] DbMcusXml:78 - Set database path to: C:\ST\STM32CubeIDE_1.16.1\STM32CubeIDE\plugins\com.st.stm32cube.common.mx_6.12.1.202409122256\\db\/mcu/
2024-11-14 23:05:11,168 [INFO] ApiDb:274 - Set plugin database path to: C:\ST\STM32CubeIDE_1.16.1\STM32CubeIDE\plugins\com.st.stm32cube.common.mx_6.12.1.202409122256\\db\/plugins/boardmanager/
2024-11-14 23:05:11,168 [INFO] ApiDb:261 - Set plugin images path to: C:\ST\STM32CubeIDE_1.16.1\STM32CubeIDE\plugins\com.st.stm32cube.common.mx_6.12.1.202409122256\\db\/plugins/mcufinder/images/
2024-11-14 23:05:11,169 [WARN] DbFile:41 - Overriding database path with different value: C:\Users\adina\.stmcufinder\plugins\mcufinder/ => C:\Users\adina\.stmcufinder\plugins\mcufinder
2024-11-14 23:05:11,169 [INFO] ApiDb:250 - Set database path to: C:\Users\adina\.stmcufinder\plugins\mcufinder//mcu/
2024-11-14 23:05:11,169 [WARN] DbFile:41 - Overriding database path with different value: C:\Users\adina\.stmcufinder\plugins\mcufinder/ => C:\Users\adina\.stmcufinder\plugins\mcufinder
2024-11-14 23:05:11,169 [INFO] DbMcusAds:125 - Set database path to: C:\Users\adina\.stmcufinder\plugins\mcufinder//mcu/
2024-11-14 23:05:11,169 [WARN] DbFile:41 - Overriding database path with different value: C:\Users\adina\.stmcufinder\plugins\mcufinder/ => C:\Users\adina\.stmcufinder\plugins\mcufinder
2024-11-14 23:05:11,169 [WARN] DbFile:41 - Overriding database path with different value: C:\Users\adina\.stmcufinder\plugins\mcufinder/ => C:\Users\adina\.stmcufinder\plugins\mcufinder
2024-11-14 23:05:11,169 [INFO] CrossReferenceDbSqlite:203 - Set database path to: C:\Users\adina\.stmcufinder\plugins\mcufinder//mcu/cs/
2024-11-14 23:05:11,296 [INFO] MainPanel:268 - HeapMemory: 268435456
2024-11-14 23:05:11,458 [INFO] DbMcusXml:78 - Set database path to: C:\ST\STM32CubeIDE_1.16.1\STM32CubeIDE\plugins\com.st.stm32cube.common.mx_6.12.1.202409122256\\db\/mcu/
2024-11-14 23:05:11,459 [INFO] ApiDb:274 - Set plugin database path to: C:\ST\STM32CubeIDE_1.16.1\STM32CubeIDE\plugins\com.st.stm32cube.common.mx_6.12.1.202409122256\\db\/plugins/boardmanager/
2024-11-14 23:05:11,459 [INFO] ApiDb:261 - Set plugin images path to: C:\ST\STM32CubeIDE_1.16.1\STM32CubeIDE\plugins\com.st.stm32cube.common.mx_6.12.1.202409122256\\db\/plugins/mcufinder/images/
2024-11-14 23:05:11,459 [WARN] DbFile:41 - Overriding database path with different value: C:\Users\adina\.stmcufinder\plugins\mcufinder/ => C:\Users\adina\.stmcufinder\plugins\mcufinder
2024-11-14 23:05:11,459 [INFO] ApiDb:250 - Set database path to: C:\Users\adina\.stmcufinder\plugins\mcufinder//mcu/
2024-11-14 23:05:11,459 [WARN] DbFile:41 - Overriding database path with different value: C:\Users\adina\.stmcufinder\plugins\mcufinder/ => C:\Users\adina\.stmcufinder\plugins\mcufinder
2024-11-14 23:05:11,460 [INFO] DbMcusAds:125 - Set database path to: C:\Users\adina\.stmcufinder\plugins\mcufinder//mcu/
2024-11-14 23:05:11,460 [WARN] DbFile:41 - Overriding database path with different value: C:\Users\adina\.stmcufinder\plugins\mcufinder/ => C:\Users\adina\.stmcufinder\plugins\mcufinder
2024-11-14 23:05:11,460 [WARN] DbFile:41 - Overriding database path with different value: C:\Users\adina\.stmcufinder\plugins\mcufinder/ => C:\Users\adina\.stmcufinder\plugins\mcufinder
2024-11-14 23:05:11,460 [INFO] CrossReferenceDbSqlite:203 - Set database path to: C:\Users\adina\.stmcufinder\plugins\mcufinder//mcu/cs/
2024-11-14 23:05:11,486 [INFO] ApplicationProperties:184 - Using Application install path: C:\ST\STM32CubeIDE_1.16.1\STM32CubeIDE\plugins\com.st.stm32cube.common.mx_6.12.1.202409122256
2024-11-14 23:05:11,487 [INFO] PluginManage:196 - Search for loadable plugins [exclusion list=, ]
2024-11-14 23:05:11,489 [INFO] PluginManage:310 - Check plugin analytics
2024-11-14 23:05:11,794 [INFO] AnalyticsPlugin:253 - Accepted Software Licenses: 
2024-11-14 23:05:11,794 [INFO] AnalyticsPlugin:255 - Accepted CMSIS Pack Licenses: 
2024-11-14 23:05:11,794 [INFO] AnalyticsPlugin:257 - Accepted Firmware Licenses: FW.F4.1.28.0
2024-11-14 23:05:11,799 [INFO] PluginManage:359 - Loaded plugin analytics (category:tool,tabindex:-1)
2024-11-14 23:05:11,799 [INFO] PluginManage:310 - Check plugin cadmodel
2024-11-14 23:05:11,812 [INFO] CADModel:105 - Init CAD model plugin
2024-11-14 23:05:11,812 [INFO] PluginManage:359 - Loaded plugin cadmodel (category:power,tabindex:5)
2024-11-14 23:05:11,812 [INFO] PluginManage:310 - Check plugin clock
2024-11-14 23:05:11,826 [INFO] PluginManage:359 - Loaded plugin clock (category:base,tabindex:2)
2024-11-14 23:05:11,827 [INFO] PluginManage:310 - Check plugin ddr
2024-11-14 23:05:11,830 [INFO] PluginManage:359 - Loaded plugin ddr (category:tool,tabindex:6)
2024-11-14 23:05:11,830 [INFO] PluginManage:310 - Check plugin filemanager
2024-11-14 23:05:12,022 [INFO] PluginManage:359 - Loaded plugin filemanager (category:base,tabindex:10)
2024-11-14 23:05:12,022 [INFO] PluginManage:310 - Check plugin ipmanager
2024-11-14 23:05:12,031 [INFO] PluginManage:359 - Loaded plugin ipmanager (category:base,tabindex:5)
2024-11-14 23:05:12,031 [INFO] PluginManage:310 - Check plugin lpbam
2024-11-14 23:05:12,042 [INFO] PluginManage:359 - Loaded plugin lpbam (category:base,tabindex:0)
2024-11-14 23:05:12,042 [INFO] PluginManage:310 - Check plugin memorymap
2024-11-14 23:05:12,064 [INFO] PluginManage:359 - Loaded plugin memorymap (category:base,tabindex:4)
2024-11-14 23:05:12,064 [INFO] PluginManage:310 - Check plugin pinoutandconfiguration
2024-11-14 23:05:12,079 [INFO] PluginManage:359 - Loaded plugin pinoutandconfiguration (category:base,tabindex:1)
2024-11-14 23:05:12,079 [INFO] PluginManage:310 - Check plugin pinoutconfig
2024-11-14 23:05:12,197 [WARN] SupportedApi:132 - Cannot load RTOS API schema: s4s-elt-must-match.1: The content of 'definitions' must match (annotation?, (simpleType | complexType)?, (unique | key | keyref)*)). A problem was found starting at: attribute.
2024-11-14 23:05:12,388 [INFO] PluginManage:359 - Loaded plugin pinoutconfig (category:base,tabindex:0)
2024-11-14 23:05:12,388 [INFO] PluginManage:310 - Check plugin power
2024-11-14 23:05:12,406 [INFO] PluginManage:359 - Loaded plugin power (category:power,tabindex:4)
2024-11-14 23:05:12,407 [INFO] PluginManage:310 - Check plugin projectmanager
2024-11-14 23:05:12,441 [INFO] PluginManage:359 - Loaded plugin projectmanager (category:projectmanager,tabindex:4)
2024-11-14 23:05:12,441 [INFO] PluginManage:310 - Check plugin rif
2024-11-14 23:05:12,451 [INFO] PluginManage:359 - Loaded plugin rif (category:base,tabindex:3)
2024-11-14 23:05:12,451 [INFO] PluginManage:310 - Check plugin thirdparty
2024-11-14 23:05:12,633 [INFO] PluginManage:359 - Loaded plugin thirdparty (category:base,tabindex:-1)
2024-11-14 23:05:12,633 [INFO] PluginManage:310 - Check plugin tools
2024-11-14 23:05:12,633 [WARN] IntegrityCheckThread:84 - waiting for thirdparty lock release [integrity check]
2024-11-14 23:05:12,634 [INFO] IntegrityCheckThread:86 - entering critical section [integrity check]
2024-11-14 23:05:12,634 [INFO] ThirdPartyUpdaterWithRetryManager:70 - Updater plugin not ready yet. [1/15]
2024-11-14 23:05:12,637 [INFO] PluginManage:359 - Loaded plugin tools (category:base,tabindex:7)
2024-11-14 23:05:12,637 [INFO] PluginManage:310 - Check plugin tutovideos
2024-11-14 23:05:12,878 [INFO] PluginManage:359 - Loaded plugin tutovideos (category:base,tabindex:-1)
2024-11-14 23:05:12,878 [INFO] PluginManage:310 - Check plugin updater
2024-11-14 23:05:12,903 [INFO] PluginManage:359 - Loaded plugin updater (category:base,tabindex:12)
2024-11-14 23:05:12,904 [INFO] PluginManage:310 - Check plugin userauth
2024-11-14 23:05:12,912 [INFO] UserAuth:113 - Init User Auth plugin
2024-11-14 23:05:12,912 [INFO] PluginManage:359 - Loaded plugin userauth (category:base,tabindex:14)
2024-11-14 23:05:12,913 [INFO] PluginManage:283 - PluginManage : Loaded plugins [18]
2024-11-14 23:05:13,181 [INFO] PinOutPanel:1561 - setPackage(No Configuration,No Configuration)
2024-11-14 23:05:13,291 [INFO] CADModel:165 - CPN selected for project level
2024-11-14 23:05:13,291 [INFO] CADModel:114 - Register for checkConnection events
2024-11-14 23:05:13,313 [INFO] IPUIPlugin:80 - create IPUIPlugin
2024-11-14 23:05:13,313 [INFO] PluginManager:220 - loadIPPluginJar : add adc
2024-11-14 23:05:13,317 [INFO] IPUIPlugin:80 - create IPUIPlugin
2024-11-14 23:05:13,317 [INFO] PluginManager:220 - loadIPPluginJar : add aes
2024-11-14 23:05:13,320 [INFO] IPUIPlugin:80 - create IPUIPlugin
2024-11-14 23:05:13,320 [INFO] PluginManager:220 - loadIPPluginJar : add can
2024-11-14 23:05:13,323 [INFO] IPUIPlugin:80 - create IPUIPlugin
2024-11-14 23:05:13,323 [INFO] PluginManager:220 - loadIPPluginJar : add comp
2024-11-14 23:05:13,329 [INFO] IPUIPlugin:80 - create IPUIPlugin
2024-11-14 23:05:13,330 [INFO] PluginManager:220 - loadIPPluginJar : add cryp
2024-11-14 23:05:13,334 [INFO] IPUIPlugin:80 - create IPUIPlugin
2024-11-14 23:05:13,335 [INFO] PluginManager:220 - loadIPPluginJar : add ddr_ctrl_phy
2024-11-14 23:05:13,338 [INFO] IPUIPlugin:80 - create IPUIPlugin
2024-11-14 23:05:13,338 [INFO] PluginManager:220 - loadIPPluginJar : add dfsdm
2024-11-14 23:05:13,360 [INFO] IPUIPlugin:80 - create IPUIPlugin
2024-11-14 23:05:13,360 [INFO] PluginManager:220 - loadIPPluginJar : add dma
2024-11-14 23:05:13,365 [INFO] IPUIPlugin:80 - create IPUIPlugin
2024-11-14 23:05:13,365 [INFO] PluginManager:220 - loadIPPluginJar : add dma3
2024-11-14 23:05:13,369 [INFO] IPUIPlugin:80 - create IPUIPlugin
2024-11-14 23:05:13,369 [INFO] PluginManager:220 - loadIPPluginJar : add extmemmanager
2024-11-14 23:05:13,371 [INFO] IPUIPlugin:80 - create IPUIPlugin
2024-11-14 23:05:13,371 [INFO] PluginManager:220 - loadIPPluginJar : add fatfs
2024-11-14 23:05:13,378 [INFO] IPUIPlugin:80 - create IPUIPlugin
2024-11-14 23:05:13,378 [INFO] PluginManager:220 - loadIPPluginJar : add fmc
2024-11-14 23:05:13,394 [INFO] IPUIPlugin:80 - create IPUIPlugin
2024-11-14 23:05:13,395 [INFO] PluginManager:220 - loadIPPluginJar : add freertos
2024-11-14 23:05:13,397 [INFO] IPUIPlugin:80 - create IPUIPlugin
2024-11-14 23:05:13,397 [INFO] PluginManager:220 - loadIPPluginJar : add genericplugin
2024-11-14 23:05:13,401 [INFO] IPUIPlugin:80 - create IPUIPlugin
2024-11-14 23:05:13,401 [INFO] PluginManager:220 - loadIPPluginJar : add gfxmmu
2024-11-14 23:05:13,408 [INFO] IPUIPlugin:80 - create IPUIPlugin
2024-11-14 23:05:13,408 [INFO] PluginManager:220 - loadIPPluginJar : add gic
2024-11-14 23:05:13,413 [INFO] IPUIPlugin:80 - create IPUIPlugin
2024-11-14 23:05:13,413 [INFO] PluginManager:220 - loadIPPluginJar : add gpio
2024-11-14 23:05:13,418 [INFO] IPUIPlugin:80 - create IPUIPlugin
2024-11-14 23:05:13,418 [INFO] PluginManager:220 - loadIPPluginJar : add gtzc
2024-11-14 23:05:13,422 [INFO] IPUIPlugin:80 - create IPUIPlugin
2024-11-14 23:05:13,422 [INFO] PluginManager:220 - loadIPPluginJar : add hash
2024-11-14 23:05:13,426 [INFO] IPUIPlugin:80 - create IPUIPlugin
2024-11-14 23:05:13,426 [INFO] PluginManager:220 - loadIPPluginJar : add i2c
2024-11-14 23:05:13,430 [INFO] IPUIPlugin:80 - create IPUIPlugin
2024-11-14 23:05:13,430 [INFO] PluginManager:220 - loadIPPluginJar : add i2s
2024-11-14 23:05:13,435 [INFO] IPUIPlugin:80 - create IPUIPlugin
2024-11-14 23:05:13,435 [INFO] PluginManager:220 - loadIPPluginJar : add i3c
2024-11-14 23:05:13,439 [INFO] IPUIPlugin:80 - create IPUIPlugin
2024-11-14 23:05:13,440 [INFO] PluginManager:220 - loadIPPluginJar : add ipddr
2024-11-14 23:05:13,450 [INFO] IPUIPlugin:80 - create IPUIPlugin
2024-11-14 23:05:13,450 [INFO] PluginManager:220 - loadIPPluginJar : add linkedlist
2024-11-14 23:05:13,454 [INFO] IPUIPlugin:80 - create IPUIPlugin
2024-11-14 23:05:13,454 [INFO] PluginManager:220 - loadIPPluginJar : add lorawan
2024-11-14 23:05:13,456 [INFO] IPUIPlugin:80 - create IPUIPlugin
2024-11-14 23:05:13,456 [INFO] PluginManager:220 - loadIPPluginJar : add ltdc
2024-11-14 23:05:13,466 [INFO] IPUIPlugin:80 - create IPUIPlugin
2024-11-14 23:05:13,466 [INFO] PluginManager:220 - loadIPPluginJar : add mdma
2024-11-14 23:05:13,472 [INFO] IPUIPlugin:80 - create IPUIPlugin
2024-11-14 23:05:13,472 [INFO] PluginManager:220 - loadIPPluginJar : add nvic
2024-11-14 23:05:13,477 [INFO] IPUIPlugin:80 - create IPUIPlugin
2024-11-14 23:05:13,477 [INFO] PluginManager:220 - loadIPPluginJar : add opamp
2024-11-14 23:05:13,480 [INFO] IPUIPlugin:80 - create IPUIPlugin
2024-11-14 23:05:13,480 [INFO] PluginManager:220 - loadIPPluginJar : add openamp
2024-11-14 23:05:13,484 [INFO] IPUIPlugin:80 - create IPUIPlugin
2024-11-14 23:05:13,484 [INFO] PluginManager:220 - loadIPPluginJar : add pdm2pcm
2024-11-14 23:05:13,495 [INFO] IPUIPlugin:80 - create IPUIPlugin
2024-11-14 23:05:13,498 [INFO] PluginManager:220 - loadIPPluginJar : add plateformsettings
2024-11-14 23:05:13,500 [INFO] IPUIPlugin:80 - create IPUIPlugin
2024-11-14 23:05:13,500 [INFO] PluginManager:220 - loadIPPluginJar : add quadspi
2024-11-14 23:05:13,503 [INFO] IPUIPlugin:80 - create IPUIPlugin
2024-11-14 23:05:13,504 [INFO] PluginManager:220 - loadIPPluginJar : add radio
2024-11-14 23:05:13,509 [INFO] IPUIPlugin:80 - create IPUIPlugin
2024-11-14 23:05:13,509 [INFO] PluginManager:220 - loadIPPluginJar : add resmgrutility
2024-11-14 23:05:13,513 [INFO] IPUIPlugin:80 - create IPUIPlugin
2024-11-14 23:05:13,513 [INFO] PluginManager:220 - loadIPPluginJar : add sai
2024-11-14 23:05:13,516 [INFO] IPUIPlugin:80 - create IPUIPlugin
2024-11-14 23:05:13,517 [INFO] PluginManager:220 - loadIPPluginJar : add spi
2024-11-14 23:05:13,523 [INFO] IPUIPlugin:80 - create IPUIPlugin
2024-11-14 23:05:13,524 [INFO] PluginManager:220 - loadIPPluginJar : add stm32_wpan
2024-11-14 23:05:13,527 [INFO] IPUIPlugin:80 - create IPUIPlugin
2024-11-14 23:05:13,527 [INFO] PluginManager:220 - loadIPPluginJar : add tim
2024-11-14 23:05:13,531 [INFO] IPUIPlugin:80 - create IPUIPlugin
2024-11-14 23:05:13,531 [INFO] PluginManager:220 - loadIPPluginJar : add touchsensing
2024-11-14 23:05:13,534 [INFO] IPUIPlugin:80 - create IPUIPlugin
2024-11-14 23:05:13,535 [INFO] PluginManager:220 - loadIPPluginJar : add tracer_emb
2024-11-14 23:05:13,537 [INFO] IPUIPlugin:80 - create IPUIPlugin
2024-11-14 23:05:13,537 [INFO] PluginManager:220 - loadIPPluginJar : add ts
2024-11-14 23:05:13,540 [INFO] IPUIPlugin:80 - create IPUIPlugin
2024-11-14 23:05:13,540 [INFO] PluginManager:220 - loadIPPluginJar : add tsc
2024-11-14 23:05:13,543 [INFO] IPUIPlugin:80 - create IPUIPlugin
2024-11-14 23:05:13,543 [INFO] PluginManager:220 - loadIPPluginJar : add ucpd
2024-11-14 23:05:13,547 [INFO] IPUIPlugin:80 - create IPUIPlugin
2024-11-14 23:05:13,547 [INFO] PluginManager:220 - loadIPPluginJar : add usart
2024-11-14 23:05:13,551 [INFO] IPUIPlugin:80 - create IPUIPlugin
2024-11-14 23:05:13,551 [INFO] PluginManager:220 - loadIPPluginJar : add usbx
2024-11-14 23:05:13,719 [INFO] CADModel:165 - CPN selected for project level
2024-11-14 23:05:13,719 [INFO] CADModel:114 - Register for checkConnection events
2024-11-14 23:05:13,720 [FATAL] Updater:334 - Updater called before beeing initialized
2024-11-14 23:05:13,720 [ERROR] CADModel:125 - Updater not yet initialized, retry later 
2024-11-14 23:05:13,910 [INFO] CADModel:165 - CPN selected for project level
2024-11-14 23:05:13,910 [INFO] CADModel:114 - Register for checkConnection events
2024-11-14 23:05:13,910 [FATAL] Updater:334 - Updater called before beeing initialized
2024-11-14 23:05:13,910 [ERROR] CADModel:125 - Updater not yet initialized, retry later 
2024-11-14 23:05:13,915 [FATAL] Updater:334 - Updater called before beeing initialized
2024-11-14 23:05:14,076 [FATAL] Updater:334 - Updater called before beeing initialized
2024-11-14 23:05:14,081 [INFO] DbMcusAds:53 - JSON generation date=Fri Sep 20 09:04:38 EDT 2024 (1726837478367)
2024-11-14 23:05:14,082 [FATAL] Updater:334 - Updater called before beeing initialized
2024-11-14 23:05:14,136 [WARN] DetailPanel:346 - Failed to get advertising image, set to default
2024-11-14 23:05:14,271 [FATAL] Updater:334 - Updater called before beeing initialized
2024-11-14 23:05:14,273 [FATAL] Updater:334 - Updater called before beeing initialized
2024-11-14 23:05:14,273 [FATAL] Updater:334 - Updater called before beeing initialized
2024-11-14 23:05:14,273 [WARN] DetailPanel:346 - Failed to get advertising image, set to default
2024-11-14 23:05:14,274 [FATAL] Updater:334 - Updater called before beeing initialized
2024-11-14 23:05:14,368 [ERROR] Updater:1164 - MainUpdater not yet initialized. External WinMGr cannot be set.
2024-11-14 23:05:14,371 [INFO] Updater:1100 - Updater Version found : 6.12.1
2024-11-14 23:05:14,398 [INFO] ApplicationProperties:184 - Using Application install path: C:\ST\STM32CubeIDE_1.16.1\STM32CubeIDE\plugins\com.st.stm32cube.common.mx_6.12.1.202409122256
2024-11-14 23:05:15,635 [INFO] ThirdPartyUpdaterWithRetryManager:70 - Updater plugin not ready yet. [2/15]
2024-11-14 23:05:16,003 [ERROR] LogOutputStream:75 - [STDERR_REDIRECT] Nov 14, 2024 11:05:15 PM java.util.prefs.WindowsPreferences <init>
2024-11-14 23:05:16,005 [ERROR] LogOutputStream:75 - [STDERR_REDIRECT] WARNING: Could not open/create prefs root node Software\JavaSoft\Prefs at root 0xffffffff80000002. Windows RegCreateKeyEx(...) returned error code 5.
2024-11-14 23:05:16,006 [ERROR] LogOutputStream:75 - [STDERR_REDIRECT] 
2024-11-14 23:05:16,376 [INFO] MainUpdater:2873 - connection check result : 10
2024-11-14 23:05:16,378 [INFO] MainUpdater:290 - Updater Check For Update Now.
2024-11-14 23:05:16,378 [INFO] MicroXplorer:498 - Change Database Version : DB.6.0.121
2024-11-14 23:05:16,389 [INFO] McuFinderGlobals:63 - Set McuFinder mode to 2 (CubeIDE integrated)
2024-11-14 23:05:16,390 [INFO] UserAuth:417 - Internet connection configuration mode: 1
2024-11-14 23:05:16,420 [INFO] JxBrowserEngine:152 - Initiate JxBrowser Engine with user profile folder
2024-11-14 23:05:16,611 [INFO] CheckServerUpdateThread:120 - End of CheckServer Thread
2024-11-14 23:05:17,881 [INFO] WebApp:167 - Instantiating new browser for Auth
2024-11-14 23:05:19,079 [WARN] PackLoader:240 - Cannot read IP mode file for STMicroelectronics.FP-SNS-MOTENVWB1.1.4.0
2024-11-14 23:05:19,094 [WARN] PackLoader:240 - Cannot read IP mode file for STMicroelectronics.FP-ATR-ASTRA1.2.0.1
2024-11-14 23:05:19,107 [WARN] PackLoader:240 - Cannot read IP mode file for STMicroelectronics.X-CUBE-SMBUS.2.1.0
2024-11-14 23:05:19,120 [WARN] PackLoader:240 - Cannot read IP mode file for STMicroelectronics.X-CUBE-WB05N.1.1.0
2024-11-14 23:05:19,155 [INFO] WebApp:448 - Apply proxy settings
2024-11-14 23:05:19,156 [INFO] WebApp:533 - Chromium requires no authentication
2024-11-14 23:05:19,163 [WARN] PackLoader:240 - Cannot read IP mode file for STMicroelectronics.X-CUBE-AZRTOS-F7.1.1.0
2024-11-14 23:05:19,171 [INFO] WebApp:476 - Direct internet connection detected
2024-11-14 23:05:19,244 [INFO] WebApp:869 - Register for checkConnection events
2024-11-14 23:05:19,244 [INFO] WebApp:448 - Apply proxy settings
2024-11-14 23:05:19,245 [INFO] WebApp:533 - Chromium requires no authentication
2024-11-14 23:05:19,245 [INFO] WebApp:476 - Direct internet connection detected
2024-11-14 23:05:19,250 [WARN] PackLoader:240 - Cannot read IP mode file for STMicroelectronics.X-CUBE-MEMS1.11.0.0
2024-11-14 23:05:19,432 [WARN] PackLoader:240 - Cannot read IP mode file for STMicroelectronics.FP-SNS-FLIGHT1.5.0.2
2024-11-14 23:05:19,433 [INFO] WebApp:186 - Connection restablished
2024-11-14 23:05:19,453 [WARN] PackLoader:240 - Cannot read IP mode file for STMicroelectronics.X-CUBE-DISPLAY.3.0.0
2024-11-14 23:05:19,468 [WARN] PackLoader:240 - Cannot read IP mode file for STMicroelectronics.X-CUBE-BLE1.7.0.0
2024-11-14 23:05:19,479 [WARN] PackLoader:240 - Cannot read IP mode file for STMicroelectronics.X-CUBE-NFC10.1.0.0
2024-11-14 23:05:19,491 [WARN] PackLoader:240 - Cannot read IP mode file for emotas.I-CUBE-CANOPEN.1.3.0
2024-11-14 23:05:19,508 [WARN] PackLoader:240 - Cannot read IP mode file for STMicroelectronics.X-CUBE-BLEMGR.3.1.0
2024-11-14 23:05:19,521 [WARN] PackLoader:240 - Cannot read IP mode file for STMicroelectronics.FP-SNS-SMARTAG2.1.2.0
2024-11-14 23:05:19,564 [INFO] LogOutputStream:77 - [STDOUT_REDIRECT] 1 : Invalid condition id : UX_CORESTACK_Condition cause : null
2024-11-14 23:05:19,565 [INFO] LogOutputStream:77 - [STDOUT_REDIRECT] 1 : Invalid condition id : UX_CORESTACK_Condition cause : null
2024-11-14 23:05:19,568 [INFO] LogOutputStream:77 - [STDOUT_REDIRECT] 1 : Invalid condition id : UX_CORESTACK_Condition cause : null
2024-11-14 23:05:19,571 [INFO] LogOutputStream:77 - [STDOUT_REDIRECT] 1 : Invalid condition id : UX_CORESTACK_Condition cause : null
2024-11-14 23:05:19,575 [INFO] LogOutputStream:77 - [STDOUT_REDIRECT] 1 : Invalid condition id : UX_CORESTACK_Condition cause : null
2024-11-14 23:05:19,580 [WARN] PackLoader:240 - Cannot read IP mode file for STMicroelectronics.X-CUBE-AZRTOS-WL.2.0.0
2024-11-14 23:05:19,589 [WARN] PackLoader:240 - Cannot read IP mode file for STMicroelectronics.FP-SNS-MOTENV1.5.0.0
2024-11-14 23:05:19,606 [WARN] PackLoader:240 - Cannot read IP mode file for wolfSSL.I-CUBE-wolfMQTT.1.19.0
2024-11-14 23:05:19,620 [WARN] PackLoader:240 - Cannot read IP mode file for WES.I-CUBE-Cesium.1.3.0
2024-11-14 23:05:19,627 [WARN] PackLoader:240 - Cannot read IP mode file for STMicroelectronics.X-CUBE-BLE2.3.3.0
2024-11-14 23:05:19,635 [WARN] PackLoader:240 - Cannot read IP mode file for STMicroelectronics.X-CUBE-NFC9.1.0.0
2024-11-14 23:05:19,646 [WARN] PackLoader:240 - Cannot read IP mode file for STMicroelectronics.X-CUBE-TCPP.4.1.0
2024-11-14 23:05:19,669 [WARN] PackLoader:240 - Cannot read IP mode file for STMicroelectronics.X-CUBE-AZRTOS-G0.1.1.0
2024-11-14 23:05:19,681 [WARN] PackLoader:240 - Cannot read IP mode file for STMicroelectronics.X-CUBE-SAFEA1.1.2.2
2024-11-14 23:05:19,690 [WARN] PackLoader:240 - Cannot read IP mode file for STMicroelectronics.X-CUBE-NFC4.3.0.0
2024-11-14 23:05:19,704 [WARN] PackLoader:240 - Cannot read IP mode file for EmbeddedOffice.I-CUBE-FS-RTOS.1.0.1
2024-11-14 23:05:19,705 [ERROR] ConditionMgr:805 - Attr not supported : Dmpu
2024-11-14 23:05:19,705 [ERROR] ConditionMgr:805 - Attr not supported : Dmpu
2024-11-14 23:05:19,705 [ERROR] ConditionMgr:805 - Attr not supported : Dmpu
2024-11-14 23:05:19,705 [ERROR] ConditionMgr:805 - Attr not supported : Dmpu
2024-11-14 23:05:19,705 [ERROR] ConditionMgr:805 - Attr not supported : Dmpu
2024-11-14 23:05:19,705 [ERROR] ConditionMgr:805 - Attr not supported : Dmpu
2024-11-14 23:05:19,706 [ERROR] ConditionMgr:805 - Attr not supported : Dmpu
2024-11-14 23:05:19,706 [ERROR] ConditionMgr:805 - Attr not supported : Dmpu
2024-11-14 23:05:19,706 [ERROR] ConditionMgr:805 - Attr not supported : Dmpu
2024-11-14 23:05:19,706 [ERROR] ConditionMgr:805 - Attr not supported : Dmpu
2024-11-14 23:05:19,706 [ERROR] ConditionMgr:805 - Attr not supported : Dmpu
2024-11-14 23:05:19,706 [ERROR] ConditionMgr:805 - Attr not supported : Dmpu
2024-11-14 23:05:19,706 [ERROR] ConditionMgr:805 - Attr not supported : Dmpu
2024-11-14 23:05:19,706 [ERROR] ConditionMgr:805 - Attr not supported : Dmpu
2024-11-14 23:05:19,706 [ERROR] ConditionMgr:805 - Attr not supported : Dmpu
2024-11-14 23:05:19,707 [ERROR] ConditionMgr:805 - Attr not supported : Dmpu
2024-11-14 23:05:19,707 [ERROR] ConditionMgr:805 - Attr not supported : Dmpu
2024-11-14 23:05:19,707 [ERROR] ConditionMgr:805 - Attr not supported : Dmpu
2024-11-14 23:05:19,707 [ERROR] ConditionMgr:805 - Attr not supported : Dmpu
2024-11-14 23:05:19,707 [ERROR] ConditionMgr:805 - Attr not supported : Dmpu
2024-11-14 23:05:19,707 [ERROR] ConditionMgr:805 - Attr not supported : Dmpu
2024-11-14 23:05:19,707 [ERROR] ConditionMgr:805 - Attr not supported : Dmpu
2024-11-14 23:05:19,707 [ERROR] ConditionMgr:805 - Attr not supported : Dmpu
2024-11-14 23:05:19,708 [ERROR] ConditionMgr:805 - Attr not supported : Dmpu
2024-11-14 23:05:19,708 [ERROR] ConditionMgr:805 - Attr not supported : Dmpu
2024-11-14 23:05:19,708 [ERROR] ConditionMgr:805 - Attr not supported : Dmpu
2024-11-14 23:05:19,708 [ERROR] ConditionMgr:805 - Attr not supported : Dmpu
2024-11-14 23:05:19,708 [ERROR] ConditionMgr:805 - Attr not supported : Dmpu
2024-11-14 23:05:19,708 [ERROR] ConditionMgr:805 - Attr not supported : Dmpu
2024-11-14 23:05:19,708 [ERROR] ConditionMgr:805 - Attr not supported : Dmpu
2024-11-14 23:05:19,708 [ERROR] ConditionMgr:805 - Attr not supported : Dmpu
2024-11-14 23:05:19,708 [ERROR] ConditionMgr:805 - Attr not supported : Dmpu
2024-11-14 23:05:19,708 [ERROR] ConditionMgr:805 - Attr not supported : Dmpu
2024-11-14 23:05:19,709 [ERROR] ConditionMgr:805 - Attr not supported : Dmpu
2024-11-14 23:05:19,709 [ERROR] ConditionMgr:805 - Attr not supported : Dmpu
2024-11-14 23:05:19,709 [ERROR] ConditionMgr:805 - Attr not supported : Dmpu
2024-11-14 23:05:19,709 [ERROR] ConditionMgr:805 - Attr not supported : Dmpu
2024-11-14 23:05:19,709 [ERROR] ConditionMgr:805 - Attr not supported : Dmpu
2024-11-14 23:05:19,710 [ERROR] ConditionMgr:805 - Attr not supported : Dmpu
2024-11-14 23:05:19,710 [ERROR] ConditionMgr:805 - Attr not supported : Dmpu
2024-11-14 23:05:19,710 [ERROR] ConditionMgr:805 - Attr not supported : Dmpu
2024-11-14 23:05:19,710 [ERROR] ConditionMgr:805 - Attr not supported : Dmpu
2024-11-14 23:05:19,710 [ERROR] ConditionMgr:805 - Attr not supported : Dmpu
2024-11-14 23:05:19,710 [ERROR] ConditionMgr:805 - Attr not supported : Dmpu
2024-11-14 23:05:19,710 [ERROR] ConditionMgr:805 - Attr not supported : Dmpu
2024-11-14 23:05:19,711 [ERROR] ConditionMgr:805 - Attr not supported : Dmpu
2024-11-14 23:05:19,711 [ERROR] ConditionMgr:805 - Attr not supported : Dmpu
2024-11-14 23:05:19,711 [ERROR] ConditionMgr:805 - Attr not supported : Dmpu
2024-11-14 23:05:19,711 [ERROR] ConditionMgr:805 - Attr not supported : Dmpu
2024-11-14 23:05:19,711 [ERROR] ConditionMgr:805 - Attr not supported : Dmpu
2024-11-14 23:05:19,711 [ERROR] ConditionMgr:805 - Attr not supported : Dmpu
2024-11-14 23:05:19,711 [ERROR] ConditionMgr:805 - Attr not supported : Dmpu
2024-11-14 23:05:19,711 [ERROR] ConditionMgr:805 - Attr not supported : Dmpu
2024-11-14 23:05:19,711 [ERROR] ConditionMgr:805 - Attr not supported : Dmpu
2024-11-14 23:05:19,712 [ERROR] ConditionMgr:805 - Attr not supported : Dmpu
2024-11-14 23:05:19,712 [ERROR] ConditionMgr:805 - Attr not supported : Dmpu
2024-11-14 23:05:19,712 [ERROR] ConditionMgr:805 - Attr not supported : Dmpu
2024-11-14 23:05:19,712 [ERROR] ConditionMgr:805 - Attr not supported : Dmpu
2024-11-14 23:05:19,712 [ERROR] ConditionMgr:805 - Attr not supported : Dmpu
2024-11-14 23:05:19,712 [ERROR] ConditionMgr:805 - Attr not supported : Dmpu
2024-11-14 23:05:19,712 [ERROR] ConditionMgr:805 - Attr not supported : Dmpu
2024-11-14 23:05:19,712 [ERROR] ConditionMgr:805 - Attr not supported : Dmpu
2024-11-14 23:05:19,712 [ERROR] ConditionMgr:805 - Attr not supported : Dmpu
2024-11-14 23:05:19,713 [ERROR] ConditionMgr:805 - Attr not supported : Dmpu
2024-11-14 23:05:19,721 [WARN] PackLoader:240 - Cannot read IP mode file for RealThread.X-CUBE-RT-Thread_Nano.4.1.1
2024-11-14 23:05:19,728 [WARN] PackLoader:240 - Cannot read IP mode file for STMicroelectronics.FP-ATR-SIGFOX1.3.2.0
2024-11-14 23:05:19,734 [WARN] ConditionMgr:438 - getConditionDescription Invalid condition id : Cortex-A Device cause : null
2024-11-14 23:05:19,752 [WARN] ConditionMgr:1039 - genDependencies : Invalid condition id : Cortex-A Device cause : null
2024-11-14 23:05:19,753 [WARN] ConditionMgr:1039 - genDependencies : Invalid condition id : Cortex-A Device cause : null
2024-11-14 23:05:19,753 [WARN] ConditionMgr:1039 - genDependencies : Invalid condition id : Cortex-A Device cause : null
2024-11-14 23:05:19,762 [WARN] PackLoader:240 - Cannot read IP mode file for STMicroelectronics.X-CUBE-EEPRMA1.5.1.0
2024-11-14 23:05:19,770 [WARN] PackLoader:240 - Cannot read IP mode file for wolfSSL.I-CUBE-wolfSSL.5.7.4
2024-11-14 23:05:19,778 [WARN] PackLoader:240 - Cannot read IP mode file for ITTIA_DB.I-CUBE-ITTIADB.8.9.0
2024-11-14 23:05:19,818 [WARN] PackLoader:240 - Cannot read IP mode file for SEGGER.I-CUBE-embOS.1.3.1
2024-11-14 23:05:19,822 [INFO] WebApp:220 - Starting web application
2024-11-14 23:05:19,823 [INFO] WebApp:578 - Web application path used C:\ST\STM32CubeIDE_1.16.1\STM32CubeIDE\plugins\com.st.stm32cube.common.mx_6.12.1.202409122256\db\plugins\mcufinder\reactClient1\index.html
2024-11-14 23:05:19,900 [WARN] PackLoader:240 - Cannot read IP mode file for STMicroelectronics.X-CUBE-ALGOBUILD.1.4.0
2024-11-14 23:05:19,907 [WARN] PackLoader:240 - Cannot read IP mode file for STMicroelectronics.X-CUBE-AI.9.1.0
2024-11-14 23:05:19,930 [WARN] PackLoader:240 - Cannot read IP mode file for STMicroelectronics.X-CUBE-AZRTOS-F4.1.1.0
2024-11-14 23:05:19,940 [WARN] PackLoader:240 - Cannot read IP mode file for STMicroelectronics.X-CUBE-ISPU.2.1.0
2024-11-14 23:05:19,949 [WARN] PackLoader:240 - Cannot read IP mode file for STMicroelectronics.X-CUBE-FREERTOS.1.2.0
2024-11-14 23:05:19,975 [WARN] PackLoader:240 - Cannot read IP mode file for STMicroelectronics.X-CUBE-AZRTOS-L5.2.0.0
2024-11-14 23:05:19,990 [WARN] PackLoader:240 - Cannot read IP mode file for STMicroelectronics.X-CUBE-NFC6.3.1.0
2024-11-14 23:05:20,002 [WARN] PackLoader:240 - Cannot read IP mode file for STMicroelectronics.X-CUBE-DPower.1.2.0
2024-11-14 23:05:20,011 [WARN] PackLoader:240 - Cannot read IP mode file for STMicroelectronics.X-CUBE-NFC7.1.0.1
2024-11-14 23:05:20,022 [INFO] UserAuth:417 - Internet connection configuration mode: 1
2024-11-14 23:05:20,044 [WARN] ConditionMgr:438 - getConditionDescription Invalid condition id : LAN8742 Phy interface Condition cause : null
2024-11-14 23:05:20,045 [WARN] PackLoader:240 - Cannot read IP mode file for STMicroelectronics.X-CUBE-AZRTOS-L4.2.0.0
2024-11-14 23:05:20,047 [WARN] ConditionMgr:1039 - genDependencies : Invalid condition id : LAN8742 Phy interface Condition cause : null
2024-11-14 23:05:20,048 [WARN] ConditionMgr:1039 - genDependencies : Invalid condition id : LAN8742 Phy interface Condition cause : null
2024-11-14 23:05:20,049 [WARN] ConditionMgr:1039 - genDependencies : Invalid condition id : LAN8742 Phy interface Condition cause : null
2024-11-14 23:05:20,064 [WARN] PackLoader:240 - Cannot read IP mode file for STMicroelectronics.X-CUBE-SFXS2LP1.4.0.0
2024-11-14 23:05:20,095 [WARN] PackLoader:240 - Cannot read IP mode file for STMicroelectronics.X-CUBE-AZRTOS-H7.3.3.0
2024-11-14 23:05:20,112 [WARN] PackLoader:240 - Cannot read IP mode file for STMicroelectronics.X-CUBE-IPS.3.0.0
2024-11-14 23:05:20,135 [WARN] ConditionMgr:438 - getConditionDescription Invalid condition id : UX DEVICE CLASS RTOS Condition cause : null
2024-11-14 23:05:20,135 [WARN] ConditionMgr:438 - getConditionDescription Invalid condition id : UX DEVICE CLASS RTOS Condition cause : null
2024-11-14 23:05:20,138 [WARN] PackLoader:240 - Cannot read IP mode file for STMicroelectronics.X-CUBE-AZRTOS-WB.2.0.0
2024-11-14 23:05:20,139 [WARN] ConditionMgr:1039 - genDependencies : Invalid condition id : UX DEVICE CLASS RTOS Condition cause : null
2024-11-14 23:05:20,139 [WARN] ConditionMgr:1039 - genDependencies : Invalid condition id : UX DEVICE CLASS RTOS Condition cause : null
2024-11-14 23:05:20,140 [WARN] ConditionMgr:1039 - genDependencies : Invalid condition id : UX DEVICE CLASS RTOS Condition cause : null
2024-11-14 23:05:20,140 [WARN] ConditionMgr:1039 - genDependencies : Invalid condition id : UX DEVICE CLASS RTOS Condition cause : null
2024-11-14 23:05:20,140 [WARN] ConditionMgr:1039 - genDependencies : Invalid condition id : UX DEVICE CLASS RTOS Condition cause : null
2024-11-14 23:05:20,151 [WARN] PackLoader:240 - Cannot read IP mode file for STMicroelectronics.X-CUBE-GNSS1.7.0.0
2024-11-14 23:05:20,162 [WARN] PackLoader:240 - Cannot read IP mode file for STMicroelectronics.FP-SNS-STBOX1.2.0.0
2024-11-14 23:05:20,188 [WARN] PackLoader:240 - Cannot read IP mode file for STMicroelectronics.X-CUBE-SUBG2.5.0.0
2024-11-14 23:05:20,207 [WARN] PackLoader:240 - Cannot read IP mode file for Cesanta.I-CUBE-Mongoose.7.13.0
2024-11-14 23:05:20,230 [WARN] PackLoader:240 - Cannot read IP mode file for STMicroelectronics.X-CUBE-AZRTOS-G4.2.0.0
2024-11-14 23:05:20,240 [WARN] PackLoader:240 - Cannot read IP mode file for STMicroelectronics.X-CUBE-ALS.1.0.2
2024-11-14 23:05:20,247 [WARN] PackLoader:240 - Cannot read IP mode file for STMicroelectronics.X-CUBE-TOUCHGFX.4.24.1
2024-11-14 23:05:20,252 [WARN] PackLoader:240 - Cannot read IP mode file for wolfSSL.I-CUBE-wolfTPM.3.4.0
2024-11-14 23:05:20,260 [WARN] PackLoader:240 - Cannot read IP mode file for portGmbH.I-Cube-SoM-uGOAL.1.1.0
2024-11-14 23:05:20,305 [WARN] PackLoader:240 - Cannot read IP mode file for STMicroelectronics.X-CUBE-AZRTOS-H7RS.1.0.0
2024-11-14 23:05:20,324 [WARN] PackLoader:240 - Cannot read IP mode file for STMicroelectronics.X-CUBE-TOF1.3.4.2
2024-11-14 23:05:20,362 [WARN] PackLoader:240 - Cannot read IP mode file for Infineon.AIROC-Wi-Fi-Bluetooth-STM32.1.6.1
2024-11-14 23:05:20,374 [WARN] PackLoader:240 - Cannot read IP mode file for wolfSSL.I-CUBE-wolfSSH.1.4.17
2024-11-14 23:05:20,375 [INFO] ThirdParty:978 - Integrity check success = true
2024-11-14 23:05:20,375 [INFO] IntegrityCheckThread:100 - exiting critical section [integrity check]
2024-11-14 23:05:20,375 [INFO] IntegrityCheckThread:103 - End integrity checks thread
2024-11-14 23:13:50,359 [INFO] WebApp:189 - Connection lost
2024-11-14 23:13:50,506 [INFO] WebApp:186 - Connection restablished
2024-11-14 23:20:15,045 [ERROR] LogOutputStream:75 - [STDERR_REDIRECT] 
