2024-11-20 00:02:32,846 [INFO] WebApp:189 - Connection lost
2024-11-20 00:02:33,000 [INFO] WebApp:186 - Connection restablished
2024-11-20 00:03:29,862 [INFO] WebApp:189 - Connection lost
2024-11-20 00:03:30,311 [INFO] WebApp:186 - Connection restablished
2024-11-20 00:11:37,439 [INFO] WebApp:189 - Connection lost
2024-11-20 00:11:43,496 [INFO] WebApp:186 - Connection restablished
2024-11-20 00:13:29,682 [INFO] NvicIntPanel:101 - NVIC parent = com.st.microxplorer.plugins.ip.nvic.MultiNvicIntPanel[,0,0,0x0,invalid,layout=javax.swing.BoxLayout,alignmentX=0.0,alignmentY=0.0,border=,flags=9,maximumSize=,minimumSize=,preferredSize=]
2024-11-20 00:15:32,150 [INFO] UtilMem:75 - End SaveConfig() Used Memory: 720091976 Bytes (901775360)
2024-11-20 00:15:37,188 [INFO] UtilMem:75 - End SaveConfig() Used Memory: 741411568 Bytes (901775360)
2024-11-20 00:15:41,559 [INFO] UtilMem:75 - End SaveConfig() Used Memory: 272857088 Bytes (901775360)
2024-11-20 00:15:42,033 [INFO] BlockDiagram:2766 - set Specific Code input for plugin: NVIC
2024-11-20 00:15:42,033 [INFO] BlockDiagram:2766 - set Specific Code input for plugin: USART
2024-11-20 00:15:42,033 [INFO] BlockDiagram:2766 - set Specific Code input for plugin: TIM1_8
2024-11-20 00:15:42,033 [INFO] BlockDiagram:2766 - set Specific Code input for plugin: SYS
2024-11-20 00:15:42,034 [INFO] BlockDiagram:2766 - set Specific Code input for plugin: GPIO
2024-11-20 00:15:42,034 [INFO] BlockDiagram:2766 - set Specific Code input for plugin: RCC
2024-11-20 00:15:42,035 [INFO] CodeGenerator:807 - code generatio: config db path: C:\ST\STM32CubeIDE_1.16.1\STM32CubeIDE\plugins\com.st.stm32cube.common.mx_6.12.1.202409122256\\db\
2024-11-20 00:15:42,160 [INFO] CodeEngine:255 - oldGeneratedFile, C:\Users\adina\STM32CubeIDE\workspace_1.16.1\piezo\MXTmpFiles\license.tmp_save
2024-11-20 00:15:42,315 [INFO] CodeEngine:279 - Generated code: C:\Users\adina\STM32CubeIDE\workspace_1.16.1\piezo\MXTmpFiles\license.tmp
2024-11-20 00:15:42,370 [INFO] CodeEngine:255 - oldGeneratedFile, C:\Users\adina\STM32CubeIDE\workspace_1.16.1\piezo\MXTmpFiles\gpio.tmp_save
2024-11-20 00:15:42,515 [INFO] CodeEngine:279 - Generated code: C:\Users\adina\STM32CubeIDE\workspace_1.16.1\piezo\MXTmpFiles\gpio.tmp
2024-11-20 00:15:42,677 [INFO] CodeEngine:255 - oldGeneratedFile, C:\Users\adina\STM32CubeIDE\workspace_1.16.1\piezo\Core\Src\stm32f4xx_it.c_save
2024-11-20 00:15:42,952 [INFO] CodeEngine:279 - Generated code: C:\Users\adina\STM32CubeIDE\workspace_1.16.1\piezo\Core\Src\stm32f4xx_it.c
2024-11-20 00:15:42,998 [INFO] CodeEngine:255 - oldGeneratedFile, C:\Users\adina\STM32CubeIDE\workspace_1.16.1\piezo\Core\Inc\stm32f4xx_it.h_save
2024-11-20 00:15:43,110 [INFO] CodeEngine:279 - Generated code: C:\Users\adina\STM32CubeIDE\workspace_1.16.1\piezo\Core\Inc\stm32f4xx_it.h
2024-11-20 00:15:43,173 [INFO] CodeEngine:255 - oldGeneratedFile, C:\Users\adina\STM32CubeIDE\workspace_1.16.1\piezo\Core\Src\stm32f4xx_hal_msp.c_save
2024-11-20 00:15:43,374 [INFO] CodeEngine:279 - Generated code: C:\Users\adina\STM32CubeIDE\workspace_1.16.1\piezo\Core\Src\stm32f4xx_hal_msp.c
2024-11-20 00:15:43,408 [INFO] CodeEngine:255 - oldGeneratedFile, C:\Users\adina\STM32CubeIDE\workspace_1.16.1\piezo\MXTmpFiles\system.tmp_save
2024-11-20 00:15:43,505 [INFO] CodeEngine:279 - Generated code: C:\Users\adina\STM32CubeIDE\workspace_1.16.1\piezo\MXTmpFiles\system.tmp
2024-11-20 00:15:43,561 [INFO] CodeEngine:311 - oldGeneratedFile, C:\Users\adina\STM32CubeIDE\workspace_1.16.1\piezo\Core\Inc\stm32f4xx_hal_conf.h_save
2024-11-20 00:15:43,733 [INFO] CodeEngine:335 - Generated code: C:\Users\adina\STM32CubeIDE\workspace_1.16.1\piezo\Core\Inc\stm32f4xx_hal_conf.h
2024-11-20 00:15:43,786 [WARN] IPConfigManager:3554 - IP not found : TIM
2024-11-20 00:15:43,814 [WARN] CodeGenerator:4002 - IP not found : null
2024-11-20 00:15:43,842 [INFO] CodeEngine:255 - oldGeneratedFile, C:\Users\adina\STM32CubeIDE\workspace_1.16.1\piezo\Core\Inc\main.h_save
2024-11-20 00:15:44,014 [INFO] CodeEngine:279 - Generated code: C:\Users\adina\STM32CubeIDE\workspace_1.16.1\piezo\Core\Inc\main.h
2024-11-20 00:15:44,065 [INFO] CodeEngine:255 - oldGeneratedFile, C:\Users\adina\STM32CubeIDE\workspace_1.16.1\piezo\Core\Src\main.c_save
2024-11-20 00:15:44,259 [INFO] CodeEngine:279 - Generated code: C:\Users\adina\STM32CubeIDE\workspace_1.16.1\piezo\Core\Src\main.c
2024-11-20 00:15:44,891 [INFO] ProjectBuilder:3249 - Time for Copy HAL[1] : 376mS.
2024-11-20 00:15:44,896 [INFO] ProjectBuilder:4828 - Project Generator version: 4.5.0-B34
2024-11-20 00:15:44,987 [INFO] ConfigFileManager:1531 - The Die is : DIE433
2024-11-20 00:15:46,601 [INFO] ProjectBuilder:5097 - Time for Generating toolchain IDE Files: 1705mS.
2024-11-20 00:15:46,603 [INFO] ProjectBuilder:3107 - Time for Copy CMSIS : 1mS.
2024-11-20 00:15:46,606 [INFO] ProjectBuilder:3107 - Time for Copy CMSIS : 0mS.
2024-11-20 00:38:55,767 [INFO] NvicIntPanel:101 - NVIC parent = com.st.microxplorer.plugins.ip.nvic.MultiNvicIntPanel[,0,0,0x0,invalid,layout=javax.swing.BoxLayout,alignmentX=0.0,alignmentY=0.0,border=,flags=9,maximumSize=,minimumSize=,preferredSize=]
2024-11-20 00:47:26,689 [INFO] NvicIntPanel:101 - NVIC parent = com.st.microxplorer.plugins.ip.nvic.MultiNvicIntPanel[,0,0,0x0,invalid,layout=javax.swing.BoxLayout,alignmentX=0.0,alignmentY=0.0,border=,flags=9,maximumSize=,minimumSize=,preferredSize=]
2024-11-20 00:47:55,744 [INFO] UtilMem:75 - End SaveConfig() Used Memory: 640394904 Bytes (870318080)
2024-11-20 00:50:22,146 [INFO] UtilMem:75 - End SaveConfig() Used Memory: 384251592 Bytes (870318080)
2024-11-20 00:50:22,487 [INFO] BlockDiagram:2766 - set Specific Code input for plugin: NVIC
2024-11-20 00:50:22,487 [INFO] BlockDiagram:2766 - set Specific Code input for plugin: USART
2024-11-20 00:50:22,487 [INFO] BlockDiagram:2766 - set Specific Code input for plugin: TIM1_8
2024-11-20 00:50:22,487 [INFO] BlockDiagram:2766 - set Specific Code input for plugin: SYS
2024-11-20 00:50:22,488 [INFO] BlockDiagram:2766 - set Specific Code input for plugin: GPIO
2024-11-20 00:50:22,488 [INFO] BlockDiagram:2766 - set Specific Code input for plugin: RCC
2024-11-20 00:50:22,489 [INFO] CodeGenerator:807 - code generatio: config db path: C:\ST\STM32CubeIDE_1.16.1\STM32CubeIDE\plugins\com.st.stm32cube.common.mx_6.12.1.202409122256\\db\
2024-11-20 00:50:22,571 [INFO] CodeEngine:255 - oldGeneratedFile, C:\Users\adina\STM32CubeIDE\workspace_1.16.1\piezo\MXTmpFiles\license.tmp_save
2024-11-20 00:50:22,694 [INFO] CodeEngine:279 - Generated code: C:\Users\adina\STM32CubeIDE\workspace_1.16.1\piezo\MXTmpFiles\license.tmp
2024-11-20 00:50:22,743 [INFO] CodeEngine:255 - oldGeneratedFile, C:\Users\adina\STM32CubeIDE\workspace_1.16.1\piezo\MXTmpFiles\gpio.tmp_save
2024-11-20 00:50:22,893 [INFO] CodeEngine:279 - Generated code: C:\Users\adina\STM32CubeIDE\workspace_1.16.1\piezo\MXTmpFiles\gpio.tmp
2024-11-20 00:50:22,989 [INFO] CodeEngine:255 - oldGeneratedFile, C:\Users\adina\STM32CubeIDE\workspace_1.16.1\piezo\Core\Src\stm32f4xx_it.c_save
2024-11-20 00:50:23,169 [INFO] CodeEngine:279 - Generated code: C:\Users\adina\STM32CubeIDE\workspace_1.16.1\piezo\Core\Src\stm32f4xx_it.c
2024-11-20 00:50:23,178 [INFO] CodeEngine:255 - oldGeneratedFile, C:\Users\adina\STM32CubeIDE\workspace_1.16.1\piezo\Core\Inc\stm32f4xx_it.h_save
2024-11-20 00:50:23,278 [INFO] CodeEngine:279 - Generated code: C:\Users\adina\STM32CubeIDE\workspace_1.16.1\piezo\Core\Inc\stm32f4xx_it.h
2024-11-20 00:50:23,313 [INFO] CodeEngine:255 - oldGeneratedFile, C:\Users\adina\STM32CubeIDE\workspace_1.16.1\piezo\Core\Src\stm32f4xx_hal_msp.c_save
2024-11-20 00:50:23,457 [INFO] CodeEngine:279 - Generated code: C:\Users\adina\STM32CubeIDE\workspace_1.16.1\piezo\Core\Src\stm32f4xx_hal_msp.c
2024-11-20 00:50:23,465 [INFO] CodeEngine:255 - oldGeneratedFile, C:\Users\adina\STM32CubeIDE\workspace_1.16.1\piezo\MXTmpFiles\system.tmp_save
2024-11-20 00:50:23,551 [INFO] CodeEngine:279 - Generated code: C:\Users\adina\STM32CubeIDE\workspace_1.16.1\piezo\MXTmpFiles\system.tmp
2024-11-20 00:50:23,581 [INFO] CodeEngine:311 - oldGeneratedFile, C:\Users\adina\STM32CubeIDE\workspace_1.16.1\piezo\Core\Inc\stm32f4xx_hal_conf.h_save
2024-11-20 00:50:23,718 [INFO] CodeEngine:335 - Generated code: C:\Users\adina\STM32CubeIDE\workspace_1.16.1\piezo\Core\Inc\stm32f4xx_hal_conf.h
2024-11-20 00:50:23,750 [WARN] IPConfigManager:3554 - IP not found : TIM
2024-11-20 00:50:23,751 [WARN] CodeGenerator:4002 - IP not found : null
2024-11-20 00:50:23,775 [INFO] CodeEngine:255 - oldGeneratedFile, C:\Users\adina\STM32CubeIDE\workspace_1.16.1\piezo\Core\Inc\main.h_save
2024-11-20 00:50:23,895 [INFO] CodeEngine:279 - Generated code: C:\Users\adina\STM32CubeIDE\workspace_1.16.1\piezo\Core\Inc\main.h
2024-11-20 00:50:23,916 [INFO] CodeEngine:255 - oldGeneratedFile, C:\Users\adina\STM32CubeIDE\workspace_1.16.1\piezo\Core\Src\main.c_save
2024-11-20 00:50:24,088 [INFO] CodeEngine:279 - Generated code: C:\Users\adina\STM32CubeIDE\workspace_1.16.1\piezo\Core\Src\main.c
2024-11-20 00:50:24,581 [INFO] ProjectBuilder:3249 - Time for Copy HAL[1] : 284mS.
2024-11-20 00:50:24,585 [INFO] ProjectBuilder:4828 - Project Generator version: 4.5.0-B34
2024-11-20 00:50:24,696 [INFO] ConfigFileManager:1531 - The Die is : DIE433
2024-11-20 00:50:25,681 [INFO] ProjectBuilder:5097 - Time for Generating toolchain IDE Files: 1096mS.
2024-11-20 00:50:25,682 [INFO] ProjectBuilder:3107 - Time for Copy CMSIS : 1mS.
2024-11-20 00:50:25,686 [INFO] ProjectBuilder:3107 - Time for Copy CMSIS : 0mS.
2024-11-20 00:56:09,370 [INFO] MainUpdater:2873 - connection check result : 10
2024-11-20 00:56:09,537 [INFO] McuFinderGlobals:76 - Set McuFinderConnectedMode to true
2024-11-20 00:56:09,538 [INFO] MultiScanPanel:200 - Auto-refresh data requested => check proxy status ongoing
2024-11-20 00:56:09,540 [INFO] FinderPluginLoader:95 - Searching for filters in installed packs
2024-11-20 00:56:10,552 [INFO] LoadUrlFilesThread:185 - End of LoadServerUrlFiles without Thread
2024-11-20 00:56:10,552 [INFO] DetailPanel:341 - Set advertising image to C:/Users/adina/STM32Cube/Repository/\en.prom-stm32c071-usb-memories-mcu-finder.png
2024-11-20 00:56:14,149 [INFO] MultiScanPanel:200 - Auto-refresh data requested => check proxy status ongoing
2024-11-20 00:56:14,217 [INFO] LoadUrlFilesThread:185 - End of LoadServerUrlFiles without Thread
2024-11-20 00:56:14,217 [INFO] DetailPanel:341 - Set advertising image to C:/Users/adina/STM32Cube/Repository/\en.prom-stm32c071-usb-memories-mcu-finder.png
2024-11-20 00:56:24,095 [INFO] MetaSearchPanel:254 - search for filter with key=Nucleo-64
2024-11-20 00:56:24,095 [INFO] MetaSearchPanel:355 - search for filter component Type
2024-11-20 00:56:24,095 [INFO] MetaSearchPanel:329 - Collapse all filters sections
2024-11-20 00:56:32,483 [INFO] ApiDb:581 - Connected to CubeFinder SQLite database (C:\Users\adina\.stmcufinder\plugins\mcufinder\mcu\cube-finder-db.db)
2024-11-20 00:56:47,643 [INFO] MainUpdater:2873 - connection check result : 10
2024-11-20 00:56:47,644 [INFO] MainUpdater:2873 - connection check result : 10
2024-11-20 00:56:47,719 [INFO] MicroXplorer:468 - Change Database Path : 
2024-11-20 00:56:47,720 [INFO] MicroXplorer:498 - Change Database Version : DB.6.0.121
2024-11-20 00:56:47,732 [ERROR] ProjectManagerView:394 - 
java.lang.NullPointerException: Cannot invoke "javax.swing.JTextField.getText()" because the return value of "java.util.List.get(int)" is null
	at com.st.microxplorer.plugins.projectmanager.gui.ProjectChoiceTab$10.caretUpdate(ProjectChoiceTab.java:2622) ~[filemanager.jar:?]
	at javax.swing.text.JTextComponent.fireCaretUpdate(JTextComponent.java:412) ~[?:?]
	at javax.swing.text.JTextComponent$MutableCaretEvent.fire(JTextComponent.java:4491) ~[?:?]
	at javax.swing.text.JTextComponent$MutableCaretEvent.stateChanged(JTextComponent.java:4513) ~[?:?]
	at javax.swing.text.DefaultCaret.fireStateChanged(DefaultCaret.java:842) ~[?:?]
	at javax.swing.text.DefaultCaret.changeCaretPosition(DefaultCaret.java:1313) ~[?:?]
	at javax.swing.text.DefaultCaret.handleSetDot(DefaultCaret.java:1212) ~[?:?]
	at javax.swing.text.DefaultCaret.setDot(DefaultCaret.java:1193) ~[?:?]
	at javax.swing.text.DefaultCaret$Handler.insertUpdate(DefaultCaret.java:1789) ~[?:?]
	at javax.swing.text.AbstractDocument.fireInsertUpdate(AbstractDocument.java:226) ~[?:?]
	at javax.swing.text.AbstractDocument.handleInsertString(AbstractDocument.java:780) ~[?:?]
	at javax.swing.text.AbstractDocument.insertString(AbstractDocument.java:739) ~[?:?]
	at javax.swing.text.PlainDocument.insertString(PlainDocument.java:131) ~[?:?]
	at javax.swing.text.AbstractDocument.replace(AbstractDocument.java:698) ~[?:?]
	at javax.swing.text.JTextComponent.setText(JTextComponent.java:1729) ~[?:?]
	at com.st.microxplorer.plugins.projectmanager.gui.ProjectChoiceTab.createHeapStackFields(ProjectChoiceTab.java:972) ~[filemanager.jar:?]
	at com.st.microxplorer.plugins.projectmanager.gui.ProjectChoiceTab.buildLinkSettingsPanel(ProjectChoiceTab.java:3597) ~[filemanager.jar:?]
	at com.st.microxplorer.plugins.projectmanager.gui.ProjectChoiceTab.defineWindowsFields(ProjectChoiceTab.java:1940) ~[filemanager.jar:?]
	at com.st.microxplorer.plugins.projectmanager.gui.ProjectChoiceTab.updateSettings(ProjectChoiceTab.java:550) ~[filemanager.jar:?]
	at com.st.microxplorer.plugins.projectmanager.gui.ProjectSettingsPanel.UpdateDialog(ProjectSettingsPanel.java:245) ~[filemanager.jar:?]
	at com.st.microxplorer.plugins.projectmanager.ProjectManagerView.propertyChange(ProjectManagerView.java:391) ~[filemanager.jar:?]
	at java.beans.PropertyChangeSupport.fire(PropertyChangeSupport.java:343) ~[?:?]
	at java.beans.PropertyChangeSupport.firePropertyChange(PropertyChangeSupport.java:335) ~[?:?]
	at java.beans.PropertyChangeSupport.firePropertyChange(PropertyChangeSupport.java:268) ~[?:?]
	at com.st.microxplorer.util.MXPropertyChangeSupport.firePropertyChange(MXPropertyChangeSupport.java:54) ~[STM32CubeMX.jar:?]
	at com.st.microxplorer.mxsystem.MxSystem.closeConfig(MxSystem.java:900) ~[STM32CubeMX.jar:?]
	at com.st.microxplorer.maingui.MainPanel.closeConfig(MainPanel.java:781) ~[STM32CubeMX.jar:?]
	at com.st.microxplorer.plugins.filemanager.engine.OpenFileManager.loadConfigurationFile(OpenFileManager.java:265) ~[filemanager.jar:?]
	at com.st.microxplorer.plugins.filemanager.engine.MainFileManager.userLoadConfig(MainFileManager.java:352) ~[filemanager.jar:?]
	at com.st.microxplorer.plugins.filemanager.FileManagerView.getSpecificTask(FileManagerView.java:250) ~[filemanager.jar:?]
	at com.st.stm32cube.common.mx.editor.CubeMxEditor.getMxTabbedPaneInstance(CubeMxEditor.java:1191) ~[com.st.stm32cube.common.mx_6.12.1.202409122256/:?]
	at com.st.stm32cube.common.mx.editor.CubeMxEditor$12$1.createSwingComponent(CubeMxEditor.java:1068) ~[com.st.stm32cube.common.mx_6.12.1.202409122256/:?]
	at com.st.stm32cube.common.mx.oss.core.awtswtbridge.EmbeddedSwingComposite.doComponentCreation(EmbeddedSwingComposite.java:492) ~[com.st.stm32cube.common.mx.oss_6.12.1.202409122256/:?]
	at com.st.stm32cube.common.mx.oss.core.awtswtbridge.EmbeddedSwingComposite$4.run(EmbeddedSwingComposite.java:291) ~[com.st.stm32cube.common.mx.oss_6.12.1.202409122256/:?]
	at com.st.stm32cube.common.mx.oss.core.awtswtbridge.AwtEnvironment$2.run(AwtEnvironment.java:166) ~[com.st.stm32cube.common.mx.oss_6.12.1.202409122256/:?]
	at java.awt.event.InvocationEvent.dispatch(InvocationEvent.java:318) ~[?:?]
	at java.awt.EventQueue.dispatchEventImpl(EventQueue.java:773) ~[?:?]
	at java.awt.EventQueue$4.run(EventQueue.java:720) ~[?:?]
	at java.awt.EventQueue$4.run(EventQueue.java:714) ~[?:?]
	at java.security.AccessController.doPrivileged(AccessController.java:399) ~[?:?]
	at java.security.ProtectionDomain$JavaSecurityAccessImpl.doIntersectionPrivilege(ProtectionDomain.java:86) ~[?:?]
	at java.awt.EventQueue.dispatchEvent(EventQueue.java:742) ~[?:?]
	at java.awt.EventDispatchThread.pumpOneEventForFilters(EventDispatchThread.java:203) ~[?:?]
	at java.awt.EventDispatchThread.pumpEventsForFilter(EventDispatchThread.java:124) ~[?:?]
	at java.awt.EventDispatchThread.pumpEventsForHierarchy(EventDispatchThread.java:113) ~[?:?]
	at java.awt.EventDispatchThread.pumpEvents(EventDispatchThread.java:109) ~[?:?]
	at java.awt.EventDispatchThread.pumpEvents(EventDispatchThread.java:101) ~[?:?]
	at java.awt.EventDispatchThread.run(EventDispatchThread.java:90) ~[?:?]
2024-11-20 00:56:47,746 [WARN] ThirdParty:871 - waiting for thirdparty lock release [close project]
2024-11-20 00:56:47,746 [INFO] ThirdParty:873 - entering critical section [close project]
2024-11-20 00:56:47,746 [INFO] ThirdParty:883 - exiting critical section [close project]
2024-11-20 00:56:47,748 [INFO] PinOutPanel:1561 - setPackage(No Configuration,No Configuration)
2024-11-20 00:56:47,756 [WARN] IpParametersView:151 - Warning: This peripheral hasn't parameters
2024-11-20 00:56:47,761 [WARN] MainPanel:284 - <html><b><center>Warning: This peripheral has no parameters to be configured<br></b></html>
2024-11-20 00:56:47,773 [INFO] UtilMem:75 - Begin LoadConfig() Used Memory: 483409008 Bytes (870318080)
2024-11-20 00:56:47,774 [INFO] OpenFileManager:332 - Change cursor
2024-11-20 00:56:47,791 [INFO] RulesReader:64 - Compatibility file has been processed (297 Rules)
2024-11-20 00:56:47,797 [INFO] ProjectFactory:442 - No CPN specified for board NUCLEO-F401RE => set CPN to STM32F401RET6
2024-11-20 00:56:47,797 [INFO] Mcu:2032 - Initializing MCU STM32F401R(D-E)Tx STM32F401RETx STM32F401RET6
2024-11-20 00:56:48,724 [INFO] Context:742 - Trying to add GPIOservice into a context  which must be forbidden
2024-11-20 00:56:49,210 [INFO] Rule:228 - rule 117617 - U5Cobra4M][GTZC] default value MPCBB3 and MPCBB5 - Not Secured memory - MPCBB1 is applicable
2024-11-20 00:56:49,210 [INFO] Rule:228 - rule 117617 - U5Cobra4M][GTZC] default value MPCBB3 and MPCBB5 - Not Secured memory - MPCBB1 is applicable
2024-11-20 00:56:49,210 [INFO] Rule:228 - rule 117617 - U5Cobra4M][GTZC] default value MPCBB3 and MPCBB5 - Not Secured memory - MPCBB2 is applicable
2024-11-20 00:56:49,210 [INFO] Rule:228 - rule 117617 - U5Cobra4M][GTZC] default value MPCBB3 and MPCBB5 - Not Secured memory - MPCBB2 is applicable
2024-11-20 00:56:49,210 [INFO] Rule:228 - rule 117617 - U5Cobra4M][GTZC] default value MPCBB3 and MPCBB5 - Not Secured memory - MPCBB3 is applicable
2024-11-20 00:56:49,211 [INFO] Rule:228 - rule 117617 - U5Cobra4M][GTZC] default value MPCBB3 and MPCBB5 - Not Secured memory - MPCBB3 is applicable
2024-11-20 00:56:49,211 [INFO] Rule:228 - rule 117617 - U5Cobra4M][GTZC] default value MPCBB3 and MPCBB5 - Not Secured memory - MPCBB4 is applicable
2024-11-20 00:56:49,211 [INFO] Rule:228 - rule 117617 - U5Cobra4M][GTZC] default value MPCBB3 and MPCBB5 - Not Secured memory - MPCBB4 is applicable
2024-11-20 00:56:49,211 [INFO] Rule:228 - rule 117617 - U5Cobra4M][GTZC] default value MPCBB3 and MPCBB5 - Secured memory - MPCBB1 is applicable
2024-11-20 00:56:49,211 [INFO] Rule:228 - rule 117617 - U5Cobra4M][GTZC] default value MPCBB3 and MPCBB5 - Secured memory - MPCBB2 is applicable
2024-11-20 00:56:49,211 [INFO] Rule:228 - rule 117617 - U5Cobra4M][GTZC] default value MPCBB3 and MPCBB5 - Secured memory - MPCBB3 is applicable
2024-11-20 00:56:49,211 [INFO] Rule:228 - rule 117617 - U5Cobra4M][GTZC] default value MPCBB3 and MPCBB5 - Secured memory - MPCBB4 is applicable
2024-11-20 00:56:49,211 [INFO] Rule:228 - rule 117617 - U5Cobra4M][GTZC] default value MPCBB3 and MPCBB5 - Privileged memory - MPCBB1 is applicable
2024-11-20 00:56:49,211 [INFO] Rule:228 - rule 117617 - U5Cobra4M][GTZC] default value MPCBB3 and MPCBB5 - Privileged memory - MPCBB2 is applicable
2024-11-20 00:56:49,211 [INFO] Rule:228 - rule 117617 - U5Cobra4M][GTZC] default value MPCBB3 and MPCBB5 - Privileged memory - MPCBB3 is applicable
2024-11-20 00:56:49,211 [INFO] Rule:228 - rule 117617 - U5Cobra4M][GTZC] default value MPCBB3 and MPCBB5 - Privileged memory - MPCBB4 is applicable
2024-11-20 00:56:49,211 [INFO] Rule:228 - rule 117617 - U5Cobra4M][GTZC] default value MPCBB3 and MPCBB5 - Not Privileged memory - MPCBB1 is applicable
2024-11-20 00:56:49,211 [INFO] Rule:228 - rule 117617 - U5Cobra4M][GTZC] default value MPCBB3 and MPCBB5 - Not Privileged memory - MPCBB2 is applicable
2024-11-20 00:56:49,211 [INFO] Rule:228 - rule 117617 - U5Cobra4M][GTZC] default value MPCBB3 and MPCBB5 - Not Privileged memory - MPCBB3 is applicable
2024-11-20 00:56:49,211 [INFO] Rule:228 - rule 117617 - U5Cobra4M][GTZC] default value MPCBB3 and MPCBB5 - Not Privileged memory - MPCBB4 is applicable
2024-11-20 00:56:49,211 [INFO] Rule:228 - rule 117617 - U5Cobra4M][GTZC] default value MPCBB3 and MPCBB5 - Privileged memory - MPCBB1 is applicable
2024-11-20 00:56:49,211 [INFO] Rule:228 - rule 117617 - U5Cobra4M][GTZC] default value MPCBB3 and MPCBB5 - Privileged memory - MPCBB2 is applicable
2024-11-20 00:56:49,211 [INFO] Rule:228 - rule 117617 - U5Cobra4M][GTZC] default value MPCBB3 and MPCBB5 - Privileged memory - MPCBB3 is applicable
2024-11-20 00:56:49,211 [INFO] Rule:228 - rule 117617 - U5Cobra4M][GTZC] default value MPCBB3 and MPCBB5 - Privileged memory - MPCBB4 is applicable
2024-11-20 00:56:49,211 [INFO] Rule:228 - rule 117617 - U5Cobra4M][GTZC] default value MPCBB3 and MPCBB5 - Privileged memory - MPCBB1 is applicable
2024-11-20 00:56:49,211 [INFO] Rule:228 - rule 117617 - U5Cobra4M][GTZC] default value MPCBB3 and MPCBB5 - Privileged memory - MPCBB2 is applicable
2024-11-20 00:56:49,211 [INFO] Rule:228 - rule 117617 - U5Cobra4M][GTZC] default value MPCBB3 and MPCBB5 - Privileged memory - MPCBB3 is applicable
2024-11-20 00:56:49,212 [INFO] Rule:228 - rule 117617 - U5Cobra4M][GTZC] default value MPCBB3 and MPCBB5 - Privileged memory - MPCBB4 is applicable
2024-11-20 00:56:49,212 [INFO] Rule:228 - rule 117617 - U5Cobra4M][GTZC] default value MPCBB3 and MPCBB5 - Not Privileged memory - MPCBB1 is applicable
2024-11-20 00:56:49,212 [INFO] Rule:228 - rule 117617 - U5Cobra4M][GTZC] default value MPCBB3 and MPCBB5 - Not Privileged memory - MPCBB2 is applicable
2024-11-20 00:56:49,212 [INFO] Rule:228 - rule 117617 - U5Cobra4M][GTZC] default value MPCBB3 and MPCBB5 - Not Privileged memory - MPCBB3 is applicable
2024-11-20 00:56:49,212 [INFO] Rule:228 - rule 117617 - U5Cobra4M][GTZC] default value MPCBB3 and MPCBB5 - Not Privileged memory - MPCBB4 is applicable
2024-11-20 00:56:49,212 [INFO] Rule:228 - rule 117617 - U5Cobra4M][GTZC] default value MPCBB3 and MPCBB5 - Privileged memory - MPCBB1 is applicable
2024-11-20 00:56:49,212 [INFO] Rule:228 - rule 117617 - U5Cobra4M][GTZC] default value MPCBB3 and MPCBB5 - Privileged memory - MPCBB2 is applicable
2024-11-20 00:56:49,212 [INFO] Rule:228 - rule 117617 - U5Cobra4M][GTZC] default value MPCBB3 and MPCBB5 - Privileged memory - MPCBB3 is applicable
2024-11-20 00:56:49,212 [INFO] Rule:228 - rule 117617 - U5Cobra4M][GTZC] default value MPCBB3 and MPCBB5 - Privileged memory - MPCBB4 is applicable
2024-11-20 00:56:49,212 [INFO] Rule:228 - rule Rename SubGHz_Phy SUBGHZ_APPLICATION SUBGHZ_PINGPONG to SUBGHZ_ADV_APPLICATION is applicable
2024-11-20 00:56:49,212 [INFO] Rule:228 - rule Rename Enabled to IBEACON is applicable
2024-11-20 00:56:49,212 [INFO] Rule:228 - rule GTZC_S instance for project manager is applicable
2024-11-20 00:56:49,212 [INFO] Rule:228 - rule GTZC_S instance for context M33S is applicable
2024-11-20 00:56:49,212 [INFO] Rule:228 - rule GTZC_S instance value for IP GTZC is applicable
2024-11-20 00:56:49,212 [INFO] Rule:228 - rule GTZC_S instance for mcu.IP is applicable
2024-11-20 00:56:49,212 [INFO] Rule:228 - rule GTZC_S instance for VP is applicable
2024-11-20 00:56:49,212 [INFO] Rule:228 - rule GTZC_S instance for signal is applicable
2024-11-20 00:56:49,212 [INFO] Rule:228 - rule GTZC_S instance for mcu.Pin is applicable
2024-11-20 00:56:49,213 [INFO] Rule:228 - rule GTZC_S instance for VP is applicable
2024-11-20 00:56:49,213 [INFO] Rule:228 - rule GTZC_S instance for signal is applicable
2024-11-20 00:56:49,213 [INFO] Rule:228 - rule GTZC_S instance for mcu is applicable
2024-11-20 00:56:49,213 [INFO] Rule:228 - rule GTZC_S instance for mcu.Pin is applicable
2024-11-20 00:56:49,213 [INFO] Rule:228 - rule GTZC_S instance value for IP GTZC is applicable
2024-11-20 00:56:49,213 [INFO] Rule:228 - rule GTZC_S instance for project manager is applicable
2024-11-20 00:56:49,213 [INFO] Rule:228 - rule GTZC_S instance for context M33S is applicable
2024-11-20 00:56:49,213 [INFO] Rule:228 - rule GTZC_S instance for VP is applicable
2024-11-20 00:56:49,213 [INFO] Rule:228 - rule GTZC_S instance for signal is applicable
2024-11-20 00:56:49,213 [INFO] Rule:228 - rule SPDIFRX instance for mcu is applicable
2024-11-20 00:56:49,213 [INFO] Rule:228 - rule Rename Tracer Mode is applicable
2024-11-20 00:56:49,213 [INFO] Rule:228 - rule SPDIFRX instance value for IP SPDIFRX is applicable
2024-11-20 00:56:49,213 [INFO] Rule:228 - rule SPDIFRX instance for signal is applicable
2024-11-20 00:56:49,213 [INFO] Rule:228 - rule SPDIFRX instance for project manager is applicable
2024-11-20 00:56:49,213 [INFO] Rule:228 - rule SPDIFRX instance for project manager is applicable
2024-11-20 00:56:49,213 [INFO] Rule:228 - rule ADC Scan  fix with FW F7 is applicable
2024-11-20 00:56:49,213 [INFO] Rule:228 - rule ADC Scan  fix with FW F7 is applicable
2024-11-20 00:56:49,214 [INFO] Rule:228 - rule WakeUp0 Mode is applicable
2024-11-20 00:56:49,214 [INFO] Rule:228 - rule WakeUp0 SIGNAL is applicable
2024-11-20 00:56:49,214 [INFO] Rule:228 - rule WakeUp1 Mode is applicable
2024-11-20 00:56:49,214 [INFO] Rule:228 - rule WakeUp1 SIGNAL is applicable
2024-11-20 00:56:49,214 [INFO] Rule:228 - rule WakeUp2 Mode is applicable
2024-11-20 00:56:49,214 [INFO] Rule:228 - rule WakeUp2 SIGNAL is applicable
2024-11-20 00:56:49,214 [INFO] Rule:228 - rule WakeUp4 Mode is applicable
2024-11-20 00:56:49,214 [INFO] Rule:228 - rule WakeUp4 SIGNAL is applicable
2024-11-20 00:56:49,214 [INFO] Rule:228 - rule WakeUp5 Mode is applicable
2024-11-20 00:56:49,214 [INFO] Rule:228 - rule WakeUp5 SIGNAL is applicable
2024-11-20 00:56:49,214 [INFO] Rule:228 - rule Add RTC Activate Clock Source is applicable
2024-11-20 00:56:49,214 [INFO] Rule:228 - rule Add RTC Activate Calendar 1 is applicable
2024-11-20 00:56:49,214 [INFO] Rule:228 - rule Add RTC Activate Calendar 2 is applicable
2024-11-20 00:56:49,214 [INFO] Rule:228 - rule Add RTC Activate Calendar 3 is applicable
2024-11-20 00:56:49,214 [INFO] Rule:228 - rule UART/USART TX Mode is applicable
2024-11-20 00:56:49,214 [INFO] Rule:228 - rule UART/USART RX Mode is applicable
2024-11-20 00:56:49,214 [INFO] Rule:228 - rule UART/USART RX TX Mode is applicable
2024-11-20 00:56:49,214 [INFO] Rule:228 - rule UART/USART PARITY NONE is applicable
2024-11-20 00:56:49,214 [INFO] Rule:228 - rule UART/USART PARITY EVEN is applicable
2024-11-20 00:56:49,215 [INFO] Rule:228 - rule UART/USART PARITY ODD is applicable
2024-11-20 00:56:49,215 [INFO] Rule:228 - rule USART StopBits 1 is applicable
2024-11-20 00:56:49,215 [INFO] Rule:228 - rule USART StopBits 2 is applicable
2024-11-20 00:56:49,215 [INFO] Rule:228 - rule USART StopBits 1.5 is applicable
2024-11-20 00:56:49,215 [INFO] Rule:228 - rule USART StopBits 0.5 is applicable
2024-11-20 00:56:49,215 [INFO] Rule:228 - rule UART/USART WORD LENGTH 7 is applicable
2024-11-20 00:56:49,215 [INFO] Rule:228 - rule UART/USART WORD LENGTH 8 is applicable
2024-11-20 00:56:49,215 [INFO] Rule:228 - rule UART/USART WORD LENGTH 9 is applicable
2024-11-20 00:56:49,215 [INFO] Rule:228 - rule Rename FMC NAND NCE signal is applicable
2024-11-20 00:56:49,215 [INFO] Rule:228 - rule Rename FMC NAND INT signal is applicable
2024-11-20 00:56:49,215 [INFO] Rule:228 - rule Change Default Value for LSE Drive Capability for WB family is applicable
2024-11-20 00:56:49,215 [INFO] Rule:228 - rule Change Default Value for ADC Clock Prescaler G0 family is applicable
2024-11-20 00:56:49,215 [INFO] Rule:228 - rule Change Default Value for ADC ExternalTrigConv L4 family is applicable
2024-11-20 00:56:49,215 [INFO] Rule:228 - rule Change Default Value for ADC ExternalTrigInjecConv L4 family is applicable
2024-11-20 00:56:49,215 [INFO] Rule:228 - rule Change Default Value for ADC ExternalTrigConv F3 family is applicable
2024-11-20 00:56:49,215 [INFO] Rule:228 - rule Change Default Value for ADC ExternalTrigInjecConv F3 family is applicable
2024-11-20 00:56:49,215 [INFO] Rule:228 - rule Change Default Value for ADC ExternalTrigConv Goldfish serie is applicable
2024-11-20 00:56:49,215 [INFO] Rule:228 - rule Change Default Value for ADC ExternalTrigInjecConv Goldfish serie is applicable
2024-11-20 00:56:49,215 [INFO] Rule:228 - rule Change Default Value for ADC ExternalTrigConv L0 family is applicable
2024-11-20 00:56:49,215 [INFO] Rule:228 - rule Change Default Value for ADC ExternalTrigConv F0 family is applicable
2024-11-20 00:56:49,215 [INFO] Rule:228 - rule Change Default Value for ADC ExternalTrigConvn L1 family is applicable
2024-11-20 00:56:49,215 [INFO] Rule:228 - rule Change Default Value for ADC ExternalTrigInjecConv L1 family is applicable
2024-11-20 00:56:49,216 [INFO] Rule:228 - rule Change Default Value for ADC ExternalTrigConv F1 family is applicable
2024-11-20 00:56:49,216 [INFO] Rule:228 - rule Change Default Value for ADC ExternalTrigInjecConv F1 family is applicable
2024-11-20 00:56:49,216 [INFO] Rule:228 - rule Change Default Value for ADC ExternalTrigConv F7 family is applicable
2024-11-20 00:56:49,216 [INFO] Rule:228 - rule Change Default Value for ADC ExternalTrigInjecConv F7 family is applicable
2024-11-20 00:56:49,216 [INFO] Rule:228 - rule Change Default Value for ADC ExternalTrigConv F4 and F2 family is applicable
2024-11-20 00:56:49,216 [INFO] Rule:228 - rule Change Default Value for ADC ExternalTrigInjecConv F4 and F2 family is applicable
2024-11-20 00:56:49,216 [INFO] Rule:228 - rule ADC SamplingTime fix with FW L0  is applicable
2024-11-20 00:56:49,216 [INFO] Rule:228 - rule ADC SamplingTime fix with FW L0  is applicable
2024-11-20 00:56:49,216 [INFO] Rule:228 - rule ADC SamplingTime fix with FW L0 is applicable
2024-11-20 00:56:49,216 [INFO] Rule:228 - rule ADC SamplingTime fix with FW L0 is applicable
2024-11-20 00:56:49,216 [INFO] Rule:228 - rule ADC SamplingTime fix with FW L0  is applicable
2024-11-20 00:56:49,216 [INFO] Rule:228 - rule ADC SamplingTime fix with FW L0 is applicable
2024-11-20 00:56:49,216 [INFO] Rule:228 - rule Rename USB_OE Signal is applicable
2024-11-20 00:56:49,216 [INFO] Rule:228 - rule Rename Activate_OE Mode is applicable
2024-11-20 00:56:49,216 [INFO] Rule:228 - rule Rename DIE462/DIE415 pin PC14/OSC32_IN -> PC14-OSC32_IN (PC14) is applicable
2024-11-20 00:56:49,216 [INFO] Rule:228 - rule Rename DIE462/DIE415 pin PC15/OSC32_OUT -> PC15-OSC32_OUT (PC15) is applicable
2024-11-20 00:56:49,216 [INFO] Rule:228 - rule Rename DIE462/DIE415 pin PH0/OSC_IN -> PH0-OSC_IN (PH0) is applicable
2024-11-20 00:56:49,216 [INFO] Rule:228 - rule Rename DIE462/DIE415 pin PH1/OSC_OUT -> PH1-OSC_OUT (PH1) is applicable
2024-11-20 00:56:49,216 [INFO] Rule:228 - rule Rename DIE462 pin PA13 -> PA13 (JTMS/SWDIO) is applicable
2024-11-20 00:56:49,216 [INFO] Rule:228 - rule Rename DIE415 pin PA13 -> PA13 (JTMS/SWDIO) is applicable
2024-11-20 00:56:49,216 [INFO] Rule:228 - rule Rename DIE462 pin PA14 -> PA14 (JTCK/SWCLK) is applicable
2024-11-20 00:56:49,216 [INFO] Rule:228 - rule Rename DIE415 pin PA14 -> PA14 (JTCK/SWCLK) is applicable
2024-11-20 00:56:49,216 [INFO] Rule:228 - rule Rename DIE462/DIE415 pin PA15 -> PA15 (JTDI) is applicable
2024-11-20 00:56:49,216 [INFO] Rule:228 - rule Rename DIE462 pin PB3 -> PB3 (JTD0/TRACESWO) is applicable
2024-11-20 00:56:49,216 [INFO] Rule:228 - rule Rename DIE415 pin PB3 -> PB3 (JTD0-TRACESWO) is applicable
2024-11-20 00:56:49,217 [INFO] Rule:228 - rule Rename DIE462/DIE415 pin PB4 -> PB4 (NJTRST) is applicable
2024-11-20 00:56:49,217 [INFO] Rule:228 - rule Rename DIE462 pin PH3/BOOT0 -> PH3-BOOT0 (BOOT0) is applicable
2024-11-20 00:56:49,217 [INFO] Rule:228 - rule Rename CRYP DataEncryptionTypesList to Algorithm is applicable
2024-11-20 00:56:49,217 [INFO] Rule:228 - rule Rename AES DataEncryptionTypesList to Algorithm is applicable
2024-11-20 00:56:49,217 [INFO] Rule:228 - rule Rename TDESECB to CRYP_TDES_ECB is applicable
2024-11-20 00:56:49,217 [INFO] Rule:228 - rule Rename TDESCBC to CRYP_TDES_CBC is applicable
2024-11-20 00:56:49,217 [INFO] Rule:228 - rule Rename DESECB to CRYP_DES_ECB is applicable
2024-11-20 00:56:49,217 [INFO] Rule:228 - rule Rename DESCBC to CRYP_DES_CBC is applicable
2024-11-20 00:56:49,217 [INFO] Rule:228 - rule Rename AESECB to CRYP_AES_ECB is applicable
2024-11-20 00:56:49,217 [INFO] Rule:228 - rule Rename AESCBC to CRYP_AES_CBC is applicable
2024-11-20 00:56:49,217 [INFO] Rule:228 - rule Rename AESCTR to CRYP_AES_CTR is applicable
2024-11-20 00:56:49,217 [INFO] Rule:228 - rule Rename AESGCM to CRYP_AES_GCM is applicable
2024-11-20 00:56:49,217 [INFO] Rule:228 - rule Rename AESCCM to CRYP_AES_CCM is applicable
2024-11-20 00:56:49,217 [INFO] Rule:228 - rule Rename CAN TimeSeg1 to BS1 is applicable
2024-11-20 00:56:49,217 [INFO] Rule:228 - rule Rename CAN TimeSeg2 to BS2 is applicable
2024-11-20 00:56:49,217 [INFO] Rule:228 - rule Rename CAN SyncJumpWidth to SJW is applicable
2024-11-20 00:56:49,217 [INFO] Rule:228 - rule TimeTriggeredMode to TTCM is applicable
2024-11-20 00:56:49,217 [INFO] Rule:228 - rule Rename CAN AutoBusOff to ABOM is applicable
2024-11-20 00:56:49,217 [INFO] Rule:228 - rule Rename CAN AutoWakeUp to AWUM is applicable
2024-11-20 00:56:49,217 [INFO] Rule:228 - rule Rename CAN AutoRetransmission to NART is applicable
2024-11-20 00:56:49,217 [INFO] Rule:228 - rule Rename CAN ReceiveFifoLocked to RFLM is applicable
2024-11-20 00:56:49,218 [INFO] Rule:228 - rule Rename CAN TransmitFifoPriority to TXFP is applicable
2024-11-20 00:56:49,218 [INFO] Rule:228 - rule Rename HRTIMER HRTIM_OUTPUTFAULTLEVEL_HIGH in HRTIMER HRTIM_OUTPUTFAULTLEVEL_HIGHZ is applicable
2024-11-20 00:56:49,218 [INFO] Rule:228 - rule Rename TIMER TIM_CLEARINPUTSOURCE_OCREFCLR in  TIMER TIM_CLEARINPUTSOURCE_NONE for F7 family is applicable
2024-11-20 00:56:49,218 [INFO] Rule:228 - rule FDCAN_R1 - Rename FDCAN mode Master into Classic is applicable
2024-11-20 00:56:49,218 [INFO] Rule:228 - rule FDCAN_R2 - Rename FDCAN mode Slave into Classic is applicable
2024-11-20 00:56:49,218 [INFO] Rule:228 - rule FDCAN1_R3 - if PA10.Mode=FullDuplex, add Pin PA12 is applicable
2024-11-20 00:56:49,218 [INFO] Rule:228 - rule FDCAN1_R3 - if PA9.Mode=FullDuplex, add Pin PA11 is applicable
2024-11-20 00:56:49,218 [INFO] Rule:228 - rule FDCAN1_R3 - Alternatepin_1 - if PE1.Mode=FullDuplex, add Pin PB9 is applicable
2024-11-20 00:56:49,218 [INFO] Rule:228 - rule FDCAN1_R3 - Alternatepin_1 - if PE0.Mode=FullDuplex, add Pin PB8 is applicable
2024-11-20 00:56:49,218 [INFO] Rule:228 - rule FDCAN1_R3 - Alternatepin_2 - if PD5.Mode=FullDuplex, add Pin PD1 is applicable
2024-11-20 00:56:49,218 [INFO] Rule:228 - rule FDCAN1_R3 - Alternatepin_2 - if PD4.Mode=FullDuplex, add Pin PD0 is applicable
2024-11-20 00:56:49,218 [INFO] Rule:228 - rule FDCAN1_R4 - Rename Mode FullDuplex into Enable FDCAN_TXFD for pin PA10 is applicable
2024-11-20 00:56:49,218 [INFO] Rule:228 - rule FDCAN1_R4 - Rename Mode FullDuplex into Enable FDCAN_TXFD for pin PA9 is applicable
2024-11-20 00:56:49,218 [INFO] Rule:228 - rule FDCAN1_R4 - Alternatepin_1 - Rename Mode FullDuplex into Enable FDCAN_TXFD for pin PE1 is applicable
2024-11-20 00:56:49,218 [INFO] Rule:228 - rule FDCAN1_R4 - Alternatepin_1 - Rename Mode FullDuplex into Enable FDCAN_TXFD for pin PE0 is applicable
2024-11-20 00:56:49,218 [INFO] Rule:228 - rule FDCAN1_R4 - Alternatepin_2 - Rename Mode FullDuplex into Enable FDCAN_TXFD for pin PD5 is applicable
2024-11-20 00:56:49,219 [INFO] Rule:228 - rule FDCAN1_R4 - Alternatepin_2 - Rename Mode FullDuplex into Enable FDCAN_TXFD for pin PD4 is applicable
2024-11-20 00:56:49,219 [INFO] Rule:228 - rule FDCAN2_R3 - if PD10.Mode=FullDuplex, add Pin PB13 is applicable
2024-11-20 00:56:49,219 [INFO] Rule:228 - rule FDCAN2_R3 - if PD9.Mode=FullDuplex, add Pin PB12 is applicable
2024-11-20 00:56:49,219 [INFO] Rule:228 - rule FDCAN2_R3 - Alternatepin_1 - if PB7.Mode=FullDuplex, add Pin PB6 is applicable
2024-11-20 00:56:49,219 [INFO] Rule:228 - rule FDCAN2_R3 - Alternatepin_1 - if PD9.Mode=FullDuplex, add Pin PB12 is applicable
2024-11-20 00:56:49,219 [INFO] Rule:228 - rule FDCAN2_R4 - Rename Mode FullDuplex into Enable FDCAN_TXFD for pin PD10 is applicable
2024-11-20 00:56:49,219 [INFO] Rule:228 - rule FDCAN2_R4 - Rename Mode FullDuplex into Enable FDCAN_TXFD for pin PD9 is applicable
2024-11-20 00:56:49,219 [INFO] Rule:228 - rule FDCAN2_R4 - Alternatepin_1 - Rename Mode FullDuplex into Enable FDCAN_TXFD for pin PB7 is applicable
2024-11-20 00:56:49,219 [INFO] Rule:228 - rule FDCAN2_R4 - Alternatepin_1 - Rename Mode FullDuplex into Enable FDCAN_TXFD for pin PD6 is applicable
2024-11-20 00:56:49,219 [INFO] Rule:228 - rule USART TxPinLevelInvertParam Mode is applicable
2024-11-20 00:56:49,219 [INFO] Rule:228 - rule USART RxPinLevelInvertParam Mode is applicable
2024-11-20 00:56:49,219 [INFO] Rule:228 - rule USART DataInvertParam Mode is applicable
2024-11-20 00:56:49,219 [INFO] Rule:228 - rule USART SwapParam Mode is applicable
2024-11-20 00:56:49,219 [INFO] Rule:228 - rule USART OverrunDisableParam Mode is applicable
2024-11-20 00:56:49,219 [INFO] Rule:228 - rule USART DMADisableonRxErrorParam Mode is applicable
2024-11-20 00:56:49,219 [INFO] Rule:228 - rule USART MSBFirstParam Mode is applicable
2024-11-20 00:56:49,219 [INFO] Rule:228 - rule Update MwName for USB_DEVICE is applicable
2024-11-20 00:56:49,219 [INFO] Rule:228 - rule Change PWR_Regulator_Voltage_Scale Default Value for RCC  H7 family is applicable
2024-11-20 00:56:49,219 [INFO] Rule:228 - rule UART/USART IPParameter rename Prescaler parameter to ClockPrescaler is applicable
2024-11-20 00:56:49,219 [INFO] Rule:228 - rule UART/USART Prescaler rename Prescaler parameter to ClockPrescaler is applicable
2024-11-20 00:56:49,219 [INFO] Rule:228 - rule TIM1CLockSelection is applicable
2024-11-20 00:56:49,219 [INFO] Rule:228 - rule TIM15CLockSelection is applicable
2024-11-20 00:56:49,219 [INFO] Rule:228 - rule align RCC SDMMC3CLockSelection default value on MP1 is applicable
2024-11-20 00:56:49,220 [INFO] Rule:228 - rule align RCC SDMMC12CLockSelection default value on MP1 is applicable
2024-11-20 00:56:49,220 [INFO] Rule:228 - rule align RCC QSPICLockSelection default value on MP1 is applicable
2024-11-20 00:56:49,220 [INFO] Rule:228 - rule align RCC QSPICLockSelection default value on MP1 is applicable
2024-11-20 00:56:49,220 [INFO] Rule:228 - rule align RCC SPI6CLockSelection default value on MP1 is applicable
2024-11-20 00:56:49,220 [INFO] Rule:228 - rule align RCC LPTIM23CLockSelection default value on MP1 is applicable
2024-11-20 00:56:49,220 [INFO] Rule:228 - rule align RCC LPTIM1CLockSelection default value on MP1 is applicable
2024-11-20 00:56:49,220 [INFO] Rule:228 - rule align RCC USART1CLockSelection default value on MP1 is applicable
2024-11-20 00:56:49,220 [INFO] Rule:228 - rule align RCC USART24CLockSelection default value on MP1 is applicable
2024-11-20 00:56:49,220 [INFO] Rule:228 - rule align RCC USART6CLockSelection default value on MP1 is applicable
2024-11-20 00:56:49,220 [INFO] Rule:228 - rule align RCC UART78CLockSelection default value on MP1 is applicable
2024-11-20 00:56:49,220 [INFO] Rule:228 - rule align RCC USART35CLockSelection default value on MP1 is applicable
2024-11-20 00:56:49,220 [INFO] Rule:228 - rule align RCC SPI45CLockSelection default value on MP1 is applicable
2024-11-20 00:56:49,220 [INFO] Rule:228 - rule align RCC I2C46CLockSelection BCLK value on MP1 is applicable
2024-11-20 00:56:49,220 [INFO] Rule:228 - rule align RCC SPI45CLockSelection default value on MP1 is applicable
2024-11-20 00:56:49,220 [INFO] Rule:228 - rule align RCC I2C12CLockSelection default value on MP1 is applicable
2024-11-20 00:56:49,220 [INFO] Rule:228 - rule align RCC I2C35CLockSelection default value on MP1 is applicable
2024-11-20 00:56:49,220 [INFO] Rule:228 - rule align RCC LPTIM45CLockSelection default value on MP1 is applicable
2024-11-20 00:56:49,220 [INFO] Rule:228 - rule Rename DCMI PIXCK signal is applicable
2024-11-20 00:56:49,220 [INFO] Rule:228 - rule Change Default Value for I2C46CLockSelection MP1 family is applicable
2024-11-20 00:56:49,220 [INFO] Rule:228 - rule Change Default Value for UART for G4, G0 and WB families is applicable
2024-11-20 00:56:49,220 [INFO] Rule:228 - rule Change Default Value for USART for G4, G0 and WB families is applicable
2024-11-20 00:56:49,220 [INFO] Rule:228 - rule Change Default Value for USART for G4 family is applicable
2024-11-20 00:56:49,220 [INFO] Rule:228 - rule Change USART1CLockSelection refparam name for MP1 is applicable
2024-11-20 00:56:49,220 [INFO] Rule:228 - rule Change USART2CLockSelection refparam name for MP1 is applicable
2024-11-20 00:56:49,220 [INFO] Rule:228 - rule Change USART3CLockSelection refparam name for MP1 is applicable
2024-11-20 00:56:49,221 [INFO] Rule:228 - rule Change UART4CLockSelection refparam name for MP1 is applicable
2024-11-20 00:56:49,221 [INFO] Rule:228 - rule Change UART5CLockSelection refparam name for MP1 is applicable
2024-11-20 00:56:49,221 [INFO] Rule:228 - rule Change LPUART1CLockSelection refparam name for MP1 is applicable
2024-11-20 00:56:49,221 [INFO] Rule:228 - rule Change LPTIM1CLockSelection refparam name for MP1 is applicable
2024-11-20 00:56:49,221 [INFO] Rule:228 - rule Change LPTIM2CLockSelection refparam name for MP1 is applicable
2024-11-20 00:56:49,221 [INFO] Rule:228 - rule Change RCC_MCO1Source refparam name for MP1 is applicable
2024-11-20 00:56:49,221 [INFO] Rule:228 - rule Change LSCOSource1 refparam name for MP1 is applicable
2024-11-20 00:56:49,221 [INFO] Rule:228 - rule Change SMPSCLockSelection refparam name for MP1 is applicable
2024-11-20 00:56:49,221 [INFO] Rule:228 - rule Change LPTIM3CLockSelection refparam name for MP1 is applicable
2024-11-20 00:56:49,221 [INFO] Rule:228 - rule Change MPCBB* Default Template Mode to Parameters is applicable
2024-11-20 00:56:49,221 [INFO] Rule:228 - rule Change MPCWM* or MPCBB* Secure Mode to Parameters is applicable
2024-11-20 00:56:49,221 [INFO] Rule:228 - rule Change MPCWM* or MPCBB* No Secure Mode to Parameters is applicable
2024-11-20 00:56:49,221 [INFO] Rule:228 - rule Change TZSC IP Secure Mode to Parameters is applicable
2024-11-20 00:56:49,221 [INFO] Rule:228 - rule Change TZSC IP No Secure Mode to Parameters is applicable
2024-11-20 00:56:49,221 [INFO] Rule:228 - rule Change TZSC IP Privilege Mode to Parameters is applicable
2024-11-20 00:56:49,221 [INFO] Rule:228 - rule Change TZSC IP No Privilege Mode to Parameters is applicable
2024-11-20 00:56:49,221 [INFO] Rule:228 - rule Change TZIC IT Secure Mode to Parameters is applicable
2024-11-20 00:56:49,221 [INFO] Rule:228 - rule Change TZIC IT No Secure Mode to Parameters is applicable
2024-11-20 00:56:49,221 [INFO] Rule:228 - rule Add MPCBB1_NonSecureArea_Start_Address value with referenced to MPCBB1_NonSecureArea_Start value is applicable
2024-11-20 00:56:49,221 [INFO] Rule:228 - rule Add MPCBB2_NonSecureArea_Start_Address value with referenced to MPCBB2_NonSecureArea_Start value is applicable
2024-11-20 00:56:49,221 [INFO] Rule:228 - rule Add MPCWM1_NonSecureArea*_Start_Address value with referenced to MPCWM1_NonSecureArea*_Start value is applicable
2024-11-20 00:56:49,221 [INFO] Rule:228 - rule Add MPCWM2_NonSecureArea*_Start_Address value with referenced to MPCWM2_NonSecureArea*_Start value is applicable
2024-11-20 00:56:49,221 [INFO] Rule:228 - rule Add MPCWM3_NonSecureArea_Start_Address value with referenced to MPCWM3_NonSecureArea_Start value is applicable
2024-11-20 00:56:49,221 [INFO] Rule:228 - rule Change Default Value for PLL1UserDefinedConfig is applicable
2024-11-20 00:56:49,221 [INFO] Rule:228 - rule Change GPIO_PuPd Default Value for USART in async mode is applicable
2024-11-20 00:56:49,221 [INFO] Rule:228 - rule Change SMPSDivider Default Value is applicable
2024-11-20 00:56:49,222 [INFO] Rule:228 - rule OPAMP is applicable
2024-11-20 00:56:49,222 [INFO] Rule:228 - rule LPUART IPParameter rename Prescaler parameter to ClockPrescaler for STM32H7 is applicable
2024-11-20 00:56:49,222 [INFO] Rule:228 - rule LPUART IPParameter rename Prescaler parameter to ClockPrescaler for STM32H7 is applicable
2024-11-20 00:56:49,222 [INFO] Rule:228 - rule LPUART IPParameter rename Prescaler parameter to ClockPrescaler for STM32WB is applicable
2024-11-20 00:56:49,222 [INFO] Rule:228 - rule LPUART IPParameter rename Prescaler parameter to ClockPrescaler for STM32WB is applicable
2024-11-20 00:56:49,222 [INFO] Rule:228 - rule LPUART IPParameter rename Prescaler parameter to ClockPrescaler for STM32G4 is applicable
2024-11-20 00:56:49,222 [INFO] Rule:228 - rule LPUART IPParameter rename Prescaler parameter to ClockPrescaler for STM32G4 is applicable
2024-11-20 00:56:49,222 [INFO] Rule:228 - rule LPUART IPParameter rename Prescaler parameter to ClockPrescaler for STM32L5 is applicable
2024-11-20 00:56:49,222 [INFO] Rule:228 - rule LPUART IPParameter rename Prescaler parameter to ClockPrescaler for STM32L5 is applicable
2024-11-20 00:56:49,222 [INFO] Rule:228 - rule LPUART IPParameter rename Prescaler parameter to ClockPrescaler for STM32G4 is applicable
2024-11-20 00:56:49,222 [INFO] Rule:228 - rule LPUART IPParameter rename Prescaler parameter to ClockPrescaler for STM32G4 is applicable
2024-11-20 00:56:49,222 [INFO] Rule:228 - rule USB device lib V2.5.3 for L0 rename USBD_SUPPORT_USER_STRING parameter to USBD_SUPPORT_USER_STRING_DESC4 is applicable
2024-11-20 00:56:49,222 [INFO] Rule:228 - rule I2SCLockSelection clock entry align is applicable
2024-11-20 00:56:49,222 [INFO] Rule:228 - rule Assign TIMx context if used as SYS timebase is applicable
2024-11-20 00:56:49,222 [INFO] Rule:228 - rule Change GPIO_Pu Default Value for I2C is applicable
2024-11-20 00:56:49,222 [INFO] Rule:228 - rule Change GPIO_Pu Default Value for SMBus is applicable
2024-11-20 00:56:49,222 [INFO] Rule:228 - rule change FDCAN default value is applicable
2024-11-20 00:56:49,222 [INFO] Rule:228 - rule Change mode sai is applicable
2024-11-20 00:56:49,222 [INFO] Rule:228 - rule **Change sai mode is applicable
2024-11-20 00:56:49,222 [INFO] Rule:228 - rule Rename STM32WPAN CFG_BLE_IRK to CFG_BLE_IR is applicable
2024-11-20 00:56:49,222 [INFO] Rule:228 - rule Rename STM32WPAN CFG_BLE_ERK to CFG_BLE_ER is applicable
2024-11-20 00:56:49,222 [INFO] Rule:228 - rule Rename STM32WPAN CFG_BLE_IRK_HEX to CFG_BLE_IR_HEX is applicable
2024-11-20 00:56:49,222 [INFO] Rule:228 - rule Rename STM32WPAN CFG_BLE_ERK_HEX to CFG_BLE_ER_HEX is applicable
2024-11-20 00:56:49,232 [INFO] DbConfProperties:307 - Apply Compatibility (49/262 Rules)
2024-11-20 00:56:49,273 [INFO] ImportTextPane:205 - (OptionalMessage_ERROR) Unable to find key (Mcu.ThirdPartyNb) in loaded IOC file
2024-11-20 00:56:49,376 [INFO] RtosManager:555 - Registered RTOS mode: class=CMSIS, group=RTOS, mode=CMSIS_V1, owner=FREERTOS
2024-11-20 00:56:49,377 [INFO] RtosManager:555 - Registered RTOS mode: class=CMSIS, group=RTOS2, mode=CMSIS_V2, owner=FREERTOS
2024-11-20 00:56:49,377 [INFO] RtosManager:555 - Registered RTOS mode: class=RTOS, group=Core, mode=CMSIS_V1, owner=FREERTOS
2024-11-20 00:56:49,377 [INFO] RtosManager:555 - Registered RTOS mode: class=RTOS, group=Core, mode=CMSIS_V2, owner=FREERTOS
2024-11-20 00:56:49,377 [WARN] ModelIntegratedComponent:184 - Missing modes for component STMicroelectronics:FreeRTOS:0.0.1:STMicroelectronics:RTOS:FreeRTOS:Core:::10.2.0:
2024-11-20 00:56:49,384 [WARN] ModelIntegratedComponent:63 - No mode defined for component null
2024-11-20 00:56:49,384 [WARN] ModelIntegratedComponent:63 - No mode defined for component null
2024-11-20 00:56:49,384 [WARN] ModelIntegratedComponent:63 - No mode defined for component null
2024-11-20 00:56:49,384 [WARN] ModelIntegratedComponent:63 - No mode defined for component null
2024-11-20 00:56:49,384 [WARN] ModelIntegratedComponent:63 - No mode defined for component null
2024-11-20 00:56:49,384 [WARN] ModelIntegratedComponent:63 - No mode defined for component null
2024-11-20 00:56:49,384 [WARN] ModelIntegratedComponent:63 - No mode defined for component null
2024-11-20 00:56:49,384 [WARN] ModelIntegratedComponent:63 - No mode defined for component null
2024-11-20 00:56:49,384 [WARN] ModelIntegratedComponent:63 - No mode defined for component null
2024-11-20 00:56:49,384 [WARN] ModelIntegratedComponent:63 - No mode defined for component null
2024-11-20 00:56:49,384 [WARN] ModelIntegratedComponent:63 - No mode defined for component null
2024-11-20 00:56:49,384 [WARN] ModelIntegratedComponent:63 - No mode defined for component null
2024-11-20 00:56:49,384 [WARN] ModelIntegratedComponent:63 - No mode defined for component null
2024-11-20 00:56:49,384 [WARN] ModelIntegratedComponent:63 - No mode defined for component null
2024-11-20 00:56:49,384 [WARN] ModelIntegratedComponent:63 - No mode defined for component null
2024-11-20 00:56:49,384 [WARN] ModelIntegratedComponent:63 - No mode defined for component null
2024-11-20 00:56:49,384 [WARN] ModelIntegratedComponent:63 - No mode defined for component null
2024-11-20 00:56:49,385 [WARN] ModelIntegratedComponent:63 - No mode defined for component null
2024-11-20 00:56:49,385 [WARN] ModelIntegratedComponent:63 - No mode defined for component null
2024-11-20 00:56:49,385 [WARN] ModelIntegratedComponent:63 - No mode defined for component null
2024-11-20 00:56:49,385 [WARN] ModelIntegratedComponent:63 - No mode defined for component null
2024-11-20 00:56:49,385 [WARN] ModelIntegratedComponent:63 - No mode defined for component null
2024-11-20 00:56:49,385 [WARN] ModelIntegratedComponent:63 - No mode defined for component null
2024-11-20 00:56:49,385 [WARN] ModelIntegratedComponent:63 - No mode defined for component null
2024-11-20 00:56:49,385 [WARN] ModelIntegratedComponent:63 - No mode defined for component null
2024-11-20 00:56:49,385 [WARN] ModelIntegratedComponent:63 - No mode defined for component null
2024-11-20 00:56:49,385 [WARN] ModelIntegratedComponent:63 - No mode defined for component null
2024-11-20 00:56:49,385 [WARN] ModelIntegratedComponent:63 - No mode defined for component null
2024-11-20 00:56:49,385 [WARN] ModelIntegratedComponent:63 - No mode defined for component null
2024-11-20 00:56:49,385 [WARN] ModelIntegratedComponent:63 - No mode defined for component null
2024-11-20 00:56:49,385 [WARN] ModelIntegratedComponent:63 - No mode defined for component null
2024-11-20 00:56:49,385 [WARN] ModelIntegratedComponent:63 - No mode defined for component null
2024-11-20 00:56:49,385 [WARN] ModelIntegratedComponent:63 - No mode defined for component null
2024-11-20 00:56:49,385 [WARN] ModelIntegratedComponent:63 - No mode defined for component null
2024-11-20 00:56:49,385 [WARN] ModelIntegratedComponent:63 - No mode defined for component null
2024-11-20 00:56:49,385 [WARN] ModelPack:524 - Component already loaded: STMicroelectronics:HAL Drivers:0.0.0:STMicroelectronics:Device:STMicro_Driver:XSPI:HAL::0.0.1:HAL_XSPI
2024-11-20 00:56:49,403 [INFO] ThirdPartyModel:298 - Start build external matchings
2024-11-20 00:56:49,950 [INFO] ThirdPartyModel:316 - End build external matchings
2024-11-20 00:56:49,965 [INFO] ImportTextPane:205 - (OptionalMessage_ERROR) IP (RCC) : Parameter (RTCHSEDivFreq_Value) has invalid value (4000000)
2024-11-20 00:56:50,219 [INFO] UtilMem:75 - End LoadConfig() Used Memory: 397170304 Bytes (870318080)
2024-11-20 00:56:50,282 [WARN] ThirdParty:833 - waiting for thirdparty lock release [change project]
2024-11-20 00:56:50,282 [INFO] ThirdParty:835 - entering critical section [change project]
2024-11-20 00:56:50,282 [INFO] ThirdParty:1030 - CMSIS Pack Vendor :STMicroelectronics USBPD 4.1
2024-11-20 00:56:50,282 [INFO] ThirdParty:1030 - CMSIS Pack Vendor :STMicroelectronics X-CUBE-AZRTOS-H7 3.3.0
2024-11-20 00:56:50,282 [INFO] ThirdParty:1030 - CMSIS Pack Vendor :STMicroelectronics X-CUBE-NFC9 1.0.0
2024-11-20 00:56:50,282 [INFO] ThirdParty:1030 - CMSIS Pack Vendor :STMicroelectronics USB_HOST 2.0.0
2024-11-20 00:56:50,282 [INFO] ThirdParty:1030 - CMSIS Pack Vendor :STMicroelectronics FP-SNS-MOTENVWB1 1.4.0
2024-11-20 00:56:50,282 [INFO] ThirdParty:1030 - CMSIS Pack Vendor :STMicroelectronics X-CUBE-AZRTOS-F4 1.1.0
2024-11-20 00:56:50,282 [INFO] ThirdParty:1030 - CMSIS Pack Vendor :STMicroelectronics LIBJPEG 8.0.0
2024-11-20 00:56:50,282 [INFO] ThirdParty:1030 - CMSIS Pack Vendor :STMicroelectronics FP-ATR-ASTRA1 2.0.1
2024-11-20 00:56:50,282 [INFO] ThirdParty:1030 - CMSIS Pack Vendor :STMicroelectronics X-CUBE-SMBUS 2.1.0
2024-11-20 00:56:50,283 [INFO] ThirdParty:1030 - CMSIS Pack Vendor :STMicroelectronics X-CUBE-WB05N 1.1.0
2024-11-20 00:56:50,283 [INFO] ThirdParty:1030 - CMSIS Pack Vendor :STMicroelectronics USB_DEVICE 3.0.0
2024-11-20 00:56:50,283 [INFO] ThirdParty:1030 - CMSIS Pack Vendor :STMicroelectronics X-CUBE-TCPP 4.1.0
2024-11-20 00:56:50,283 [INFO] ThirdParty:1030 - CMSIS Pack Vendor :STMicroelectronics X-CUBE-ISPU 2.1.0
2024-11-20 00:56:50,283 [INFO] ThirdParty:1030 - CMSIS Pack Vendor :STMicroelectronics X-CUBE-FREERTOS 1.2.0
2024-11-20 00:56:50,283 [INFO] ThirdParty:1030 - CMSIS Pack Vendor :STMicroelectronics X-CUBE-IPS 3.0.0
2024-11-20 00:56:50,283 [INFO] ThirdParty:1030 - CMSIS Pack Vendor :STMicroelectronics X-CUBE-AZRTOS-WB 2.0.0
2024-11-20 00:56:50,283 [INFO] ThirdParty:1030 - CMSIS Pack Vendor :STMicroelectronics X-CUBE-GNSS1 7.0.0
2024-11-20 00:56:50,283 [INFO] ThirdParty:1030 - CMSIS Pack Vendor :STMicroelectronics X-CUBE-AZRTOS-F7 1.1.0
2024-11-20 00:56:50,283 [INFO] ThirdParty:1030 - CMSIS Pack Vendor :STMicroelectronics X-CUBE-AZRTOS-L5 2.0.0
2024-11-20 00:56:50,283 [INFO] ThirdParty:1030 - CMSIS Pack Vendor :STMicroelectronics USB_DEVICE 2.0.0
2024-11-20 00:56:50,283 [INFO] ThirdParty:1030 - CMSIS Pack Vendor :STMicroelectronics X-CUBE-NFC6 3.1.0
2024-11-20 00:56:50,283 [INFO] ThirdParty:1030 - CMSIS Pack Vendor :STMicroelectronics FP-SNS-STBOX1 2.0.0
2024-11-20 00:56:50,283 [INFO] ThirdParty:1030 - CMSIS Pack Vendor :STMicroelectronics X-CUBE-MEMS1 11.0.0
2024-11-20 00:56:50,283 [INFO] ThirdParty:1030 - CMSIS Pack Vendor :STMicroelectronics FreeRTOS 0.0.1
2024-11-20 00:56:50,283 [INFO] ThirdParty:1030 - CMSIS Pack Vendor :STMicroelectronics X-CUBE-AZRTOS-G0 1.1.0
2024-11-20 00:56:50,283 [INFO] ThirdParty:1030 - CMSIS Pack Vendor :STMicroelectronics X-CUBE-SAFEA1 1.2.2
2024-11-20 00:56:50,283 [INFO] ThirdParty:1030 - CMSIS Pack Vendor :STMicroelectronics X-CUBE-NFC4 3.0.0
2024-11-20 00:56:50,283 [INFO] ThirdParty:1030 - CMSIS Pack Vendor :STMicroelectronics X-CUBE-DPower 1.2.0
2024-11-20 00:56:50,283 [INFO] ThirdParty:1030 - CMSIS Pack Vendor :STMicroelectronics X-CUBE-SUBG2 5.0.0
2024-11-20 00:56:50,283 [INFO] ThirdParty:1030 - CMSIS Pack Vendor :STMicroelectronics STM32_WPAN 1.0.0
2024-11-20 00:56:50,283 [INFO] ThirdParty:1030 - CMSIS Pack Vendor :EmbeddedOffice I-CUBE-FS-RTOS 1.0.1
2024-11-20 00:56:50,283 [INFO] ThirdParty:1030 - CMSIS Pack Vendor :STMicroelectronics lwIP 2.0.3
2024-11-20 00:56:50,283 [INFO] ThirdParty:1030 - CMSIS Pack Vendor :STMicroelectronics FP-SNS-FLIGHT1 5.0.2
2024-11-20 00:56:50,283 [INFO] ThirdParty:1030 - CMSIS Pack Vendor :Cesanta I-CUBE-Mongoose 7.13.0
2024-11-20 00:56:50,284 [INFO] ThirdParty:1030 - CMSIS Pack Vendor :STMicroelectronics USB_HOST 1.0.0
2024-11-20 00:56:50,284 [INFO] ThirdParty:1030 - CMSIS Pack Vendor :STMicroelectronics X-CUBE-AZRTOS-G4 2.0.0
2024-11-20 00:56:50,284 [INFO] ThirdParty:1030 - CMSIS Pack Vendor :STMicroelectronics PDM2PCM 3.1.0
2024-11-20 00:56:50,284 [INFO] ThirdParty:1030 - CMSIS Pack Vendor :STMicroelectronics PDM2PCM 3.3.0
2024-11-20 00:56:50,284 [INFO] ThirdParty:1030 - CMSIS Pack Vendor :STMicroelectronics X-CUBE-DISPLAY 3.0.0
2024-11-20 00:56:50,284 [INFO] ThirdParty:1030 - CMSIS Pack Vendor :RealThread X-CUBE-RT-Thread_Nano 4.1.1
2024-11-20 00:56:50,284 [INFO] ThirdParty:1030 - CMSIS Pack Vendor :STMicroelectronics X-CUBE-BLE1 7.0.0
2024-11-20 00:56:50,284 [INFO] ThirdParty:1030 - CMSIS Pack Vendor :STMicroelectronics FP-ATR-SIGFOX1 3.2.0
2024-11-20 00:56:50,284 [INFO] ThirdParty:1030 - CMSIS Pack Vendor :STMicroelectronics X-CUBE-NFC10 1.0.0
2024-11-20 00:56:50,284 [INFO] ThirdParty:1030 - CMSIS Pack Vendor :quantropi X-CUBE-qispace-sdk-base 1.9.3
2024-11-20 00:56:50,284 [INFO] ThirdParty:1030 - CMSIS Pack Vendor :STMicroelectronics X-CUBE-EEPRMA1 5.1.0
2024-11-20 00:56:50,284 [INFO] ThirdParty:1030 - CMSIS Pack Vendor :STMicroelectronics HAL Drivers 0.0.0
2024-11-20 00:56:50,284 [INFO] ThirdParty:1030 - CMSIS Pack Vendor :STMicroelectronics MBEDTLS 2.16.2
2024-11-20 00:56:50,284 [INFO] ThirdParty:1030 - CMSIS Pack Vendor :STMicroelectronics X-CUBE-ALS 1.0.2
2024-11-20 00:56:50,284 [INFO] ThirdParty:1030 - CMSIS Pack Vendor :emotas I-CUBE-CANOPEN 1.3.0
2024-11-20 00:56:50,284 [INFO] ThirdParty:1030 - CMSIS Pack Vendor :wolfSSL I-CUBE-wolfSSL 5.7.4
2024-11-20 00:56:50,284 [INFO] ThirdParty:1030 - CMSIS Pack Vendor :STMicroelectronics X-CUBE-NFC7 1.0.1
2024-11-20 00:56:50,284 [INFO] ThirdParty:1030 - CMSIS Pack Vendor :STMicroelectronics MBEDTLS 2.14.1
2024-11-20 00:56:50,284 [INFO] ThirdParty:1030 - CMSIS Pack Vendor :ITTIA_DB I-CUBE-ITTIADB 8.9.0
2024-11-20 00:56:50,284 [INFO] ThirdParty:1030 - CMSIS Pack Vendor :STMicroelectronics X-CUBE-TOUCHGFX 4.24.1
2024-11-20 00:56:50,284 [INFO] ThirdParty:1030 - CMSIS Pack Vendor :wolfSSL I-CUBE-wolfTPM 3.4.0
2024-11-20 00:56:50,284 [INFO] ThirdParty:1030 - CMSIS Pack Vendor :portGmbH I-Cube-SoM-uGOAL 1.1.0
2024-11-20 00:56:50,284 [INFO] ThirdParty:1030 - CMSIS Pack Vendor :STMicroelectronics X-CUBE-BLEMGR 3.1.0
2024-11-20 00:56:50,284 [INFO] ThirdParty:1030 - CMSIS Pack Vendor :STMicroelectronics ThreadX 1.0.0
2024-11-20 00:56:50,284 [INFO] ThirdParty:1030 - CMSIS Pack Vendor :STMicroelectronics FP-SNS-SMARTAG2 1.2.0
2024-11-20 00:56:50,285 [INFO] ThirdParty:1030 - CMSIS Pack Vendor :STMicroelectronics X-CUBE-AZRTOS-WL 2.0.0
2024-11-20 00:56:50,285 [INFO] ThirdParty:1030 - CMSIS Pack Vendor :SEGGER I-CUBE-embOS 1.3.1
2024-11-20 00:56:50,285 [INFO] ThirdParty:1030 - CMSIS Pack Vendor :STMicroelectronics X-CUBE-ALGOBUILD 1.4.0
2024-11-20 00:56:50,285 [INFO] ThirdParty:1030 - CMSIS Pack Vendor :STMicroelectronics FP-SNS-MOTENV1 5.0.0
2024-11-20 00:56:50,285 [INFO] ThirdParty:1030 - CMSIS Pack Vendor :STMicroelectronics USB_DEVICE 1.0.0
2024-11-20 00:56:50,285 [INFO] ThirdParty:1030 - CMSIS Pack Vendor :STMicroelectronics X-CUBE-AZRTOS-H7RS 1.0.0
2024-11-20 00:56:50,285 [INFO] ThirdParty:1030 - CMSIS Pack Vendor :wolfSSL I-CUBE-wolfMQTT 1.19.0
2024-11-20 00:56:50,285 [INFO] ThirdParty:1030 - CMSIS Pack Vendor :STMicroelectronics X-CUBE-AZRTOS-L4 2.0.0
2024-11-20 00:56:50,285 [INFO] ThirdParty:1030 - CMSIS Pack Vendor :STMicroelectronics ThreadX 0.0.2
2024-11-20 00:56:50,285 [INFO] ThirdParty:1030 - CMSIS Pack Vendor :WES I-CUBE-Cesium 1.3.0
2024-11-20 00:56:50,285 [INFO] ThirdParty:1030 - CMSIS Pack Vendor :STMicroelectronics lwIP 2.1.2
2024-11-20 00:56:50,285 [INFO] ThirdParty:1030 - CMSIS Pack Vendor :STMicroelectronics X-CUBE-SFXS2LP1 4.0.0
2024-11-20 00:56:50,285 [INFO] ThirdParty:1030 - CMSIS Pack Vendor :STMicroelectronics X-CUBE-BLE2 3.3.0
2024-11-20 00:56:50,285 [INFO] ThirdParty:1030 - CMSIS Pack Vendor :STMicroelectronics X-CUBE-TOF1 3.4.2
2024-11-20 00:56:50,285 [INFO] ThirdParty:1030 - CMSIS Pack Vendor :STMicroelectronics X-CUBE-AI 9.1.0
2024-11-20 00:56:50,285 [INFO] ThirdParty:1030 - CMSIS Pack Vendor :Infineon AIROC-Wi-Fi-Bluetooth-STM32 1.6.1
2024-11-20 00:56:50,285 [INFO] ThirdParty:1030 - CMSIS Pack Vendor :STMicroelectronics PDM2PCM 3.2.0
2024-11-20 00:56:50,285 [INFO] ThirdParty:1030 - CMSIS Pack Vendor :wolfSSL I-CUBE-wolfSSH 1.4.17
2024-11-20 00:56:50,285 [INFO] ThirdParty:841 - exiting critical section [change project]
2024-11-20 00:56:50,409 [INFO] PinOutPanel:1561 - setPackage(No Configuration,No Configuration)
2024-11-20 00:56:50,437 [INFO] PinOutPanel:1561 - setPackage(STM32F401RETx,LQFP64)
2024-11-20 00:56:50,677 [INFO] UtilMem:75 - Before build in PCC Used Memory: 529371744 Bytes (870318080)
2024-11-20 00:56:50,977 [INFO] UtilMem:75 - After build in PCC Used Memory: 573411936 Bytes (870318080)
2024-11-20 00:56:51,001 [INFO] IPUIPlugin:80 - create IPUIPlugin
2024-11-20 00:56:51,001 [INFO] IPUIPlugin:80 - create IPUIPlugin
2024-11-20 00:56:51,002 [INFO] IPUIPlugin:80 - create IPUIPlugin
2024-11-20 00:56:51,002 [INFO] IPUIPlugin:80 - create IPUIPlugin
2024-11-20 00:56:51,002 [INFO] IPUIPlugin:80 - create IPUIPlugin
2024-11-20 00:56:51,002 [INFO] IPUIPlugin:80 - create IPUIPlugin
2024-11-20 00:56:51,002 [INFO] IPUIPlugin:80 - create IPUIPlugin
2024-11-20 00:56:51,002 [INFO] IPUIPlugin:80 - create IPUIPlugin
2024-11-20 00:56:51,003 [INFO] IPUIPlugin:80 - create IPUIPlugin
2024-11-20 00:56:51,003 [INFO] IPUIPlugin:80 - create IPUIPlugin
2024-11-20 00:56:51,003 [INFO] IPUIPlugin:80 - create IPUIPlugin
2024-11-20 00:56:51,003 [INFO] IPUIPlugin:80 - create IPUIPlugin
2024-11-20 00:56:51,003 [INFO] IPUIPlugin:80 - create IPUIPlugin
2024-11-20 00:56:51,003 [INFO] IPUIPlugin:80 - create IPUIPlugin
2024-11-20 00:56:51,004 [INFO] IPUIPlugin:80 - create IPUIPlugin
2024-11-20 00:56:51,004 [INFO] IPUIPlugin:80 - create IPUIPlugin
2024-11-20 00:56:51,004 [INFO] IPUIPlugin:80 - create IPUIPlugin
2024-11-20 00:56:51,004 [INFO] IPUIPlugin:80 - create IPUIPlugin
2024-11-20 00:56:51,005 [INFO] IPUIPlugin:80 - create IPUIPlugin
2024-11-20 00:56:51,005 [INFO] IPUIPlugin:80 - create IPUIPlugin
2024-11-20 00:56:51,005 [INFO] IPUIPlugin:80 - create IPUIPlugin
2024-11-20 00:56:51,005 [INFO] IPUIPlugin:80 - create IPUIPlugin
2024-11-20 00:56:51,006 [INFO] IPUIPlugin:80 - create IPUIPlugin
2024-11-20 00:56:51,006 [INFO] IPUIPlugin:80 - create IPUIPlugin
2024-11-20 00:56:51,006 [INFO] IPUIPlugin:80 - create IPUIPlugin
2024-11-20 00:56:51,006 [INFO] IPUIPlugin:80 - create IPUIPlugin
2024-11-20 00:56:51,007 [INFO] IPUIPlugin:80 - create IPUIPlugin
2024-11-20 00:56:51,007 [INFO] IPUIPlugin:80 - create IPUIPlugin
2024-11-20 00:56:51,007 [INFO] IPUIPlugin:80 - create IPUIPlugin
2024-11-20 00:56:51,008 [INFO] IPUIPlugin:80 - create IPUIPlugin
2024-11-20 00:56:51,008 [INFO] IPUIPlugin:80 - create IPUIPlugin
2024-11-20 00:56:51,008 [INFO] IPUIPlugin:80 - create IPUIPlugin
2024-11-20 00:56:51,009 [INFO] IPUIPlugin:80 - create IPUIPlugin
2024-11-20 00:56:51,009 [INFO] IPUIPlugin:80 - create IPUIPlugin
2024-11-20 00:56:51,009 [INFO] IPUIPlugin:80 - create IPUIPlugin
2024-11-20 00:56:51,010 [INFO] IPUIPlugin:80 - create IPUIPlugin
2024-11-20 00:56:51,010 [INFO] IPUIPlugin:80 - create IPUIPlugin
2024-11-20 00:56:51,011 [INFO] IPUIPlugin:80 - create IPUIPlugin
2024-11-20 00:56:51,038 [INFO] ApiDbMcu:508 - Load IP Config File for PDM2PCM
2024-11-20 00:56:51,092 [INFO] CADModel:165 - CPN selected for project levelSTM32F401RET6
2024-11-20 00:56:51,092 [INFO] CADModel:114 - Register for checkConnection events
2024-11-20 00:56:51,149 [INFO] OpenFileManager:363 - Restore cursor
2024-11-20 00:56:51,630 [INFO] UtilMem:75 - End SaveConfig() Used Memory: 660443744 Bytes (870318080)
2024-11-20 00:56:51,702 [INFO] UtilMem:75 - End SaveConfig() Used Memory: 674597472 Bytes (870318080)
2024-11-20 00:56:51,815 [INFO] BlockDiagram:2766 - set Specific Code input for plugin: NVIC
2024-11-20 00:56:51,815 [INFO] BlockDiagram:2766 - set Specific Code input for plugin: USART
2024-11-20 00:56:51,815 [INFO] BlockDiagram:2766 - set Specific Code input for plugin: SYS
2024-11-20 00:56:51,815 [INFO] BlockDiagram:2766 - set Specific Code input for plugin: GPIO
2024-11-20 00:56:51,815 [INFO] BlockDiagram:2766 - set Specific Code input for plugin: RCC
2024-11-20 00:56:51,816 [INFO] CodeGenerator:807 - code generatio: config db path: C:\ST\STM32CubeIDE_1.16.1\STM32CubeIDE\plugins\com.st.stm32cube.common.mx_6.12.1.202409122256\\db\
2024-11-20 00:56:51,947 [INFO] CodeEngine:255 - oldGeneratedFile, C:\Users\adina\STM32CubeIDE\workspace_1.16.1\piezo_final\MXTmpFiles\license.tmp_save
2024-11-20 00:56:52,048 [INFO] CodeEngine:279 - Generated code: C:\Users\adina\STM32CubeIDE\workspace_1.16.1\piezo_final\MXTmpFiles\license.tmp
2024-11-20 00:56:52,102 [INFO] CodeEngine:255 - oldGeneratedFile, C:\Users\adina\STM32CubeIDE\workspace_1.16.1\piezo_final\MXTmpFiles\gpio.tmp_save
2024-11-20 00:56:52,243 [INFO] CodeEngine:279 - Generated code: C:\Users\adina\STM32CubeIDE\workspace_1.16.1\piezo_final\MXTmpFiles\gpio.tmp
2024-11-20 00:56:52,286 [INFO] CodeEngine:255 - oldGeneratedFile, C:\Users\adina\STM32CubeIDE\workspace_1.16.1\piezo_final\Core\Src\stm32f4xx_it.c_save
2024-11-20 00:56:52,418 [INFO] CodeEngine:279 - Generated code: C:\Users\adina\STM32CubeIDE\workspace_1.16.1\piezo_final\Core\Src\stm32f4xx_it.c
2024-11-20 00:56:52,425 [INFO] CodeEngine:255 - oldGeneratedFile, C:\Users\adina\STM32CubeIDE\workspace_1.16.1\piezo_final\Core\Inc\stm32f4xx_it.h_save
2024-11-20 00:56:52,536 [INFO] CodeEngine:279 - Generated code: C:\Users\adina\STM32CubeIDE\workspace_1.16.1\piezo_final\Core\Inc\stm32f4xx_it.h
2024-11-20 00:56:52,550 [INFO] CodeEngine:255 - oldGeneratedFile, C:\Users\adina\STM32CubeIDE\workspace_1.16.1\piezo_final\Core\Src\stm32f4xx_hal_msp.c_save
2024-11-20 00:56:52,720 [INFO] CodeEngine:279 - Generated code: C:\Users\adina\STM32CubeIDE\workspace_1.16.1\piezo_final\Core\Src\stm32f4xx_hal_msp.c
2024-11-20 00:56:52,725 [INFO] CodeEngine:255 - oldGeneratedFile, C:\Users\adina\STM32CubeIDE\workspace_1.16.1\piezo_final\MXTmpFiles\system.tmp_save
2024-11-20 00:56:52,803 [INFO] CodeEngine:279 - Generated code: C:\Users\adina\STM32CubeIDE\workspace_1.16.1\piezo_final\MXTmpFiles\system.tmp
2024-11-20 00:56:52,815 [INFO] CodeEngine:311 - oldGeneratedFile, C:\Users\adina\STM32CubeIDE\workspace_1.16.1\piezo_final\Core\Inc\stm32f4xx_hal_conf.h_save
2024-11-20 00:56:52,957 [INFO] CodeEngine:335 - Generated code: C:\Users\adina\STM32CubeIDE\workspace_1.16.1\piezo_final\Core\Inc\stm32f4xx_hal_conf.h
2024-11-20 00:56:52,998 [INFO] CodeEngine:255 - oldGeneratedFile, C:\Users\adina\STM32CubeIDE\workspace_1.16.1\piezo_final\Core\Inc\main.h_save
2024-11-20 00:56:53,139 [INFO] CodeEngine:279 - Generated code: C:\Users\adina\STM32CubeIDE\workspace_1.16.1\piezo_final\Core\Inc\main.h
2024-11-20 00:56:53,145 [INFO] CodeEngine:255 - oldGeneratedFile, C:\Users\adina\STM32CubeIDE\workspace_1.16.1\piezo_final\Core\Src\main.c_save
2024-11-20 00:56:53,304 [INFO] CodeEngine:279 - Generated code: C:\Users\adina\STM32CubeIDE\workspace_1.16.1\piezo_final\Core\Src\main.c
2024-11-20 00:56:53,814 [INFO] ProjectBuilder:3249 - Time for Copy HAL[1] : 244mS.
2024-11-20 00:56:53,820 [INFO] ProjectBuilder:4828 - Project Generator version: 4.5.0-B34
2024-11-20 00:56:53,906 [INFO] ConfigFileManager:1531 - The Die is : DIE433
2024-11-20 00:56:53,936 [INFO] ApiDbMcu:508 - Load IP Config File for FATFS
2024-11-20 00:56:53,941 [INFO] ApiDbMcu:508 - Load IP Config File for FREERTOS
2024-11-20 00:56:53,944 [INFO] ApiDbMcu:508 - Load IP Config File for LIBJPEG
2024-11-20 00:56:53,953 [INFO] ApiDbMcu:508 - Load IP Config File for MBEDTLS
2024-11-20 00:56:53,962 [INFO] ApiDbMcu:508 - Load IP Config File for USB_DEVICE
2024-11-20 00:56:53,967 [INFO] ApiDbMcu:508 - Load IP Config File for USB_HOST
2024-11-20 00:56:55,906 [INFO] ProjectBuilder:5097 - Time for Generating toolchain IDE Files: 2086mS.
2024-11-20 00:56:55,907 [INFO] ProjectBuilder:3107 - Time for Copy CMSIS : 1mS.
2024-11-20 00:56:55,910 [INFO] ProjectBuilder:3107 - Time for Copy CMSIS : 0mS.
2024-11-20 00:56:56,787 [INFO] McuFinderGlobals:76 - Set McuFinderConnectedMode to true
2024-11-20 00:56:56,816 [INFO] ApiDb:448 - Save user favorites file C:\Users\adina/.stm32cubeide/favorites.mcus.txt: 0 item(s)
2024-11-20 00:56:56,816 [INFO] ApiDb:452 - User favorites MCUs=[]
2024-11-20 00:56:56,817 [INFO] ApiDb:448 - Save user favorites file C:\Users\adina/.stm32cubeide/favorites.boards.txt: 0 item(s)
2024-11-20 00:56:56,818 [INFO] ApiDb:452 - User favorites Boards=[]
2024-11-20 01:03:51,392 [INFO] NvicIntPanel:101 - NVIC parent = com.st.microxplorer.plugins.ip.nvic.MultiNvicIntPanel[,0,0,0x0,invalid,layout=javax.swing.BoxLayout,alignmentX=0.0,alignmentY=0.0,border=,flags=9,maximumSize=,minimumSize=,preferredSize=]
2024-11-20 01:05:49,226 [INFO] NvicIntPanel:101 - NVIC parent = com.st.microxplorer.plugins.ip.nvic.MultiNvicIntPanel[,0,0,0x0,invalid,layout=javax.swing.BoxLayout,alignmentX=0.0,alignmentY=0.0,border=,flags=9,maximumSize=,minimumSize=,preferredSize=]
2024-11-20 01:06:12,984 [INFO] UtilMem:75 - End SaveConfig() Used Memory: 531754576 Bytes (870318080)
2024-11-20 01:06:14,884 [INFO] UtilMem:75 - End SaveConfig() Used Memory: 551332264 Bytes (870318080)
2024-11-20 01:06:20,229 [INFO] UtilMem:75 - End SaveConfig() Used Memory: 617215568 Bytes (870318080)
2024-11-20 01:06:20,378 [INFO] BlockDiagram:2766 - set Specific Code input for plugin: NVIC
2024-11-20 01:06:20,378 [INFO] BlockDiagram:2766 - set Specific Code input for plugin: USART
2024-11-20 01:06:20,378 [INFO] BlockDiagram:2766 - set Specific Code input for plugin: TIM1_8
2024-11-20 01:06:20,378 [INFO] BlockDiagram:2766 - set Specific Code input for plugin: SYS
2024-11-20 01:06:20,378 [INFO] BlockDiagram:2766 - set Specific Code input for plugin: GPIO
2024-11-20 01:06:20,378 [INFO] BlockDiagram:2766 - set Specific Code input for plugin: RCC
2024-11-20 01:06:20,379 [INFO] CodeGenerator:807 - code generatio: config db path: C:\ST\STM32CubeIDE_1.16.1\STM32CubeIDE\plugins\com.st.stm32cube.common.mx_6.12.1.202409122256\\db\
2024-11-20 01:06:20,487 [INFO] CodeEngine:255 - oldGeneratedFile, C:\Users\adina\STM32CubeIDE\workspace_1.16.1\piezo_final\MXTmpFiles\license.tmp_save
2024-11-20 01:06:20,612 [INFO] CodeEngine:279 - Generated code: C:\Users\adina\STM32CubeIDE\workspace_1.16.1\piezo_final\MXTmpFiles\license.tmp
2024-11-20 01:06:20,632 [INFO] CodeEngine:255 - oldGeneratedFile, C:\Users\adina\STM32CubeIDE\workspace_1.16.1\piezo_final\MXTmpFiles\gpio.tmp_save
2024-11-20 01:06:20,737 [INFO] CodeEngine:279 - Generated code: C:\Users\adina\STM32CubeIDE\workspace_1.16.1\piezo_final\MXTmpFiles\gpio.tmp
2024-11-20 01:06:20,815 [INFO] CodeEngine:255 - oldGeneratedFile, C:\Users\adina\STM32CubeIDE\workspace_1.16.1\piezo_final\Core\Src\stm32f4xx_it.c_save
2024-11-20 01:06:20,909 [INFO] CodeEngine:279 - Generated code: C:\Users\adina\STM32CubeIDE\workspace_1.16.1\piezo_final\Core\Src\stm32f4xx_it.c
2024-11-20 01:06:20,917 [INFO] CodeEngine:255 - oldGeneratedFile, C:\Users\adina\STM32CubeIDE\workspace_1.16.1\piezo_final\Core\Inc\stm32f4xx_it.h_save
2024-11-20 01:06:20,996 [INFO] CodeEngine:279 - Generated code: C:\Users\adina\STM32CubeIDE\workspace_1.16.1\piezo_final\Core\Inc\stm32f4xx_it.h
2024-11-20 01:06:21,024 [INFO] CodeEngine:255 - oldGeneratedFile, C:\Users\adina\STM32CubeIDE\workspace_1.16.1\piezo_final\Core\Src\stm32f4xx_hal_msp.c_save
2024-11-20 01:06:21,150 [INFO] CodeEngine:279 - Generated code: C:\Users\adina\STM32CubeIDE\workspace_1.16.1\piezo_final\Core\Src\stm32f4xx_hal_msp.c
2024-11-20 01:06:21,158 [INFO] CodeEngine:255 - oldGeneratedFile, C:\Users\adina\STM32CubeIDE\workspace_1.16.1\piezo_final\MXTmpFiles\system.tmp_save
2024-11-20 01:06:21,248 [INFO] CodeEngine:279 - Generated code: C:\Users\adina\STM32CubeIDE\workspace_1.16.1\piezo_final\MXTmpFiles\system.tmp
2024-11-20 01:06:21,277 [INFO] CodeEngine:311 - oldGeneratedFile, C:\Users\adina\STM32CubeIDE\workspace_1.16.1\piezo_final\Core\Inc\stm32f4xx_hal_conf.h_save
2024-11-20 01:06:21,403 [INFO] CodeEngine:335 - Generated code: C:\Users\adina\STM32CubeIDE\workspace_1.16.1\piezo_final\Core\Inc\stm32f4xx_hal_conf.h
2024-11-20 01:06:21,443 [WARN] IPConfigManager:3554 - IP not found : TIM
2024-11-20 01:06:21,444 [WARN] CodeGenerator:4002 - IP not found : null
2024-11-20 01:06:21,473 [INFO] CodeEngine:255 - oldGeneratedFile, C:\Users\adina\STM32CubeIDE\workspace_1.16.1\piezo_final\Core\Inc\main.h_save
2024-11-20 01:06:21,580 [INFO] CodeEngine:279 - Generated code: C:\Users\adina\STM32CubeIDE\workspace_1.16.1\piezo_final\Core\Inc\main.h
2024-11-20 01:06:21,600 [INFO] CodeEngine:255 - oldGeneratedFile, C:\Users\adina\STM32CubeIDE\workspace_1.16.1\piezo_final\Core\Src\main.c_save
2024-11-20 01:06:21,759 [INFO] CodeEngine:279 - Generated code: C:\Users\adina\STM32CubeIDE\workspace_1.16.1\piezo_final\Core\Src\main.c
2024-11-20 01:06:22,315 [INFO] ProjectBuilder:3249 - Time for Copy HAL[1] : 252mS.
2024-11-20 01:06:22,320 [INFO] ProjectBuilder:4828 - Project Generator version: 4.5.0-B34
2024-11-20 01:06:22,407 [INFO] ConfigFileManager:1531 - The Die is : DIE433
2024-11-20 01:06:23,174 [INFO] ProjectBuilder:5097 - Time for Generating toolchain IDE Files: 854mS.
2024-11-20 01:06:23,175 [INFO] ProjectBuilder:3107 - Time for Copy CMSIS : 1mS.
2024-11-20 01:06:23,180 [INFO] ProjectBuilder:3107 - Time for Copy CMSIS : 0mS.
2024-11-20 01:12:31,180 [INFO] MainUpdater:2873 - connection check result : 10
2024-11-20 01:12:31,180 [INFO] MainUpdater:2873 - connection check result : 10
2024-11-20 01:12:31,226 [INFO] MicroXplorer:468 - Change Database Path : 
2024-11-20 01:12:31,227 [INFO] MicroXplorer:498 - Change Database Version : DB.6.0.121
2024-11-20 01:12:31,236 [ERROR] ProjectManagerView:394 - 
java.lang.NullPointerException: Cannot invoke "javax.swing.JTextField.getText()" because the return value of "java.util.List.get(int)" is null
	at com.st.microxplorer.plugins.projectmanager.gui.ProjectChoiceTab$10.caretUpdate(ProjectChoiceTab.java:2622) ~[filemanager.jar:?]
	at javax.swing.text.JTextComponent.fireCaretUpdate(JTextComponent.java:412) ~[?:?]
	at javax.swing.text.JTextComponent$MutableCaretEvent.fire(JTextComponent.java:4491) ~[?:?]
	at javax.swing.text.JTextComponent$MutableCaretEvent.stateChanged(JTextComponent.java:4513) ~[?:?]
	at javax.swing.text.DefaultCaret.fireStateChanged(DefaultCaret.java:842) ~[?:?]
	at javax.swing.text.DefaultCaret.changeCaretPosition(DefaultCaret.java:1313) ~[?:?]
	at javax.swing.text.DefaultCaret.handleSetDot(DefaultCaret.java:1212) ~[?:?]
	at javax.swing.text.DefaultCaret.setDot(DefaultCaret.java:1193) ~[?:?]
	at javax.swing.text.DefaultCaret$Handler.insertUpdate(DefaultCaret.java:1789) ~[?:?]
	at javax.swing.text.AbstractDocument.fireInsertUpdate(AbstractDocument.java:226) ~[?:?]
	at javax.swing.text.AbstractDocument.handleInsertString(AbstractDocument.java:780) ~[?:?]
	at javax.swing.text.AbstractDocument.insertString(AbstractDocument.java:739) ~[?:?]
	at javax.swing.text.PlainDocument.insertString(PlainDocument.java:131) ~[?:?]
	at javax.swing.text.AbstractDocument.replace(AbstractDocument.java:698) ~[?:?]
	at javax.swing.text.JTextComponent.setText(JTextComponent.java:1729) ~[?:?]
	at com.st.microxplorer.plugins.projectmanager.gui.ProjectChoiceTab.createHeapStackFields(ProjectChoiceTab.java:972) ~[filemanager.jar:?]
	at com.st.microxplorer.plugins.projectmanager.gui.ProjectChoiceTab.buildLinkSettingsPanel(ProjectChoiceTab.java:3597) ~[filemanager.jar:?]
	at com.st.microxplorer.plugins.projectmanager.gui.ProjectChoiceTab.defineWindowsFields(ProjectChoiceTab.java:1940) ~[filemanager.jar:?]
	at com.st.microxplorer.plugins.projectmanager.gui.ProjectChoiceTab.updateSettings(ProjectChoiceTab.java:550) ~[filemanager.jar:?]
	at com.st.microxplorer.plugins.projectmanager.gui.ProjectSettingsPanel.UpdateDialog(ProjectSettingsPanel.java:245) ~[filemanager.jar:?]
	at com.st.microxplorer.plugins.projectmanager.ProjectManagerView.propertyChange(ProjectManagerView.java:391) ~[filemanager.jar:?]
	at java.beans.PropertyChangeSupport.fire(PropertyChangeSupport.java:343) ~[?:?]
	at java.beans.PropertyChangeSupport.firePropertyChange(PropertyChangeSupport.java:335) ~[?:?]
	at java.beans.PropertyChangeSupport.firePropertyChange(PropertyChangeSupport.java:268) ~[?:?]
	at com.st.microxplorer.util.MXPropertyChangeSupport.firePropertyChange(MXPropertyChangeSupport.java:54) ~[STM32CubeMX.jar:?]
	at com.st.microxplorer.mxsystem.MxSystem.closeConfig(MxSystem.java:900) ~[STM32CubeMX.jar:?]
	at com.st.microxplorer.maingui.MainPanel.closeConfig(MainPanel.java:781) ~[STM32CubeMX.jar:?]
	at com.st.microxplorer.plugins.filemanager.engine.OpenFileManager.loadConfigurationFile(OpenFileManager.java:265) ~[filemanager.jar:?]
	at com.st.microxplorer.plugins.filemanager.engine.MainFileManager.userLoadConfig(MainFileManager.java:352) ~[filemanager.jar:?]
	at com.st.microxplorer.plugins.filemanager.engine.MainFileManager.userLoadConfig(MainFileManager.java:330) ~[filemanager.jar:?]
	at com.st.microxplorer.plugins.filemanager.FileManagerView.getSpecificTask(FileManagerView.java:246) ~[filemanager.jar:?]
	at com.st.stm32cube.common.mx.editor.CubeMxEditor.getMxTabbedPaneInstance(CubeMxEditor.java:1198) ~[com.st.stm32cube.common.mx_6.12.1.202409122256/:?]
	at com.st.stm32cube.common.mx.editor.CubeMxEditor$12$1.createSwingComponent(CubeMxEditor.java:1068) ~[com.st.stm32cube.common.mx_6.12.1.202409122256/:?]
	at com.st.stm32cube.common.mx.oss.core.awtswtbridge.EmbeddedSwingComposite.doComponentCreation(EmbeddedSwingComposite.java:492) ~[com.st.stm32cube.common.mx.oss_6.12.1.202409122256/:?]
	at com.st.stm32cube.common.mx.oss.core.awtswtbridge.EmbeddedSwingComposite$4.run(EmbeddedSwingComposite.java:291) ~[com.st.stm32cube.common.mx.oss_6.12.1.202409122256/:?]
	at com.st.stm32cube.common.mx.oss.core.awtswtbridge.AwtEnvironment$2.run(AwtEnvironment.java:166) ~[com.st.stm32cube.common.mx.oss_6.12.1.202409122256/:?]
	at java.awt.event.InvocationEvent.dispatch(InvocationEvent.java:318) ~[?:?]
	at java.awt.EventQueue.dispatchEventImpl(EventQueue.java:773) ~[?:?]
	at java.awt.EventQueue$4.run(EventQueue.java:720) ~[?:?]
	at java.awt.EventQueue$4.run(EventQueue.java:714) ~[?:?]
	at java.security.AccessController.doPrivileged(AccessController.java:399) ~[?:?]
	at java.security.ProtectionDomain$JavaSecurityAccessImpl.doIntersectionPrivilege(ProtectionDomain.java:86) ~[?:?]
	at java.awt.EventQueue.dispatchEvent(EventQueue.java:742) ~[?:?]
	at java.awt.EventDispatchThread.pumpOneEventForFilters(EventDispatchThread.java:203) ~[?:?]
	at java.awt.EventDispatchThread.pumpEventsForFilter(EventDispatchThread.java:124) ~[?:?]
	at java.awt.EventDispatchThread.pumpEventsForHierarchy(EventDispatchThread.java:113) ~[?:?]
	at java.awt.EventDispatchThread.pumpEvents(EventDispatchThread.java:109) ~[?:?]
	at java.awt.EventDispatchThread.pumpEvents(EventDispatchThread.java:101) ~[?:?]
	at java.awt.EventDispatchThread.run(EventDispatchThread.java:90) ~[?:?]
2024-11-20 01:12:31,237 [WARN] ThirdParty:871 - waiting for thirdparty lock release [close project]
2024-11-20 01:12:31,237 [INFO] ThirdParty:873 - entering critical section [close project]
2024-11-20 01:12:31,237 [INFO] ThirdParty:883 - exiting critical section [close project]
2024-11-20 01:12:31,238 [INFO] PinOutPanel:1561 - setPackage(No Configuration,No Configuration)
2024-11-20 01:12:31,242 [WARN] IpParametersView:151 - Warning: This peripheral hasn't parameters
2024-11-20 01:12:31,245 [WARN] MainPanel:284 - <html><b><center>Warning: This peripheral has no parameters to be configured<br></b></html>
2024-11-20 01:12:31,247 [INFO] UtilMem:75 - Begin LoadConfig() Used Memory: 591961096 Bytes (870318080)
2024-11-20 01:12:31,248 [INFO] MicroXplorer:468 - Change Database Path : 
2024-11-20 01:12:31,248 [INFO] MicroXplorer:498 - Change Database Version : DB.6.0.121
2024-11-20 01:12:31,248 [INFO] OpenFileManager:332 - Change cursor
2024-11-20 01:12:31,261 [INFO] RulesReader:64 - Compatibility file has been processed (297 Rules)
2024-11-20 01:12:31,264 [INFO] Mcu:2032 - Initializing MCU STM32F401R(D-E)Tx STM32F401RETx STM32F401RET6
2024-11-20 01:12:32,019 [INFO] Context:742 - Trying to add GPIOservice into a context  which must be forbidden
2024-11-20 01:12:32,581 [INFO] RtosManager:555 - Registered RTOS mode: class=CMSIS, group=RTOS, mode=CMSIS_V1, owner=FREERTOS
2024-11-20 01:12:32,581 [INFO] RtosManager:555 - Registered RTOS mode: class=CMSIS, group=RTOS2, mode=CMSIS_V2, owner=FREERTOS
2024-11-20 01:12:32,581 [INFO] RtosManager:555 - Registered RTOS mode: class=RTOS, group=Core, mode=CMSIS_V1, owner=FREERTOS
2024-11-20 01:12:32,581 [INFO] RtosManager:555 - Registered RTOS mode: class=RTOS, group=Core, mode=CMSIS_V2, owner=FREERTOS
2024-11-20 01:12:32,581 [WARN] ModelIntegratedComponent:184 - Missing modes for component STMicroelectronics:FreeRTOS:0.0.1:STMicroelectronics:RTOS:FreeRTOS:Core:::10.2.0:
2024-11-20 01:12:32,587 [WARN] ModelIntegratedComponent:63 - No mode defined for component null
2024-11-20 01:12:32,587 [WARN] ModelIntegratedComponent:63 - No mode defined for component null
2024-11-20 01:12:32,587 [WARN] ModelIntegratedComponent:63 - No mode defined for component null
2024-11-20 01:12:32,587 [WARN] ModelIntegratedComponent:63 - No mode defined for component null
2024-11-20 01:12:32,587 [WARN] ModelIntegratedComponent:63 - No mode defined for component null
2024-11-20 01:12:32,587 [WARN] ModelIntegratedComponent:63 - No mode defined for component null
2024-11-20 01:12:32,587 [WARN] ModelIntegratedComponent:63 - No mode defined for component null
2024-11-20 01:12:32,587 [WARN] ModelIntegratedComponent:63 - No mode defined for component null
2024-11-20 01:12:32,587 [WARN] ModelIntegratedComponent:63 - No mode defined for component null
2024-11-20 01:12:32,587 [WARN] ModelIntegratedComponent:63 - No mode defined for component null
2024-11-20 01:12:32,587 [WARN] ModelIntegratedComponent:63 - No mode defined for component null
2024-11-20 01:12:32,587 [WARN] ModelIntegratedComponent:63 - No mode defined for component null
2024-11-20 01:12:32,587 [WARN] ModelIntegratedComponent:63 - No mode defined for component null
2024-11-20 01:12:32,587 [WARN] ModelIntegratedComponent:63 - No mode defined for component null
2024-11-20 01:12:32,587 [WARN] ModelIntegratedComponent:63 - No mode defined for component null
2024-11-20 01:12:32,587 [WARN] ModelIntegratedComponent:63 - No mode defined for component null
2024-11-20 01:12:32,587 [WARN] ModelIntegratedComponent:63 - No mode defined for component null
2024-11-20 01:12:32,587 [WARN] ModelIntegratedComponent:63 - No mode defined for component null
2024-11-20 01:12:32,587 [WARN] ModelIntegratedComponent:63 - No mode defined for component null
2024-11-20 01:12:32,587 [WARN] ModelIntegratedComponent:63 - No mode defined for component null
2024-11-20 01:12:32,587 [WARN] ModelIntegratedComponent:63 - No mode defined for component null
2024-11-20 01:12:32,587 [WARN] ModelIntegratedComponent:63 - No mode defined for component null
2024-11-20 01:12:32,587 [WARN] ModelIntegratedComponent:63 - No mode defined for component null
2024-11-20 01:12:32,587 [WARN] ModelIntegratedComponent:63 - No mode defined for component null
2024-11-20 01:12:32,587 [WARN] ModelIntegratedComponent:63 - No mode defined for component null
2024-11-20 01:12:32,587 [WARN] ModelIntegratedComponent:63 - No mode defined for component null
2024-11-20 01:12:32,588 [WARN] ModelIntegratedComponent:63 - No mode defined for component null
2024-11-20 01:12:32,588 [WARN] ModelIntegratedComponent:63 - No mode defined for component null
2024-11-20 01:12:32,588 [WARN] ModelIntegratedComponent:63 - No mode defined for component null
2024-11-20 01:12:32,588 [WARN] ModelIntegratedComponent:63 - No mode defined for component null
2024-11-20 01:12:32,588 [WARN] ModelIntegratedComponent:63 - No mode defined for component null
2024-11-20 01:12:32,588 [WARN] ModelIntegratedComponent:63 - No mode defined for component null
2024-11-20 01:12:32,588 [WARN] ModelIntegratedComponent:63 - No mode defined for component null
2024-11-20 01:12:32,588 [WARN] ModelIntegratedComponent:63 - No mode defined for component null
2024-11-20 01:12:32,588 [WARN] ModelIntegratedComponent:63 - No mode defined for component null
2024-11-20 01:12:32,588 [WARN] ModelPack:524 - Component already loaded: STMicroelectronics:HAL Drivers:0.0.0:STMicroelectronics:Device:STMicro_Driver:XSPI:HAL::0.0.1:HAL_XSPI
2024-11-20 01:12:32,601 [INFO] ThirdPartyModel:298 - Start build external matchings
2024-11-20 01:12:33,101 [INFO] ThirdPartyModel:316 - End build external matchings
2024-11-20 01:12:33,114 [INFO] ImportTextPane:205 - (OptionalMessage_ERROR) IP (RCC) : Parameter (RTCHSEDivFreq_Value) has invalid value (4000000)
2024-11-20 01:12:33,325 [INFO] UtilMem:75 - End LoadConfig() Used Memory: 589663096 Bytes (870318080)
2024-11-20 01:12:33,399 [WARN] ThirdParty:833 - waiting for thirdparty lock release [change project]
2024-11-20 01:12:33,399 [INFO] ThirdParty:835 - entering critical section [change project]
2024-11-20 01:12:33,399 [INFO] ThirdParty:1030 - CMSIS Pack Vendor :STMicroelectronics USBPD 4.1
2024-11-20 01:12:33,399 [INFO] ThirdParty:1030 - CMSIS Pack Vendor :STMicroelectronics X-CUBE-AZRTOS-H7 3.3.0
2024-11-20 01:12:33,400 [INFO] ThirdParty:1030 - CMSIS Pack Vendor :STMicroelectronics X-CUBE-NFC9 1.0.0
2024-11-20 01:12:33,400 [INFO] ThirdParty:1030 - CMSIS Pack Vendor :STMicroelectronics USB_HOST 2.0.0
2024-11-20 01:12:33,400 [INFO] ThirdParty:1030 - CMSIS Pack Vendor :STMicroelectronics FP-SNS-MOTENVWB1 1.4.0
2024-11-20 01:12:33,400 [INFO] ThirdParty:1030 - CMSIS Pack Vendor :STMicroelectronics X-CUBE-AZRTOS-F4 1.1.0
2024-11-20 01:12:33,400 [INFO] ThirdParty:1030 - CMSIS Pack Vendor :STMicroelectronics LIBJPEG 8.0.0
2024-11-20 01:12:33,400 [INFO] ThirdParty:1030 - CMSIS Pack Vendor :STMicroelectronics FP-ATR-ASTRA1 2.0.1
2024-11-20 01:12:33,400 [INFO] ThirdParty:1030 - CMSIS Pack Vendor :STMicroelectronics X-CUBE-SMBUS 2.1.0
2024-11-20 01:12:33,400 [INFO] ThirdParty:1030 - CMSIS Pack Vendor :STMicroelectronics X-CUBE-WB05N 1.1.0
2024-11-20 01:12:33,400 [INFO] ThirdParty:1030 - CMSIS Pack Vendor :STMicroelectronics USB_DEVICE 3.0.0
2024-11-20 01:12:33,400 [INFO] ThirdParty:1030 - CMSIS Pack Vendor :STMicroelectronics X-CUBE-TCPP 4.1.0
2024-11-20 01:12:33,400 [INFO] ThirdParty:1030 - CMSIS Pack Vendor :STMicroelectronics X-CUBE-ISPU 2.1.0
2024-11-20 01:12:33,400 [INFO] ThirdParty:1030 - CMSIS Pack Vendor :STMicroelectronics X-CUBE-FREERTOS 1.2.0
2024-11-20 01:12:33,400 [INFO] ThirdParty:1030 - CMSIS Pack Vendor :STMicroelectronics X-CUBE-IPS 3.0.0
2024-11-20 01:12:33,400 [INFO] ThirdParty:1030 - CMSIS Pack Vendor :STMicroelectronics X-CUBE-AZRTOS-WB 2.0.0
2024-11-20 01:12:33,400 [INFO] ThirdParty:1030 - CMSIS Pack Vendor :STMicroelectronics X-CUBE-GNSS1 7.0.0
2024-11-20 01:12:33,400 [INFO] ThirdParty:1030 - CMSIS Pack Vendor :STMicroelectronics X-CUBE-AZRTOS-F7 1.1.0
2024-11-20 01:12:33,400 [INFO] ThirdParty:1030 - CMSIS Pack Vendor :STMicroelectronics X-CUBE-AZRTOS-L5 2.0.0
2024-11-20 01:12:33,400 [INFO] ThirdParty:1030 - CMSIS Pack Vendor :STMicroelectronics USB_DEVICE 2.0.0
2024-11-20 01:12:33,400 [INFO] ThirdParty:1030 - CMSIS Pack Vendor :STMicroelectronics X-CUBE-NFC6 3.1.0
2024-11-20 01:12:33,400 [INFO] ThirdParty:1030 - CMSIS Pack Vendor :STMicroelectronics FP-SNS-STBOX1 2.0.0
2024-11-20 01:12:33,400 [INFO] ThirdParty:1030 - CMSIS Pack Vendor :STMicroelectronics X-CUBE-MEMS1 11.0.0
2024-11-20 01:12:33,400 [INFO] ThirdParty:1030 - CMSIS Pack Vendor :STMicroelectronics FreeRTOS 0.0.1
2024-11-20 01:12:33,400 [INFO] ThirdParty:1030 - CMSIS Pack Vendor :STMicroelectronics X-CUBE-AZRTOS-G0 1.1.0
2024-11-20 01:12:33,400 [INFO] ThirdParty:1030 - CMSIS Pack Vendor :STMicroelectronics X-CUBE-SAFEA1 1.2.2
2024-11-20 01:12:33,400 [INFO] ThirdParty:1030 - CMSIS Pack Vendor :STMicroelectronics X-CUBE-NFC4 3.0.0
2024-11-20 01:12:33,400 [INFO] ThirdParty:1030 - CMSIS Pack Vendor :STMicroelectronics X-CUBE-DPower 1.2.0
2024-11-20 01:12:33,400 [INFO] ThirdParty:1030 - CMSIS Pack Vendor :STMicroelectronics X-CUBE-SUBG2 5.0.0
2024-11-20 01:12:33,400 [INFO] ThirdParty:1030 - CMSIS Pack Vendor :STMicroelectronics STM32_WPAN 1.0.0
2024-11-20 01:12:33,400 [INFO] ThirdParty:1030 - CMSIS Pack Vendor :EmbeddedOffice I-CUBE-FS-RTOS 1.0.1
2024-11-20 01:12:33,400 [INFO] ThirdParty:1030 - CMSIS Pack Vendor :STMicroelectronics lwIP 2.0.3
2024-11-20 01:12:33,402 [INFO] ThirdParty:1030 - CMSIS Pack Vendor :STMicroelectronics FP-SNS-FLIGHT1 5.0.2
2024-11-20 01:12:33,402 [INFO] ThirdParty:1030 - CMSIS Pack Vendor :Cesanta I-CUBE-Mongoose 7.13.0
2024-11-20 01:12:33,402 [INFO] ThirdParty:1030 - CMSIS Pack Vendor :STMicroelectronics USB_HOST 1.0.0
2024-11-20 01:12:33,402 [INFO] ThirdParty:1030 - CMSIS Pack Vendor :STMicroelectronics X-CUBE-AZRTOS-G4 2.0.0
2024-11-20 01:12:33,402 [INFO] ThirdParty:1030 - CMSIS Pack Vendor :STMicroelectronics PDM2PCM 3.1.0
2024-11-20 01:12:33,402 [INFO] ThirdParty:1030 - CMSIS Pack Vendor :STMicroelectronics PDM2PCM 3.3.0
2024-11-20 01:12:33,402 [INFO] ThirdParty:1030 - CMSIS Pack Vendor :STMicroelectronics X-CUBE-DISPLAY 3.0.0
2024-11-20 01:12:33,402 [INFO] ThirdParty:1030 - CMSIS Pack Vendor :RealThread X-CUBE-RT-Thread_Nano 4.1.1
2024-11-20 01:12:33,402 [INFO] ThirdParty:1030 - CMSIS Pack Vendor :STMicroelectronics X-CUBE-BLE1 7.0.0
2024-11-20 01:12:33,402 [INFO] ThirdParty:1030 - CMSIS Pack Vendor :STMicroelectronics FP-ATR-SIGFOX1 3.2.0
2024-11-20 01:12:33,402 [INFO] ThirdParty:1030 - CMSIS Pack Vendor :STMicroelectronics X-CUBE-NFC10 1.0.0
2024-11-20 01:12:33,402 [INFO] ThirdParty:1030 - CMSIS Pack Vendor :quantropi X-CUBE-qispace-sdk-base 1.9.3
2024-11-20 01:12:33,402 [INFO] ThirdParty:1030 - CMSIS Pack Vendor :STMicroelectronics X-CUBE-EEPRMA1 5.1.0
2024-11-20 01:12:33,402 [INFO] ThirdParty:1030 - CMSIS Pack Vendor :STMicroelectronics HAL Drivers 0.0.0
2024-11-20 01:12:33,402 [INFO] ThirdParty:1030 - CMSIS Pack Vendor :STMicroelectronics MBEDTLS 2.16.2
2024-11-20 01:12:33,402 [INFO] ThirdParty:1030 - CMSIS Pack Vendor :STMicroelectronics X-CUBE-ALS 1.0.2
2024-11-20 01:12:33,402 [INFO] ThirdParty:1030 - CMSIS Pack Vendor :emotas I-CUBE-CANOPEN 1.3.0
2024-11-20 01:12:33,402 [INFO] ThirdParty:1030 - CMSIS Pack Vendor :wolfSSL I-CUBE-wolfSSL 5.7.4
2024-11-20 01:12:33,402 [INFO] ThirdParty:1030 - CMSIS Pack Vendor :STMicroelectronics X-CUBE-NFC7 1.0.1
2024-11-20 01:12:33,402 [INFO] ThirdParty:1030 - CMSIS Pack Vendor :STMicroelectronics MBEDTLS 2.14.1
2024-11-20 01:12:33,403 [INFO] ThirdParty:1030 - CMSIS Pack Vendor :ITTIA_DB I-CUBE-ITTIADB 8.9.0
2024-11-20 01:12:33,403 [INFO] ThirdParty:1030 - CMSIS Pack Vendor :STMicroelectronics X-CUBE-TOUCHGFX 4.24.1
2024-11-20 01:12:33,403 [INFO] ThirdParty:1030 - CMSIS Pack Vendor :wolfSSL I-CUBE-wolfTPM 3.4.0
2024-11-20 01:12:33,403 [INFO] ThirdParty:1030 - CMSIS Pack Vendor :portGmbH I-Cube-SoM-uGOAL 1.1.0
2024-11-20 01:12:33,403 [INFO] ThirdParty:1030 - CMSIS Pack Vendor :STMicroelectronics X-CUBE-BLEMGR 3.1.0
2024-11-20 01:12:33,403 [INFO] ThirdParty:1030 - CMSIS Pack Vendor :STMicroelectronics ThreadX 1.0.0
2024-11-20 01:12:33,403 [INFO] ThirdParty:1030 - CMSIS Pack Vendor :STMicroelectronics FP-SNS-SMARTAG2 1.2.0
2024-11-20 01:12:33,403 [INFO] ThirdParty:1030 - CMSIS Pack Vendor :STMicroelectronics X-CUBE-AZRTOS-WL 2.0.0
2024-11-20 01:12:33,403 [INFO] ThirdParty:1030 - CMSIS Pack Vendor :SEGGER I-CUBE-embOS 1.3.1
2024-11-20 01:12:33,403 [INFO] ThirdParty:1030 - CMSIS Pack Vendor :STMicroelectronics X-CUBE-ALGOBUILD 1.4.0
2024-11-20 01:12:33,403 [INFO] ThirdParty:1030 - CMSIS Pack Vendor :STMicroelectronics FP-SNS-MOTENV1 5.0.0
2024-11-20 01:12:33,403 [INFO] ThirdParty:1030 - CMSIS Pack Vendor :STMicroelectronics USB_DEVICE 1.0.0
2024-11-20 01:12:33,403 [INFO] ThirdParty:1030 - CMSIS Pack Vendor :STMicroelectronics X-CUBE-AZRTOS-H7RS 1.0.0
2024-11-20 01:12:33,403 [INFO] ThirdParty:1030 - CMSIS Pack Vendor :wolfSSL I-CUBE-wolfMQTT 1.19.0
2024-11-20 01:12:33,403 [INFO] ThirdParty:1030 - CMSIS Pack Vendor :STMicroelectronics X-CUBE-AZRTOS-L4 2.0.0
2024-11-20 01:12:33,403 [INFO] ThirdParty:1030 - CMSIS Pack Vendor :STMicroelectronics ThreadX 0.0.2
2024-11-20 01:12:33,403 [INFO] ThirdParty:1030 - CMSIS Pack Vendor :WES I-CUBE-Cesium 1.3.0
2024-11-20 01:12:33,403 [INFO] ThirdParty:1030 - CMSIS Pack Vendor :STMicroelectronics lwIP 2.1.2
2024-11-20 01:12:33,403 [INFO] ThirdParty:1030 - CMSIS Pack Vendor :STMicroelectronics X-CUBE-SFXS2LP1 4.0.0
2024-11-20 01:12:33,403 [INFO] ThirdParty:1030 - CMSIS Pack Vendor :STMicroelectronics X-CUBE-BLE2 3.3.0
2024-11-20 01:12:33,403 [INFO] ThirdParty:1030 - CMSIS Pack Vendor :STMicroelectronics X-CUBE-TOF1 3.4.2
2024-11-20 01:12:33,403 [INFO] ThirdParty:1030 - CMSIS Pack Vendor :STMicroelectronics X-CUBE-AI 9.1.0
2024-11-20 01:12:33,403 [INFO] ThirdParty:1030 - CMSIS Pack Vendor :Infineon AIROC-Wi-Fi-Bluetooth-STM32 1.6.1
2024-11-20 01:12:33,403 [INFO] ThirdParty:1030 - CMSIS Pack Vendor :STMicroelectronics PDM2PCM 3.2.0
2024-11-20 01:12:33,403 [INFO] ThirdParty:1030 - CMSIS Pack Vendor :wolfSSL I-CUBE-wolfSSH 1.4.17
2024-11-20 01:12:33,404 [INFO] ThirdParty:841 - exiting critical section [change project]
2024-11-20 01:12:33,512 [INFO] PinOutPanel:1561 - setPackage(No Configuration,No Configuration)
2024-11-20 01:12:33,512 [INFO] PinOutPanel:1561 - setPackage(STM32F401RETx,LQFP64)
2024-11-20 01:12:33,743 [INFO] UtilMem:75 - Before build in PCC Used Memory: 324011312 Bytes (870318080)
2024-11-20 01:12:34,000 [INFO] UtilMem:75 - After build in PCC Used Memory: 366480720 Bytes (870318080)
2024-11-20 01:12:34,020 [INFO] IPUIPlugin:80 - create IPUIPlugin
2024-11-20 01:12:34,020 [INFO] IPUIPlugin:80 - create IPUIPlugin
2024-11-20 01:12:34,020 [INFO] IPUIPlugin:80 - create IPUIPlugin
2024-11-20 01:12:34,021 [INFO] IPUIPlugin:80 - create IPUIPlugin
2024-11-20 01:12:34,021 [INFO] IPUIPlugin:80 - create IPUIPlugin
2024-11-20 01:12:34,021 [INFO] IPUIPlugin:80 - create IPUIPlugin
2024-11-20 01:12:34,021 [INFO] IPUIPlugin:80 - create IPUIPlugin
2024-11-20 01:12:34,021 [INFO] IPUIPlugin:80 - create IPUIPlugin
2024-11-20 01:12:34,021 [INFO] IPUIPlugin:80 - create IPUIPlugin
2024-11-20 01:12:34,021 [INFO] IPUIPlugin:80 - create IPUIPlugin
2024-11-20 01:12:34,021 [INFO] IPUIPlugin:80 - create IPUIPlugin
2024-11-20 01:12:34,022 [INFO] IPUIPlugin:80 - create IPUIPlugin
2024-11-20 01:12:34,022 [INFO] IPUIPlugin:80 - create IPUIPlugin
2024-11-20 01:12:34,022 [INFO] IPUIPlugin:80 - create IPUIPlugin
2024-11-20 01:12:34,022 [INFO] IPUIPlugin:80 - create IPUIPlugin
2024-11-20 01:12:34,023 [INFO] IPUIPlugin:80 - create IPUIPlugin
2024-11-20 01:12:34,023 [INFO] IPUIPlugin:80 - create IPUIPlugin
2024-11-20 01:12:34,023 [INFO] IPUIPlugin:80 - create IPUIPlugin
2024-11-20 01:12:34,023 [INFO] IPUIPlugin:80 - create IPUIPlugin
2024-11-20 01:12:34,024 [INFO] IPUIPlugin:80 - create IPUIPlugin
2024-11-20 01:12:34,024 [INFO] IPUIPlugin:80 - create IPUIPlugin
2024-11-20 01:12:34,024 [INFO] IPUIPlugin:80 - create IPUIPlugin
2024-11-20 01:12:34,025 [INFO] IPUIPlugin:80 - create IPUIPlugin
2024-11-20 01:12:34,025 [INFO] IPUIPlugin:80 - create IPUIPlugin
2024-11-20 01:12:34,025 [INFO] IPUIPlugin:80 - create IPUIPlugin
2024-11-20 01:12:34,025 [INFO] IPUIPlugin:80 - create IPUIPlugin
2024-11-20 01:12:34,026 [INFO] IPUIPlugin:80 - create IPUIPlugin
2024-11-20 01:12:34,026 [INFO] IPUIPlugin:80 - create IPUIPlugin
2024-11-20 01:12:34,026 [INFO] IPUIPlugin:80 - create IPUIPlugin
2024-11-20 01:12:34,027 [INFO] IPUIPlugin:80 - create IPUIPlugin
2024-11-20 01:12:34,027 [INFO] IPUIPlugin:80 - create IPUIPlugin
2024-11-20 01:12:34,027 [INFO] IPUIPlugin:80 - create IPUIPlugin
2024-11-20 01:12:34,028 [INFO] IPUIPlugin:80 - create IPUIPlugin
2024-11-20 01:12:34,028 [INFO] IPUIPlugin:80 - create IPUIPlugin
2024-11-20 01:12:34,029 [INFO] IPUIPlugin:80 - create IPUIPlugin
2024-11-20 01:12:34,029 [INFO] IPUIPlugin:80 - create IPUIPlugin
2024-11-20 01:12:34,029 [INFO] IPUIPlugin:80 - create IPUIPlugin
2024-11-20 01:12:34,030 [INFO] IPUIPlugin:80 - create IPUIPlugin
2024-11-20 01:12:34,032 [INFO] ApiDbMcu:508 - Load IP Config File for PDM2PCM
2024-11-20 01:12:34,073 [INFO] CADModel:165 - CPN selected for project levelSTM32F401RET6
2024-11-20 01:12:34,073 [INFO] CADModel:114 - Register for checkConnection events
2024-11-20 01:12:34,140 [INFO] OpenFileManager:363 - Restore cursor
2024-11-20 01:29:18,616 [INFO] WebApp:189 - Connection lost
2024-11-20 01:29:24,979 [INFO] WebApp:186 - Connection restablished
2024-11-20 01:35:29,670 [INFO] WebApp:189 - Connection lost
2024-11-20 01:35:29,812 [INFO] WebApp:186 - Connection restablished
2024-11-20 01:35:32,860 [INFO] WebApp:189 - Connection lost
2024-11-20 01:35:32,968 [INFO] WebApp:186 - Connection restablished
2024-11-20 01:50:32,991 [INFO] WebApp:189 - Connection lost
2024-11-20 01:50:33,118 [INFO] WebApp:186 - Connection restablished
2024-11-20 01:50:35,858 [INFO] WebApp:189 - Connection lost
2024-11-20 01:50:36,062 [INFO] WebApp:186 - Connection restablished
